2023-08-03 01:11:32,811 [INFO] Activator:176 - 


2023-08-03 01:11:32,815 [INFO] Activator:177 - !SESSION log4j initialized
2023-08-03 01:11:34,442 [INFO] LogOutputStream:77 - [STDOUT_REDIRECT] 
2023-08-03 01:11:39,903 [INFO] ApplicationProperties:184 - Using Application install path: C:\ST\STM32CubeIDE_1.13.1\STM32CubeIDE\plugins\com.st.stm32cube.common.mx_6.9.1.202307191849
2023-08-03 01:11:39,915 [INFO] DbMcusXml:78 - Set database path to: C:\ST\STM32CubeIDE_1.13.1\STM32CubeIDE\plugins\com.st.stm32cube.common.mx_6.9.1.202307191849\\db\/mcu/
2023-08-03 01:11:39,915 [INFO] ApiDb:274 - Set plugin database path to: C:\ST\STM32CubeIDE_1.13.1\STM32CubeIDE\plugins\com.st.stm32cube.common.mx_6.9.1.202307191849\\db\/plugins/boardmanager/
2023-08-03 01:11:39,915 [WARN] ApiDb:259 - Overriding images path with different value:  => C:\ST\STM32CubeIDE_1.13.1\STM32CubeIDE\plugins\com.st.stm32cube.common.mx_6.9.1.202307191849\\db\/plugins/mcufinder/images/
2023-08-03 01:11:39,922 [INFO] ApiDb:250 - Set database path to: C:\Users\Smon\.stmcufinder\plugins\mcufinder//mcu/
2023-08-03 01:11:39,922 [INFO] DbMcusAds:125 - Set database path to: C:\Users\Smon\.stmcufinder\plugins\mcufinder//mcu/
2023-08-03 01:11:39,923 [INFO] CrossReferenceDbSqlite:203 - Set database path to: C:\Users\Smon\.stmcufinder\plugins\mcufinder//mcu/cs/
2023-08-03 01:11:39,996 [INFO] RulesReader:64 - Compatibility file has been processed (293 Rules)
2023-08-03 01:11:40,053 [INFO] DbMcusXml:78 - Set database path to: C:\ST\STM32CubeIDE_1.13.1\STM32CubeIDE\plugins\com.st.stm32cube.common.mx_6.9.1.202307191849\\db\/mcu/
2023-08-03 01:11:40,053 [INFO] ApiDb:274 - Set plugin database path to: C:\ST\STM32CubeIDE_1.13.1\STM32CubeIDE\plugins\com.st.stm32cube.common.mx_6.9.1.202307191849\\db\/plugins/boardmanager/
2023-08-03 01:11:40,053 [INFO] ApiDb:261 - Set plugin images path to: C:\ST\STM32CubeIDE_1.13.1\STM32CubeIDE\plugins\com.st.stm32cube.common.mx_6.9.1.202307191849\\db\/plugins/mcufinder/images/
2023-08-03 01:11:40,053 [WARN] DbFile:41 - Overriding database path with different value: C:\Users\Smon\.stmcufinder\plugins\mcufinder/ => C:\Users\Smon\.stmcufinder\plugins\mcufinder
2023-08-03 01:11:40,053 [INFO] ApiDb:250 - Set database path to: C:\Users\Smon\.stmcufinder\plugins\mcufinder//mcu/
2023-08-03 01:11:40,053 [WARN] DbFile:41 - Overriding database path with different value: C:\Users\Smon\.stmcufinder\plugins\mcufinder/ => C:\Users\Smon\.stmcufinder\plugins\mcufinder
2023-08-03 01:11:40,053 [INFO] DbMcusAds:125 - Set database path to: C:\Users\Smon\.stmcufinder\plugins\mcufinder//mcu/
2023-08-03 01:11:40,053 [WARN] DbFile:41 - Overriding database path with different value: C:\Users\Smon\.stmcufinder\plugins\mcufinder/ => C:\Users\Smon\.stmcufinder\plugins\mcufinder
2023-08-03 01:11:40,053 [WARN] DbFile:41 - Overriding database path with different value: C:\Users\Smon\.stmcufinder\plugins\mcufinder/ => C:\Users\Smon\.stmcufinder\plugins\mcufinder
2023-08-03 01:11:40,054 [INFO] CrossReferenceDbSqlite:203 - Set database path to: C:\Users\Smon\.stmcufinder\plugins\mcufinder//mcu/cs/
2023-08-03 01:11:40,102 [INFO] MainPanel:262 - HeapMemory: 268435456
2023-08-03 01:11:40,168 [INFO] DbMcusXml:78 - Set database path to: C:\ST\STM32CubeIDE_1.13.1\STM32CubeIDE\plugins\com.st.stm32cube.common.mx_6.9.1.202307191849\\db\/mcu/
2023-08-03 01:11:40,168 [INFO] ApiDb:274 - Set plugin database path to: C:\ST\STM32CubeIDE_1.13.1\STM32CubeIDE\plugins\com.st.stm32cube.common.mx_6.9.1.202307191849\\db\/plugins/boardmanager/
2023-08-03 01:11:40,169 [INFO] ApiDb:261 - Set plugin images path to: C:\ST\STM32CubeIDE_1.13.1\STM32CubeIDE\plugins\com.st.stm32cube.common.mx_6.9.1.202307191849\\db\/plugins/mcufinder/images/
2023-08-03 01:11:40,169 [WARN] DbFile:41 - Overriding database path with different value: C:\Users\Smon\.stmcufinder\plugins\mcufinder/ => C:\Users\Smon\.stmcufinder\plugins\mcufinder
2023-08-03 01:11:40,169 [INFO] ApiDb:250 - Set database path to: C:\Users\Smon\.stmcufinder\plugins\mcufinder//mcu/
2023-08-03 01:11:40,169 [WARN] DbFile:41 - Overriding database path with different value: C:\Users\Smon\.stmcufinder\plugins\mcufinder/ => C:\Users\Smon\.stmcufinder\plugins\mcufinder
2023-08-03 01:11:40,169 [INFO] DbMcusAds:125 - Set database path to: C:\Users\Smon\.stmcufinder\plugins\mcufinder//mcu/
2023-08-03 01:11:40,169 [WARN] DbFile:41 - Overriding database path with different value: C:\Users\Smon\.stmcufinder\plugins\mcufinder/ => C:\Users\Smon\.stmcufinder\plugins\mcufinder
2023-08-03 01:11:40,169 [WARN] DbFile:41 - Overriding database path with different value: C:\Users\Smon\.stmcufinder\plugins\mcufinder/ => C:\Users\Smon\.stmcufinder\plugins\mcufinder
2023-08-03 01:11:40,169 [INFO] CrossReferenceDbSqlite:203 - Set database path to: C:\Users\Smon\.stmcufinder\plugins\mcufinder//mcu/cs/
2023-08-03 01:11:40,180 [INFO] ApplicationProperties:184 - Using Application install path: C:\ST\STM32CubeIDE_1.13.1\STM32CubeIDE\plugins\com.st.stm32cube.common.mx_6.9.1.202307191849
2023-08-03 01:11:40,181 [INFO] PluginManage:196 - Search for loadable plugins [exclusion list=, ]
2023-08-03 01:11:40,182 [INFO] PluginManage:310 - Check plugin analytics
2023-08-03 01:11:45,210 [INFO] AnalyticsPlugin:253 - Accepted Software Licenses: 
2023-08-03 01:11:45,210 [INFO] AnalyticsPlugin:255 - Accepted CMSIS Pack Licenses: 
2023-08-03 01:11:45,210 [INFO] AnalyticsPlugin:257 - Accepted Firmware Licenses: 
2023-08-03 01:11:45,212 [INFO] PluginManage:359 - Loaded plugin analytics (category:tool,tabindex:-1)
2023-08-03 01:11:45,212 [INFO] PluginManage:310 - Check plugin cadmodel
2023-08-03 01:11:45,215 [INFO] CADModel:105 - Init CAD model plugin
2023-08-03 01:11:45,215 [INFO] PluginManage:359 - Loaded plugin cadmodel (category:power,tabindex:5)
2023-08-03 01:11:45,216 [INFO] PluginManage:310 - Check plugin clock
2023-08-03 01:11:45,222 [INFO] PluginManage:359 - Loaded plugin clock (category:base,tabindex:2)
2023-08-03 01:11:45,222 [INFO] PluginManage:310 - Check plugin ddr
2023-08-03 01:11:45,223 [INFO] PluginManage:359 - Loaded plugin ddr (category:tool,tabindex:6)
2023-08-03 01:11:45,223 [INFO] PluginManage:310 - Check plugin filemanager
2023-08-03 01:11:45,314 [INFO] PluginManage:359 - Loaded plugin filemanager (category:base,tabindex:10)
2023-08-03 01:11:45,315 [INFO] PluginManage:310 - Check plugin ipmanager
2023-08-03 01:11:45,319 [INFO] PluginManage:359 - Loaded plugin ipmanager (category:base,tabindex:5)
2023-08-03 01:11:45,319 [INFO] PluginManage:310 - Check plugin lpbam
2023-08-03 01:11:45,325 [INFO] PluginManage:359 - Loaded plugin lpbam (category:base,tabindex:0)
2023-08-03 01:11:45,325 [INFO] PluginManage:310 - Check plugin memorymap
2023-08-03 01:11:45,334 [INFO] PluginManage:359 - Loaded plugin memorymap (category:base,tabindex:4)
2023-08-03 01:11:45,334 [INFO] PluginManage:310 - Check plugin pinoutandconfiguration
2023-08-03 01:11:45,339 [INFO] PluginManage:359 - Loaded plugin pinoutandconfiguration (category:base,tabindex:1)
2023-08-03 01:11:45,339 [INFO] PluginManage:310 - Check plugin pinoutconfig
2023-08-03 01:11:45,414 [WARN] SupportedApi:132 - Cannot load RTOS API schema: s4s-elt-must-match.1: The content of 'definitions' must match (annotation?, (simpleType | complexType)?, (unique | key | keyref)*)). A problem was found starting at: attribute.
2023-08-03 01:11:45,498 [INFO] PluginManage:359 - Loaded plugin pinoutconfig (category:base,tabindex:0)
2023-08-03 01:11:45,498 [INFO] PluginManage:310 - Check plugin power
2023-08-03 01:11:45,505 [INFO] PluginManage:359 - Loaded plugin power (category:power,tabindex:4)
2023-08-03 01:11:45,505 [INFO] PluginManage:310 - Check plugin projectmanager
2023-08-03 01:11:45,514 [INFO] PluginManage:359 - Loaded plugin projectmanager (category:projectmanager,tabindex:3)
2023-08-03 01:11:45,514 [INFO] PluginManage:310 - Check plugin thirdparty
2023-08-03 01:11:45,592 [WARN] IntegrityCheckThread:84 - waiting for thirdparty lock release [integrity check]
2023-08-03 01:11:45,592 [INFO] PluginManage:359 - Loaded plugin thirdparty (category:base,tabindex:-1)
2023-08-03 01:11:45,592 [INFO] IntegrityCheckThread:86 - entering critical section [integrity check]
2023-08-03 01:11:45,592 [INFO] PluginManage:310 - Check plugin tools
2023-08-03 01:11:45,593 [INFO] ThirdPartyUpdaterWithRetryManager:70 - Updater plugin not ready yet. [1/15]
2023-08-03 01:11:45,594 [INFO] PluginManage:359 - Loaded plugin tools (category:base,tabindex:7)
2023-08-03 01:11:45,594 [INFO] PluginManage:310 - Check plugin tutovideos
2023-08-03 01:11:45,707 [INFO] PluginManage:359 - Loaded plugin tutovideos (category:base,tabindex:-1)
2023-08-03 01:11:45,707 [INFO] PluginManage:310 - Check plugin updater
2023-08-03 01:11:45,714 [INFO] PluginManage:359 - Loaded plugin updater (category:base,tabindex:12)
2023-08-03 01:11:45,714 [INFO] PluginManage:310 - Check plugin userauth
2023-08-03 01:11:45,717 [INFO] UserAuth:113 - Init User Auth plugin
2023-08-03 01:11:45,717 [INFO] PluginManage:359 - Loaded plugin userauth (category:base,tabindex:14)
2023-08-03 01:11:45,718 [INFO] PluginManage:283 - PluginManage : Loaded plugins [17]
2023-08-03 01:11:45,853 [INFO] PinOutPanel:1499 - setPackage(No Configuration,No Configuration)
2023-08-03 01:11:45,915 [INFO] CADModel:165 - CPN selected for project level
2023-08-03 01:11:45,915 [INFO] CADModel:114 - Register for checkConnection events
2023-08-03 01:11:45,926 [INFO] IPUIPlugin:80 - create IPUIPlugin
2023-08-03 01:11:45,926 [INFO] PluginManager:220 - loadIPPluginJar : add adc
2023-08-03 01:11:45,927 [INFO] IPUIPlugin:80 - create IPUIPlugin
2023-08-03 01:11:45,927 [INFO] PluginManager:220 - loadIPPluginJar : add aes
2023-08-03 01:11:45,929 [INFO] IPUIPlugin:80 - create IPUIPlugin
2023-08-03 01:11:45,929 [INFO] PluginManager:220 - loadIPPluginJar : add can
2023-08-03 01:11:45,930 [INFO] IPUIPlugin:80 - create IPUIPlugin
2023-08-03 01:11:45,930 [INFO] PluginManager:220 - loadIPPluginJar : add comp
2023-08-03 01:11:45,931 [INFO] IPUIPlugin:80 - create IPUIPlugin
2023-08-03 01:11:45,931 [INFO] PluginManager:220 - loadIPPluginJar : add cryp
2023-08-03 01:11:45,932 [INFO] IPUIPlugin:80 - create IPUIPlugin
2023-08-03 01:11:45,932 [INFO] PluginManager:220 - loadIPPluginJar : add dfsdm
2023-08-03 01:11:45,936 [INFO] IPUIPlugin:80 - create IPUIPlugin
2023-08-03 01:11:45,936 [INFO] PluginManager:220 - loadIPPluginJar : add dma
2023-08-03 01:11:45,938 [INFO] IPUIPlugin:80 - create IPUIPlugin
2023-08-03 01:11:45,938 [INFO] PluginManager:220 - loadIPPluginJar : add dma3
2023-08-03 01:11:45,939 [INFO] IPUIPlugin:80 - create IPUIPlugin
2023-08-03 01:11:45,939 [INFO] PluginManager:220 - loadIPPluginJar : add fatfs
2023-08-03 01:11:45,941 [INFO] IPUIPlugin:80 - create IPUIPlugin
2023-08-03 01:11:45,941 [INFO] PluginManager:220 - loadIPPluginJar : add fmc
2023-08-03 01:11:45,945 [INFO] IPUIPlugin:80 - create IPUIPlugin
2023-08-03 01:11:45,945 [INFO] PluginManager:220 - loadIPPluginJar : add freertos
2023-08-03 01:11:45,946 [INFO] IPUIPlugin:80 - create IPUIPlugin
2023-08-03 01:11:45,946 [INFO] PluginManager:220 - loadIPPluginJar : add genericplugin
2023-08-03 01:11:45,947 [INFO] IPUIPlugin:80 - create IPUIPlugin
2023-08-03 01:11:45,947 [INFO] PluginManager:220 - loadIPPluginJar : add gfxmmu
2023-08-03 01:11:45,950 [INFO] IPUIPlugin:80 - create IPUIPlugin
2023-08-03 01:11:45,950 [INFO] PluginManager:220 - loadIPPluginJar : add gic
2023-08-03 01:11:45,952 [INFO] IPUIPlugin:80 - create IPUIPlugin
2023-08-03 01:11:45,952 [INFO] PluginManager:220 - loadIPPluginJar : add gpio
2023-08-03 01:11:45,953 [INFO] IPUIPlugin:80 - create IPUIPlugin
2023-08-03 01:11:45,954 [INFO] PluginManager:220 - loadIPPluginJar : add gtzc
2023-08-03 01:11:45,955 [INFO] IPUIPlugin:80 - create IPUIPlugin
2023-08-03 01:11:45,955 [INFO] PluginManager:220 - loadIPPluginJar : add hash
2023-08-03 01:11:45,956 [INFO] IPUIPlugin:80 - create IPUIPlugin
2023-08-03 01:11:45,957 [INFO] PluginManager:220 - loadIPPluginJar : add i2c
2023-08-03 01:11:45,958 [INFO] IPUIPlugin:80 - create IPUIPlugin
2023-08-03 01:11:45,958 [INFO] PluginManager:220 - loadIPPluginJar : add i2s
2023-08-03 01:11:45,959 [INFO] IPUIPlugin:80 - create IPUIPlugin
2023-08-03 01:11:45,959 [INFO] PluginManager:220 - loadIPPluginJar : add i3c
2023-08-03 01:11:45,961 [INFO] IPUIPlugin:80 - create IPUIPlugin
2023-08-03 01:11:45,961 [INFO] PluginManager:220 - loadIPPluginJar : add ipddr
2023-08-03 01:11:45,965 [INFO] IPUIPlugin:80 - create IPUIPlugin
2023-08-03 01:11:45,965 [INFO] PluginManager:220 - loadIPPluginJar : add linkedlist
2023-08-03 01:11:45,967 [INFO] IPUIPlugin:80 - create IPUIPlugin
2023-08-03 01:11:45,967 [INFO] PluginManager:220 - loadIPPluginJar : add lorawan
2023-08-03 01:11:45,968 [INFO] IPUIPlugin:80 - create IPUIPlugin
2023-08-03 01:11:45,968 [INFO] PluginManager:220 - loadIPPluginJar : add ltdc
2023-08-03 01:11:45,971 [INFO] IPUIPlugin:80 - create IPUIPlugin
2023-08-03 01:11:45,971 [INFO] PluginManager:220 - loadIPPluginJar : add mdma
2023-08-03 01:11:45,973 [INFO] IPUIPlugin:80 - create IPUIPlugin
2023-08-03 01:11:45,973 [INFO] PluginManager:220 - loadIPPluginJar : add nvic
2023-08-03 01:11:45,975 [INFO] IPUIPlugin:80 - create IPUIPlugin
2023-08-03 01:11:45,975 [INFO] PluginManager:220 - loadIPPluginJar : add opamp
2023-08-03 01:11:45,977 [INFO] IPUIPlugin:80 - create IPUIPlugin
2023-08-03 01:11:45,977 [INFO] PluginManager:220 - loadIPPluginJar : add openamp
2023-08-03 01:11:45,979 [INFO] IPUIPlugin:80 - create IPUIPlugin
2023-08-03 01:11:45,979 [INFO] PluginManager:220 - loadIPPluginJar : add pdm2pcm
2023-08-03 01:11:45,982 [INFO] IPUIPlugin:80 - create IPUIPlugin
2023-08-03 01:11:45,984 [INFO] PluginManager:220 - loadIPPluginJar : add plateformsettings
2023-08-03 01:11:45,985 [INFO] IPUIPlugin:80 - create IPUIPlugin
2023-08-03 01:11:45,985 [INFO] PluginManager:220 - loadIPPluginJar : add quadspi
2023-08-03 01:11:45,987 [INFO] IPUIPlugin:80 - create IPUIPlugin
2023-08-03 01:11:45,987 [INFO] PluginManager:220 - loadIPPluginJar : add resmgrutility
2023-08-03 01:11:45,989 [INFO] IPUIPlugin:80 - create IPUIPlugin
2023-08-03 01:11:45,989 [INFO] PluginManager:220 - loadIPPluginJar : add sai
2023-08-03 01:11:45,990 [INFO] IPUIPlugin:80 - create IPUIPlugin
2023-08-03 01:11:45,990 [INFO] PluginManager:220 - loadIPPluginJar : add spi
2023-08-03 01:11:45,993 [INFO] IPUIPlugin:80 - create IPUIPlugin
2023-08-03 01:11:45,993 [INFO] PluginManager:220 - loadIPPluginJar : add stm32_wpan
2023-08-03 01:11:45,994 [INFO] IPUIPlugin:80 - create IPUIPlugin
2023-08-03 01:11:45,994 [INFO] PluginManager:220 - loadIPPluginJar : add tim
2023-08-03 01:11:45,996 [INFO] IPUIPlugin:80 - create IPUIPlugin
2023-08-03 01:11:45,996 [INFO] PluginManager:220 - loadIPPluginJar : add touchsensing
2023-08-03 01:11:45,997 [INFO] IPUIPlugin:80 - create IPUIPlugin
2023-08-03 01:11:45,997 [INFO] PluginManager:220 - loadIPPluginJar : add tracer_emb
2023-08-03 01:11:45,998 [INFO] IPUIPlugin:80 - create IPUIPlugin
2023-08-03 01:11:45,998 [INFO] PluginManager:220 - loadIPPluginJar : add ts
2023-08-03 01:11:45,999 [INFO] IPUIPlugin:80 - create IPUIPlugin
2023-08-03 01:11:45,999 [INFO] PluginManager:220 - loadIPPluginJar : add tsc
2023-08-03 01:11:46,000 [INFO] IPUIPlugin:80 - create IPUIPlugin
2023-08-03 01:11:46,000 [INFO] PluginManager:220 - loadIPPluginJar : add ucpd
2023-08-03 01:11:46,002 [INFO] IPUIPlugin:80 - create IPUIPlugin
2023-08-03 01:11:46,002 [INFO] PluginManager:220 - loadIPPluginJar : add usart
2023-08-03 01:11:46,003 [INFO] IPUIPlugin:80 - create IPUIPlugin
2023-08-03 01:11:46,003 [INFO] PluginManager:220 - loadIPPluginJar : add usbx
2023-08-03 01:11:46,105 [INFO] CADModel:165 - CPN selected for project level
2023-08-03 01:11:46,105 [INFO] CADModel:114 - Register for checkConnection events
2023-08-03 01:11:46,105 [FATAL] Updater:308 - Updater called before beeing initialized
2023-08-03 01:11:46,106 [ERROR] CADModel:125 - Updater not yet initialized, retry later 
2023-08-03 01:11:46,194 [INFO] CADModel:165 - CPN selected for project level
2023-08-03 01:11:46,195 [INFO] CADModel:114 - Register for checkConnection events
2023-08-03 01:11:46,195 [FATAL] Updater:308 - Updater called before beeing initialized
2023-08-03 01:11:46,195 [ERROR] CADModel:125 - Updater not yet initialized, retry later 
2023-08-03 01:11:46,197 [FATAL] Updater:308 - Updater called before beeing initialized
2023-08-03 01:11:46,258 [FATAL] Updater:308 - Updater called before beeing initialized
2023-08-03 01:11:46,262 [INFO] DbMcusAds:53 - JSON generation date=Tue Mar 07 09:50:55 CET 2023 (1678179055114)
2023-08-03 01:11:46,262 [FATAL] Updater:308 - Updater called before beeing initialized
2023-08-03 01:11:46,289 [WARN] DetailPanel:346 - Failed to get advertising image, set to default
2023-08-03 01:11:46,360 [FATAL] Updater:308 - Updater called before beeing initialized
2023-08-03 01:11:46,362 [FATAL] Updater:308 - Updater called before beeing initialized
2023-08-03 01:11:46,362 [FATAL] Updater:308 - Updater called before beeing initialized
2023-08-03 01:11:46,362 [WARN] DetailPanel:346 - Failed to get advertising image, set to default
2023-08-03 01:11:46,363 [FATAL] Updater:308 - Updater called before beeing initialized
2023-08-03 01:11:46,392 [ERROR] Updater:1120 - MainUpdater not yet initialized. External WinMGr cannot be set.
2023-08-03 01:11:46,394 [INFO] Updater:1056 - Updater Version found : 6.9.1
2023-08-03 01:11:46,406 [INFO] ApplicationProperties:184 - Using Application install path: C:\ST\STM32CubeIDE_1.13.1\STM32CubeIDE\plugins\com.st.stm32cube.common.mx_6.9.1.202307191849
2023-08-03 01:11:46,510 [INFO] MainUpdater:2868 - connection check result : 10
2023-08-03 01:11:46,510 [INFO] MainUpdater:285 - Updater Check For Update Now.
2023-08-03 01:11:46,510 [INFO] MicroXplorer:498 - Change Database Version : DB.6.0.91
2023-08-03 01:11:46,515 [INFO] McuFinderGlobals:63 - Set McuFinder mode to 2 (CubeIDE integrated)
2023-08-03 01:11:46,515 [INFO] UserAuth:179 - activating auth plugin
2023-08-03 01:11:46,517 [INFO] UserAuth:393 - Internet connection configuration mode: 1
2023-08-03 01:11:46,528 [INFO] JxBrowserEngine:151 - Initiate JxBrowser Engine with user profile folder
2023-08-03 01:11:46,647 [INFO] CheckServerUpdateThread:120 - End of CheckServer Thread
2023-08-03 01:11:46,717 [INFO] MainUpdater:2868 - connection check result : 10
2023-08-03 01:11:46,725 [INFO] MainUpdater:2868 - connection check result : 10
2023-08-03 01:11:46,755 [INFO] MicroXplorer:468 - Change Database Path : 
2023-08-03 01:11:46,756 [INFO] MicroXplorer:498 - Change Database Version : DB.6.0.91
2023-08-03 01:11:46,758 [WARN] ThirdParty:871 - waiting for thirdparty lock release [close project]
2023-08-03 01:11:47,085 [INFO] WebApp:157 - Instantiating new browser for Auth
2023-08-03 01:11:47,460 [INFO] WebApp:753 - Register for checkConnection events
2023-08-03 01:11:47,460 [INFO] WebApp:390 - Apply proxy settings
2023-08-03 01:11:47,461 [INFO] WebApp:475 - Chromium requires no authentication
2023-08-03 01:11:47,466 [INFO] WebApp:418 - Direct internet connection detected
2023-08-03 01:11:47,572 [INFO] WebApp:188 - Starting web application
2023-08-03 01:11:47,572 [INFO] WebApp:520 - Web application path used C:\ST\STM32CubeIDE_1.13.1\STM32CubeIDE\plugins\com.st.stm32cube.common.mx_6.9.1.202307191849\db\plugins\mcufinder\reactClient1\index.html
2023-08-03 01:11:48,682 [WARN] PackLoader:240 - Cannot read IP mode file for STMicroelectronics.X-CUBE-SMBUS.2.1.0
2023-08-03 01:11:48,704 [WARN] PackLoader:240 - Cannot read IP mode file for STMicroelectronics.X-CUBE-AZRTOS-F7.1.1.0
2023-08-03 01:11:48,711 [WARN] PackLoader:240 - Cannot read IP mode file for STMicroelectronics.FP-SNS-MOTENV1.4.3.2
2023-08-03 01:11:48,717 [WARN] PackLoader:240 - Cannot read IP mode file for STMicroelectronics.X-CUBE-BLE1.6.2.4
2023-08-03 01:11:48,721 [WARN] PackLoader:240 - Cannot read IP mode file for STMicroelectronics.FP-SNS-FLIGHT1.5.0.2
2023-08-03 01:11:48,731 [WARN] PackLoader:240 - Cannot read IP mode file for STMicroelectronics.X-CUBE-DISPLAY.3.0.0
2023-08-03 01:11:48,739 [WARN] PackLoader:240 - Cannot read IP mode file for emotas.I-CUBE-CANOPEN.1.3.0
2023-08-03 01:11:48,742 [WARN] PackLoader:240 - Cannot read IP mode file for STMicroelectronics.X-CUBE-TOUCHGFX.4.22.0
2023-08-03 01:11:48,750 [INFO] LogOutputStream:77 - [STDOUT_REDIRECT] 1 : Invalid condition id : UX_CORESTACK_Condition cause : null
2023-08-03 01:11:48,750 [INFO] LogOutputStream:77 - [STDOUT_REDIRECT] 1 : Invalid condition id : UX_CORESTACK_Condition cause : null
2023-08-03 01:11:48,751 [INFO] LogOutputStream:77 - [STDOUT_REDIRECT] 1 : Invalid condition id : UX_CORESTACK_Condition cause : null
2023-08-03 01:11:48,752 [INFO] LogOutputStream:77 - [STDOUT_REDIRECT] 1 : Invalid condition id : UX_CORESTACK_Condition cause : null
2023-08-03 01:11:48,752 [INFO] LogOutputStream:77 - [STDOUT_REDIRECT] 1 : Invalid condition id : UX_CORESTACK_Condition cause : null
2023-08-03 01:11:48,755 [WARN] PackLoader:240 - Cannot read IP mode file for STMicroelectronics.X-CUBE-AZRTOS-WL.2.0.0
2023-08-03 01:11:48,772 [WARN] PackLoader:240 - Cannot read IP mode file for WES.I-CUBE-Cesium.1.3.0
2023-08-03 01:11:48,777 [WARN] PackLoader:240 - Cannot read IP mode file for STMicroelectronics.X-CUBE-BLE2.3.3.0
2023-08-03 01:11:48,790 [WARN] PackLoader:240 - Cannot read IP mode file for STMicroelectronics.X-CUBE-ALGOBUILD.1.3.0
2023-08-03 01:11:48,805 [WARN] PackLoader:240 - Cannot read IP mode file for STMicroelectronics.X-CUBE-AZRTOS-G0.1.1.0
2023-08-03 01:11:48,810 [WARN] PackLoader:240 - Cannot read IP mode file for STMicroelectronics.X-CUBE-NFC4.3.0.0
2023-08-03 01:11:48,813 [WARN] PackLoader:240 - Cannot read IP mode file for STMicroelectronics.FP-ATR-SIGFOX1.3.2.0
2023-08-03 01:11:48,831 [WARN] PackLoader:240 - Cannot read IP mode file for SEGGER.I-CUBE-embOS.1.3.1
2023-08-03 01:11:48,852 [WARN] PackLoader:240 - Cannot read IP mode file for STMicroelectronics.X-CUBE-GNSS1.6.0.0
2023-08-03 01:11:48,860 [WARN] PackLoader:240 - Cannot read IP mode file for STMicroelectronics.X-CUBE-AZRTOS-F4.1.1.0
2023-08-03 01:11:48,864 [WARN] PackLoader:240 - Cannot read IP mode file for wolfSSL.I-CUBE-wolfSSL.5.6.3
2023-08-03 01:11:48,891 [WARN] PackLoader:240 - Cannot read IP mode file for STMicroelectronics.X-CUBE-MEMS1.9.6.0
2023-08-03 01:11:48,969 [WARN] PackLoader:240 - Cannot read IP mode file for STMicroelectronics.X-CUBE-BLEMGR.2.0.0
2023-08-03 01:11:48,977 [WARN] ConditionMgr:438 - getConditionDescription Invalid condition id : UX DEVICE CLASS RTOS Condition cause : null
2023-08-03 01:11:48,978 [WARN] ConditionMgr:438 - getConditionDescription Invalid condition id : UX DEVICE CLASS RTOS Condition cause : null
2023-08-03 01:11:48,979 [WARN] PackLoader:240 - Cannot read IP mode file for STMicroelectronics.X-CUBE-AZRTOS-H7.3.1.0
2023-08-03 01:11:48,979 [WARN] ConditionMgr:1039 - genDependencies : Invalid condition id : UX DEVICE CLASS RTOS Condition cause : null
2023-08-03 01:11:48,979 [WARN] ConditionMgr:1039 - genDependencies : Invalid condition id : UX DEVICE CLASS RTOS Condition cause : null
2023-08-03 01:11:48,980 [WARN] ConditionMgr:1039 - genDependencies : Invalid condition id : UX DEVICE CLASS RTOS Condition cause : null
2023-08-03 01:11:48,980 [WARN] ConditionMgr:1039 - genDependencies : Invalid condition id : UX DEVICE CLASS RTOS Condition cause : null
2023-08-03 01:11:48,980 [WARN] ConditionMgr:1039 - genDependencies : Invalid condition id : UX DEVICE CLASS RTOS Condition cause : null
2023-08-03 01:11:48,983 [WARN] PackLoader:240 - Cannot read IP mode file for STMicroelectronics.X-CUBE-NFC7.1.0.1
2023-08-03 01:11:48,987 [WARN] PackLoader:240 - Cannot read IP mode file for STMicroelectronics.X-CUBE-EEPRMA1.4.1.0
2023-08-03 01:11:48,995 [WARN] ConditionMgr:438 - getConditionDescription Invalid condition id : LAN8742 Phy interface Condition cause : null
2023-08-03 01:11:48,995 [WARN] PackLoader:240 - Cannot read IP mode file for STMicroelectronics.X-CUBE-AZRTOS-L4.2.0.0
2023-08-03 01:11:48,995 [WARN] ConditionMgr:1039 - genDependencies : Invalid condition id : LAN8742 Phy interface Condition cause : null
2023-08-03 01:11:48,996 [WARN] ConditionMgr:1039 - genDependencies : Invalid condition id : LAN8742 Phy interface Condition cause : null
2023-08-03 01:11:48,996 [WARN] ConditionMgr:1039 - genDependencies : Invalid condition id : LAN8742 Phy interface Condition cause : null
2023-08-03 01:11:49,000 [WARN] PackLoader:240 - Cannot read IP mode file for STMicroelectronics.X-CUBE-SFXS2LP1.4.0.0
2023-08-03 01:11:49,003 [WARN] PackLoader:240 - Cannot read IP mode file for STMicroelectronics.X-CUBE-ISPU.1.1.0
2023-08-03 01:11:49,006 [WARN] PackLoader:240 - Cannot read IP mode file for STMicroelectronics.X-CUBE-FREERTOS.1.0.1
2023-08-03 01:11:49,017 [WARN] PackLoader:240 - Cannot read IP mode file for STMicroelectronics.X-CUBE-AZRTOS-L5.1.1.0
2023-08-03 01:11:49,020 [WARN] PackLoader:240 - Cannot read IP mode file for STMicroelectronics.X-CUBE-AI.8.0.1
2023-08-03 01:11:49,026 [WARN] PackLoader:240 - Cannot read IP mode file for STMicroelectronics.X-CUBE-SUBG2.5.0.0
2023-08-03 01:11:49,034 [WARN] PackLoader:240 - Cannot read IP mode file for STMicroelectronics.X-CUBE-TOF1.3.3.1
2023-08-03 01:11:49,045 [WARN] PackLoader:240 - Cannot read IP mode file for STMicroelectronics.X-CUBE-AZRTOS-G4.2.0.0
2023-08-03 01:11:49,048 [WARN] PackLoader:240 - Cannot read IP mode file for portGmbH.I-Cube-SoM-uGOAL.1.1.0
2023-08-03 01:11:49,051 [WARN] PackLoader:240 - Cannot read IP mode file for STMicroelectronics.X-CUBE-ALS.1.0.1
2023-08-03 01:11:49,057 [WARN] PackLoader:240 - Cannot read IP mode file for STMicroelectronics.X-CUBE-AZRTOS-WB.1.1.0
2023-08-03 01:11:49,060 [WARN] PackLoader:240 - Cannot read IP mode file for STMicroelectronics.FP-ATR-ASTRA1.2.0.0
2023-08-03 01:11:49,060 [INFO] ThirdParty:978 - Integrity check success = true
2023-08-03 01:11:49,060 [INFO] IntegrityCheckThread:100 - exiting critical section [integrity check]
2023-08-03 01:11:49,060 [INFO] IntegrityCheckThread:103 - End integrity checks thread
2023-08-03 01:11:49,060 [INFO] ThirdParty:873 - entering critical section [close project]
2023-08-03 01:11:49,061 [INFO] ThirdParty:883 - exiting critical section [close project]
2023-08-03 01:11:49,062 [INFO] PinOutPanel:1499 - setPackage(No Configuration,No Configuration)
2023-08-03 01:11:49,066 [INFO] UtilMem:75 - Begin LoadConfig() Used Memory: 158180912 Bytes (268435456)
2023-08-03 01:11:49,067 [INFO] MicroXplorer:468 - Change Database Path : 
2023-08-03 01:11:49,067 [INFO] MicroXplorer:498 - Change Database Version : DB.6.0.91
2023-08-03 01:11:49,067 [INFO] OpenFileManager:308 - Change cursor
2023-08-03 01:11:49,080 [INFO] Mcu:1946 - Initializing MCU STM32F405RGTx STM32F405RGTx STM32F405RGT6
2023-08-03 01:11:49,923 [INFO] Context:659 - Trying to add GPIOservice into a context  which must be forbidden
2023-08-03 01:11:50,280 [INFO] RtosManager:555 - Registered RTOS mode: class=CMSIS, group=RTOS, mode=CMSIS_V1, owner=FREERTOS
2023-08-03 01:11:50,280 [INFO] RtosManager:555 - Registered RTOS mode: class=CMSIS, group=RTOS2, mode=CMSIS_V2, owner=FREERTOS
2023-08-03 01:11:50,280 [INFO] RtosManager:555 - Registered RTOS mode: class=RTOS, group=Core, mode=CMSIS_V1, owner=FREERTOS
2023-08-03 01:11:50,280 [INFO] RtosManager:555 - Registered RTOS mode: class=RTOS, group=Core, mode=CMSIS_V2, owner=FREERTOS
2023-08-03 01:11:50,280 [WARN] ModelIntegratedComponent:184 - Missing modes for component STMicroelectronics:FreeRTOS:0.0.1:STMicroelectronics:RTOS:FreeRTOS:Core:::10.2.0:
2023-08-03 01:11:50,286 [WARN] ModelIntegratedComponent:63 - No mode defined for component null
2023-08-03 01:11:50,286 [WARN] ModelIntegratedComponent:63 - No mode defined for component null
2023-08-03 01:11:50,286 [WARN] ModelIntegratedComponent:63 - No mode defined for component null
2023-08-03 01:11:50,286 [WARN] ModelIntegratedComponent:63 - No mode defined for component null
2023-08-03 01:11:50,286 [WARN] ModelIntegratedComponent:63 - No mode defined for component null
2023-08-03 01:11:50,286 [WARN] ModelIntegratedComponent:63 - No mode defined for component null
2023-08-03 01:11:50,286 [WARN] ModelIntegratedComponent:63 - No mode defined for component null
2023-08-03 01:11:50,286 [WARN] ModelIntegratedComponent:63 - No mode defined for component null
2023-08-03 01:11:50,286 [WARN] ModelIntegratedComponent:63 - No mode defined for component null
2023-08-03 01:11:50,286 [WARN] ModelIntegratedComponent:63 - No mode defined for component null
2023-08-03 01:11:50,286 [WARN] ModelIntegratedComponent:63 - No mode defined for component null
2023-08-03 01:11:50,286 [WARN] ModelIntegratedComponent:63 - No mode defined for component null
2023-08-03 01:11:50,286 [WARN] ModelIntegratedComponent:63 - No mode defined for component null
2023-08-03 01:11:50,286 [WARN] ModelIntegratedComponent:63 - No mode defined for component null
2023-08-03 01:11:50,286 [WARN] ModelIntegratedComponent:63 - No mode defined for component null
2023-08-03 01:11:50,286 [WARN] ModelIntegratedComponent:63 - No mode defined for component null
2023-08-03 01:11:50,286 [WARN] ModelIntegratedComponent:63 - No mode defined for component null
2023-08-03 01:11:50,286 [WARN] ModelIntegratedComponent:63 - No mode defined for component null
2023-08-03 01:11:50,287 [WARN] ModelIntegratedComponent:63 - No mode defined for component null
2023-08-03 01:11:50,287 [WARN] ModelIntegratedComponent:63 - No mode defined for component null
2023-08-03 01:11:50,287 [WARN] ModelIntegratedComponent:63 - No mode defined for component null
2023-08-03 01:11:50,287 [WARN] ModelIntegratedComponent:63 - No mode defined for component null
2023-08-03 01:11:50,287 [WARN] ModelIntegratedComponent:63 - No mode defined for component null
2023-08-03 01:11:50,287 [WARN] ModelIntegratedComponent:63 - No mode defined for component null
2023-08-03 01:11:50,287 [WARN] ModelIntegratedComponent:63 - No mode defined for component null
2023-08-03 01:11:50,287 [WARN] ModelIntegratedComponent:63 - No mode defined for component null
2023-08-03 01:11:50,287 [WARN] ModelIntegratedComponent:63 - No mode defined for component null
2023-08-03 01:11:50,287 [WARN] ModelIntegratedComponent:63 - No mode defined for component null
2023-08-03 01:11:50,287 [WARN] ModelIntegratedComponent:63 - No mode defined for component null
2023-08-03 01:11:50,287 [WARN] ModelIntegratedComponent:63 - No mode defined for component null
2023-08-03 01:11:50,287 [WARN] ModelIntegratedComponent:63 - No mode defined for component null
2023-08-03 01:11:50,287 [WARN] ModelIntegratedComponent:63 - No mode defined for component null
2023-08-03 01:11:50,287 [WARN] ModelIntegratedComponent:63 - No mode defined for component null
2023-08-03 01:11:50,299 [INFO] ThirdPartyModel:298 - Start build external matchings
2023-08-03 01:11:50,440 [INFO] ThirdPartyModel:316 - End build external matchings
2023-08-03 01:11:50,448 [INFO] ImportTextPane:194 - (OptionalMessage_ERROR) IP (RCC) : Parameter (PLLSourceVirtual) has invalid value (RCC_PLLSOURCE_HSI)
2023-08-03 01:11:50,448 [INFO] ImportTextPane:194 - (OptionalMessage_ERROR) IP (RCC) : Parameter (RTCHSEDivFreq_Value) has invalid value (12000000)
2023-08-03 01:11:50,650 [INFO] UtilMem:75 - End LoadConfig() Used Memory: 129811896 Bytes (268435456)
2023-08-03 01:11:50,702 [INFO] ApiDb:581 - Connected to CubeFinder SQLite database (C:\Users\Smon\.stmcufinder\plugins\mcufinder\mcu\cube-finder-db.db)
2023-08-03 01:11:50,754 [INFO] ApiDb:668 - CubeFinder database Data Model version=2.1
2023-08-03 01:11:50,754 [INFO] ApiDb:669 - CubeFinder database Configuration version=3.0.37
2023-08-03 01:11:50,754 [INFO] ApiDb:670 - CubeFinder database generation date=2023-06-26 (1687786131)
2023-08-03 01:11:50,754 [INFO] ApiDb:671 - CubeFinder database FW Pack versions=[FP-ATR-ASTRA1_V2.0.0, FP-SNS-FLIGHT1_V5.0.1, FP-SNS-MOTENV1_V4.3.1, STM32Cube_FW_C0_V1.1.0, STM32Cube_FW_F4_V1.27.1, STM32Cube_FW_F7_V1.17.0, STM32Cube_FW_G0_V1.6.1, STM32Cube_FW_G4_V1.5.1, STM32Cube_FW_H5_V0.5.1, STM32Cube_FW_H5_V1.1.0, STM32Cube_FW_H7_V1.11.0, STM32Cube_FW_L0_V1.12.2, STM32Cube_FW_L5_V1.5.0, STM32Cube_FW_U5_V1.3.0, STM32Cube_FW_U5_V1.3.0RC4, STM32Cube_FW_WBA_V1.0.0RC1, STM32Cube_FW_WBA_V1.1.0, STM32Cube_FW_WBA_V1.1.0RC1, STM32Cube_FW_WB_V1.15.0RC1, STM32Cube_FW_WB_V1.16.0, STM32Cube_FW_WB_V1.16.0RC2, STM32Cube_FW_WB_V1.17.0, STM32Cube_FW_WL_V1.3.0, X-CUBE-ALGOBUILD_V1.3.0, X-CUBE-ALS_V1.0.1, X-CUBE-AZRTOS-F4_V1.1.0, X-CUBE-AZRTOS-F7_V1.1.0, X-CUBE-AZRTOS-G0_V1.1.0, X-CUBE-AZRTOS-G4_V2.0.0, X-CUBE-AZRTOS-H7_V3.1.0, X-CUBE-AZRTOS-L4_V1.0.0, X-CUBE-AZRTOS-L4_V2.0.0, X-CUBE-AZRTOS-L5_V1.1.0, X-CUBE-AZRTOS-WB_V1.1.0, X-CUBE-AZRTOS-WL_V2.0.0, X-CUBE-BLE1_V6.2.4, X-CUBE-BLE2_V3.3.0, X-CUBE-BLEMGR_V2.0.0, X-CUBE-EEPRMA1_V4.1.0, X-CUBE-FREERTOS_V1.0.1, X-CUBE-GNSS1_V6.0.0, X-CUBE-MEMS1_V9.1.0, X-CUBE-MEMS1_V9.4.0, X-CUBE-MEMS1_V9.6.0, X-CUBE-NFC4_V3.0.0, X-CUBE-NFC7_V1.0.0, X-CUBE-SFXS2LP1_V4.0.0, X-CUBE-SUBG2_V5.0.0]
2023-08-03 01:11:52,377 [INFO] ApiDb:240 - Found 323 in-development CPN: [B-G473E-ZEST1S, B-WB1M-WPAN1, B-WL5M-SUBG1, NUCLEO-C031C6, NUCLEO-H503RB, NUCLEO-H563ZI, NUCLEO-U545RE-Q, NUCLEO-U5A5ZJ-Q, NUCLEO-WBA52CG, STEVAL-PROTEUS1, STEVAL-SMARTAG2, STEVAL-STWINBX1, STM320518-EVAL, STM32C0116-DK, STM32C011D6Y3TR, STM32C011D6Y6TR, STM32C011F4P3, STM32C011F4P6, STM32C011F4U3, STM32C011F4U6TR, STM32C011F6P3, STM32C011F6P6, STM32C011F6U3, STM32C011F6U6TR, STM32C011J4M3, STM32C011J4M6, STM32C011J6M3, STM32C011J6M6, STM32C0316-DK, STM32C031C4T3, STM32C031C4T6, STM32C031C4U3, STM32C031C4U6, STM32C031C6T3, STM32C031C6T6, STM32C031C6U3, STM32C031C6U6, STM32C031F4P3, STM32C031F4P6, STM32C031F6P3, STM32C031F6P6, STM32C031G4U3, STM32C031G4U6, STM32C031G6U3, STM32C031G6U6, STM32C031K4T3, STM32C031K4T6, STM32C031K4U3, STM32C031K4U6, STM32C031K6T3, STM32C031K6T6, STM32C031K6U3, STM32C031K6U6, STM32G071K8TXN, STM32G071K8UXN, STM32G081GBU6N, STM32G081KBT6N, STM32G081KBUXN, STM32G0B1CCT6N, STM32G0B1KCT6, STM32G0B1NEY6TR, STM32G0B1RCT6N, STM32G0C1CCT6, STM32G0C1CCT6N, STM32G0C1CCU6N, STM32G0C1CET6N, STM32G0C1CEU6N, STM32G0C1KCT6, STM32G0C1NEY6TR, STM32G0C1RCI6N, STM32G0C1RCT6N, STM32G0C1REI6N, STM32G0C1RET6N, STM32G0C1VCI6, STM32G0C1VEI6, STM32G471CCT6, STM32G471CCU6, STM32G471CET3, STM32G471CET6, STM32G471CEU3, STM32G471CEU6, STM32G471MCT6, STM32G471MET3, STM32G471MET6, STM32G471MEY6TR, STM32G471QCT6, STM32G471QET3, STM32G471RCT6, STM32G471RET3, STM32G471RET6, STM32G471VCH6, STM32G471VCI6, STM32G471VCT6, STM32G471VEH3, STM32G471VEH6, STM32G471VEI3, STM32G471VEI6, STM32G471VET3, STM32G471VET6, STM32G474CCT6, STM32H503CBT6, STM32H503CBU6, STM32H503EBY6TR, STM32H503KBU6, STM32H503RBT6, STM32H562AGI6, STM32H562AII6, STM32H562IGK6, STM32H562IGT6, STM32H562IIK6, STM32H562IIT6, STM32H562RGT6, STM32H562RGV6, STM32H562RIT6, STM32H562RIV6, STM32H562VGT6, STM32H562VIT6, STM32H562ZGT6, STM32H562ZIT6, STM32H563AGI6, STM32H563AII3Q, STM32H563AII6, STM32H563IGK6, STM32H563IGT6, STM32H563IIK3Q, STM32H563IIK6, STM32H563IIT3Q, STM32H563IIT6, STM32H563MIY3QTR, STM32H563RGT6, STM32H563RGV6, STM32H563RIT6, STM32H563RIV6, STM32H563VGT6, STM32H563VIT3Q, STM32H563VIT6, STM32H563ZGT6, STM32H563ZIT3Q, STM32H563ZIT6, STM32H573AII3Q, STM32H573AII6, STM32H573I-DK, STM32H573IIK3Q, STM32H573IIK6, STM32H573IIT3Q, STM32H573IIT6, STM32H573MIY3QTR, STM32H573RIT6, STM32H573RIV6, STM32H573VIT3Q, STM32H573VIT6, STM32H573ZIT3Q, STM32H573ZIT6, STM32L4R5QGI6STR, STM32MP131AAE3, STM32MP131AAF3, STM32MP131AAG3, STM32MP131CAE3, STM32MP131CAF3, STM32MP131CAG3, STM32MP131DAE7, STM32MP131DAF7, STM32MP131DAG7, STM32MP131FAE7, STM32MP131FAF7, STM32MP131FAG7, STM32MP133AAE3, STM32MP133AAF3, STM32MP133AAG3, STM32MP133CAE3, STM32MP133CAF3, STM32MP133CAG3, STM32MP133DAE7, STM32MP133DAF7, STM32MP133DAG7, STM32MP133FAE7, STM32MP133FAF7, STM32MP133FAG7, STM32MP135AAE3, STM32MP135AAF3, STM32MP135AAG3, STM32MP135CAE3, STM32MP135CAF3, STM32MP135CAG3, STM32MP135DAE7, STM32MP135DAF7, STM32MP135DAG7, STM32MP135F-DK, STM32MP135FAE7, STM32MP135FAF7, STM32MP135FAF7T, STM32MP135FAF7U, STM32MP135FAG7, STM32U535CBT6, STM32U535CBT6Q, STM32U535CBU6, STM32U535CBU6Q, STM32U535CCT6, STM32U535CCT6Q, STM32U535CCU6, STM32U535CCU6Q, STM32U535CET6, STM32U535CET6Q, STM32U535CEU6, STM32U535CEU6Q, STM32U535JEY6QTR, STM32U535NCY6QTR, STM32U535NEY6QTR, STM32U535RBI6, STM32U535RBI6Q, STM32U535RBT6, STM32U535RBT6Q, STM32U535RCI6, STM32U535RCI6Q, STM32U535RCT6, STM32U535RCT6Q, STM32U535REI6, STM32U535REI6Q, STM32U535RET6, STM32U535RET6Q, STM32U535VCI6, STM32U535VCI6Q, STM32U535VCT6, STM32U535VCT6Q, STM32U535VEI6, STM32U535VEI6Q, STM32U535VET6, STM32U535VET6Q, STM32U545CET6, STM32U545CET6Q, STM32U545CEU6, STM32U545CEU6Q, STM32U545JEY6QTR, STM32U545NEY6QTR, STM32U545REI6, STM32U545REI6Q, STM32U545RET6, STM32U545RET6Q, STM32U545VEI6, STM32U545VEI6Q, STM32U545VET6, STM32U545VET6Q, STM32U595AIH6, STM32U595AIH6Q, STM32U595AJH6, STM32U595AJH6Q, STM32U595QII6, STM32U595QII6Q, STM32U595QJI6, STM32U595QJI6Q, STM32U595RIT6, STM32U595RIT6Q, STM32U595RJT6, STM32U595RJT6Q, STM32U595VIT6, STM32U595VIT6Q, STM32U595VJT6, STM32U595VJT6Q, STM32U595ZIT6, STM32U595ZIT6Q, STM32U595ZIY6QTR, STM32U595ZJT6, STM32U595ZJT6Q, STM32U595ZJY6QTR, STM32U599BJY6QTR, STM32U599NIH6Q, STM32U599NJH6Q, STM32U599VIT6Q, STM32U599VJT6, STM32U599VJT6Q, STM32U599ZIT6Q, STM32U599ZIY6QTR, STM32U599ZJT6Q, STM32U599ZJY6QTR, STM32U5A5AJH6, STM32U5A5AJH6Q, STM32U5A5QJI6, STM32U5A5QJI6Q, STM32U5A5RJT6, STM32U5A5RJT6Q, STM32U5A5VJT6, STM32U5A5VJT6Q, STM32U5A5ZJT6, STM32U5A5ZJT6Q, STM32U5A5ZJY6QTR, STM32U5A9BJY6QTR, STM32U5A9J-DK, STM32U5A9NJH6Q, STM32U5A9VJT6Q, STM32U5A9ZJT6Q, STM32U5A9ZJY6QTR, STM32U5F7VIT6, STM32U5F7VIT6Q, STM32U5F7VJT6, STM32U5F7VJT6Q, STM32U5F9BJY6QTR, STM32U5F9NJH6Q, STM32U5F9VIT6Q, STM32U5F9VJT6Q, STM32U5F9ZIJ6QTR, STM32U5F9ZIT6Q, STM32U5F9ZJJ6QTR, STM32U5F9ZJT6Q, STM32U5G7VJT6, STM32U5G7VJT6Q, STM32U5G9BJY6QTR, STM32U5G9J-DK1, STM32U5G9J-DK2, STM32U5G9NJH6Q, STM32U5G9VJT6Q, STM32U5G9ZJJ6QTR, STM32U5G9ZJT6Q, STM32WB1MMCH6, STM32WBA52CEU6, STM32WBA52CEU6T, STM32WBA52CGU6, STM32WBA52CGU6T, STM32WBA52KEU6, STM32WBA52KEU6T, STM32WBA52KGU6, STM32WBA52KGU6T, STM32WL5MOCH6, STM32WL5MOCH6TR]
2023-08-03 01:11:52,381 [INFO] DbMcus:217 - Found 3848 MCUs, 3848 are supported
2023-08-03 01:11:52,381 [INFO] ApiDb:423 - Load user favorites file C:\Users\Smon/.stm32cubeide/favorites.mcus.txt: 0 item(s)
2023-08-03 01:11:52,381 [INFO] ApiDb:427 - User favorites MCUs=[]
2023-08-03 01:11:52,381 [INFO] DbMcus:223 - Set 0 / 0 favorites MCUs
2023-08-03 01:11:52,585 [WARN] ThirdParty:833 - waiting for thirdparty lock release [change project]
2023-08-03 01:11:52,585 [INFO] ThirdParty:835 - entering critical section [change project]
2023-08-03 01:11:52,585 [INFO] ThirdParty:1030 - CMSIS Pack Vendor :STMicroelectronics X-CUBE-ISPU 1.1.0
2023-08-03 01:11:52,585 [INFO] ThirdParty:1030 - CMSIS Pack Vendor :STMicroelectronics USBPD 4.1
2023-08-03 01:11:52,585 [INFO] ThirdParty:1030 - CMSIS Pack Vendor :STMicroelectronics X-CUBE-GNSS1 6.0.0
2023-08-03 01:11:52,585 [INFO] ThirdParty:1030 - CMSIS Pack Vendor :STMicroelectronics USB_HOST 2.0.0
2023-08-03 01:11:52,585 [INFO] ThirdParty:1030 - CMSIS Pack Vendor :STMicroelectronics X-CUBE-AZRTOS-F4 1.1.0
2023-08-03 01:11:52,585 [INFO] ThirdParty:1030 - CMSIS Pack Vendor :STMicroelectronics LIBJPEG 8.0.0
2023-08-03 01:11:52,585 [INFO] ThirdParty:1030 - CMSIS Pack Vendor :wolfSSL I-CUBE-wolfSSL 5.6.3
2023-08-03 01:11:52,585 [INFO] ThirdParty:1030 - CMSIS Pack Vendor :STMicroelectronics X-CUBE-SMBUS 2.1.0
2023-08-03 01:11:52,585 [INFO] ThirdParty:1030 - CMSIS Pack Vendor :STMicroelectronics USB_DEVICE 3.0.0
2023-08-03 01:11:52,585 [INFO] ThirdParty:1030 - CMSIS Pack Vendor :STMicroelectronics X-CUBE-FREERTOS 1.0.1
2023-08-03 01:11:52,585 [INFO] ThirdParty:1030 - CMSIS Pack Vendor :STMicroelectronics X-CUBE-AZRTOS-F7 1.1.0
2023-08-03 01:11:52,585 [INFO] ThirdParty:1030 - CMSIS Pack Vendor :STMicroelectronics USB_DEVICE 2.0.0
2023-08-03 01:11:52,585 [INFO] ThirdParty:1030 - CMSIS Pack Vendor :STMicroelectronics X-CUBE-MEMS1 9.6.0
2023-08-03 01:11:52,586 [INFO] ThirdParty:1030 - CMSIS Pack Vendor :STMicroelectronics FP-SNS-MOTENV1 4.3.2
2023-08-03 01:11:52,586 [INFO] ThirdParty:1030 - CMSIS Pack Vendor :STMicroelectronics X-CUBE-ALGOBUILD 1.3.0
2023-08-03 01:11:52,586 [INFO] ThirdParty:1030 - CMSIS Pack Vendor :STMicroelectronics X-CUBE-BLE1 6.2.4
2023-08-03 01:11:52,586 [INFO] ThirdParty:1030 - CMSIS Pack Vendor :STMicroelectronics X-CUBE-AZRTOS-L5 1.1.0
2023-08-03 01:11:52,586 [INFO] ThirdParty:1030 - CMSIS Pack Vendor :STMicroelectronics FreeRTOS 0.0.1
2023-08-03 01:11:52,586 [INFO] ThirdParty:1030 - CMSIS Pack Vendor :STMicroelectronics X-CUBE-AZRTOS-G0 1.1.0
2023-08-03 01:11:52,586 [INFO] ThirdParty:1030 - CMSIS Pack Vendor :STMicroelectronics X-CUBE-BLEMGR 2.0.0
2023-08-03 01:11:52,586 [INFO] ThirdParty:1030 - CMSIS Pack Vendor :STMicroelectronics X-CUBE-AI 8.0.1
2023-08-03 01:11:52,586 [INFO] ThirdParty:1030 - CMSIS Pack Vendor :STMicroelectronics X-CUBE-NFC4 3.0.0
2023-08-03 01:11:52,586 [INFO] ThirdParty:1030 - CMSIS Pack Vendor :STMicroelectronics X-CUBE-SUBG2 5.0.0
2023-08-03 01:11:52,586 [INFO] ThirdParty:1030 - CMSIS Pack Vendor :STMicroelectronics STM32_WPAN 1.0.0
2023-08-03 01:11:52,586 [INFO] ThirdParty:1030 - CMSIS Pack Vendor :STMicroelectronics lwIP 2.0.3
2023-08-03 01:11:52,586 [INFO] ThirdParty:1030 - CMSIS Pack Vendor :STMicroelectronics FP-SNS-FLIGHT1 5.0.2
2023-08-03 01:11:52,586 [INFO] ThirdParty:1030 - CMSIS Pack Vendor :STMicroelectronics USB_HOST 1.0.0
2023-08-03 01:11:52,586 [INFO] ThirdParty:1030 - CMSIS Pack Vendor :STMicroelectronics X-CUBE-TOF1 3.3.1
2023-08-03 01:11:52,586 [INFO] ThirdParty:1030 - CMSIS Pack Vendor :STMicroelectronics X-CUBE-AZRTOS-G4 2.0.0
2023-08-03 01:11:52,586 [INFO] ThirdParty:1030 - CMSIS Pack Vendor :STMicroelectronics PDM2PCM 3.1.0
2023-08-03 01:11:52,586 [INFO] ThirdParty:1030 - CMSIS Pack Vendor :STMicroelectronics X-CUBE-AZRTOS-H7 3.1.0
2023-08-03 01:11:52,586 [INFO] ThirdParty:1030 - CMSIS Pack Vendor :STMicroelectronics PDM2PCM 3.3.0
2023-08-03 01:11:52,586 [INFO] ThirdParty:1030 - CMSIS Pack Vendor :STMicroelectronics X-CUBE-DISPLAY 3.0.0
2023-08-03 01:11:52,586 [INFO] ThirdParty:1030 - CMSIS Pack Vendor :STMicroelectronics FP-ATR-SIGFOX1 3.2.0
2023-08-03 01:11:52,586 [INFO] ThirdParty:1030 - CMSIS Pack Vendor :STMicroelectronics HAL Drivers 0.0.0
2023-08-03 01:11:52,586 [INFO] ThirdParty:1030 - CMSIS Pack Vendor :STMicroelectronics MBEDTLS 2.16.2
2023-08-03 01:11:52,586 [INFO] ThirdParty:1030 - CMSIS Pack Vendor :emotas I-CUBE-CANOPEN 1.3.0
2023-08-03 01:11:52,586 [INFO] ThirdParty:1030 - CMSIS Pack Vendor :STMicroelectronics X-CUBE-TOUCHGFX 4.22.0
2023-08-03 01:11:52,586 [INFO] ThirdParty:1030 - CMSIS Pack Vendor :STMicroelectronics X-CUBE-NFC7 1.0.1
2023-08-03 01:11:52,586 [INFO] ThirdParty:1030 - CMSIS Pack Vendor :STMicroelectronics MBEDTLS 2.14.1
2023-08-03 01:11:52,586 [INFO] ThirdParty:1030 - CMSIS Pack Vendor :STMicroelectronics X-CUBE-EEPRMA1 4.1.0
2023-08-03 01:11:52,586 [INFO] ThirdParty:1030 - CMSIS Pack Vendor :portGmbH I-Cube-SoM-uGOAL 1.1.0
2023-08-03 01:11:52,586 [INFO] ThirdParty:1030 - CMSIS Pack Vendor :STMicroelectronics X-CUBE-ALS 1.0.1
2023-08-03 01:11:52,586 [INFO] ThirdParty:1030 - CMSIS Pack Vendor :STMicroelectronics ThreadX 1.0.0
2023-08-03 01:11:52,586 [INFO] ThirdParty:1030 - CMSIS Pack Vendor :STMicroelectronics X-CUBE-AZRTOS-WB 1.1.0
2023-08-03 01:11:52,586 [INFO] ThirdParty:1030 - CMSIS Pack Vendor :STMicroelectronics X-CUBE-AZRTOS-WL 2.0.0
2023-08-03 01:11:52,586 [INFO] ThirdParty:1030 - CMSIS Pack Vendor :SEGGER I-CUBE-embOS 1.3.1
2023-08-03 01:11:52,587 [INFO] ThirdParty:1030 - CMSIS Pack Vendor :STMicroelectronics USB_DEVICE 1.0.0
2023-08-03 01:11:52,587 [INFO] ThirdParty:1030 - CMSIS Pack Vendor :STMicroelectronics X-CUBE-AZRTOS-L4 2.0.0
2023-08-03 01:11:52,587 [INFO] ThirdParty:1030 - CMSIS Pack Vendor :STMicroelectronics ThreadX 0.0.2
2023-08-03 01:11:52,587 [INFO] ThirdParty:1030 - CMSIS Pack Vendor :WES I-CUBE-Cesium 1.3.0
2023-08-03 01:11:52,587 [INFO] ThirdParty:1030 - CMSIS Pack Vendor :STMicroelectronics FP-ATR-ASTRA1 2.0.0
2023-08-03 01:11:52,587 [INFO] ThirdParty:1030 - CMSIS Pack Vendor :STMicroelectronics lwIP 2.1.2
2023-08-03 01:11:52,587 [INFO] ThirdParty:1030 - CMSIS Pack Vendor :STMicroelectronics X-CUBE-SFXS2LP1 4.0.0
2023-08-03 01:11:52,587 [INFO] ThirdParty:1030 - CMSIS Pack Vendor :STMicroelectronics X-CUBE-BLE2 3.3.0
2023-08-03 01:11:52,587 [INFO] ThirdParty:1030 - CMSIS Pack Vendor :STMicroelectronics PDM2PCM 3.2.0
2023-08-03 01:11:52,587 [INFO] ThirdParty:841 - exiting critical section [change project]
2023-08-03 01:11:52,803 [INFO] PinOutPanel:1499 - setPackage(No Configuration,No Configuration)
2023-08-03 01:11:52,803 [INFO] PinOutPanel:1499 - setPackage(STM32F405RGTx,LQFP64)
2023-08-03 01:11:53,093 [INFO] UtilMem:75 - Before build in PCC Used Memory: 164156880 Bytes (283115520)
2023-08-03 01:11:53,641 [INFO] UtilMem:75 - After build in PCC Used Memory: 232781232 Bytes (283115520)
2023-08-03 01:11:53,662 [INFO] IPUIPlugin:80 - create IPUIPlugin
2023-08-03 01:11:53,663 [INFO] IPUIPlugin:80 - create IPUIPlugin
2023-08-03 01:11:53,663 [INFO] IPUIPlugin:80 - create IPUIPlugin
2023-08-03 01:11:53,663 [INFO] IPUIPlugin:80 - create IPUIPlugin
2023-08-03 01:11:53,663 [INFO] IPUIPlugin:80 - create IPUIPlugin
2023-08-03 01:11:53,663 [INFO] IPUIPlugin:80 - create IPUIPlugin
2023-08-03 01:11:53,663 [INFO] IPUIPlugin:80 - create IPUIPlugin
2023-08-03 01:11:53,663 [INFO] IPUIPlugin:80 - create IPUIPlugin
2023-08-03 01:11:53,663 [INFO] IPUIPlugin:80 - create IPUIPlugin
2023-08-03 01:11:53,663 [INFO] IPUIPlugin:80 - create IPUIPlugin
2023-08-03 01:11:53,663 [INFO] IPUIPlugin:80 - create IPUIPlugin
2023-08-03 01:11:53,663 [INFO] IPUIPlugin:80 - create IPUIPlugin
2023-08-03 01:11:53,663 [INFO] IPUIPlugin:80 - create IPUIPlugin
2023-08-03 01:11:53,663 [INFO] IPUIPlugin:80 - create IPUIPlugin
2023-08-03 01:11:53,663 [INFO] IPUIPlugin:80 - create IPUIPlugin
2023-08-03 01:11:53,663 [INFO] IPUIPlugin:80 - create IPUIPlugin
2023-08-03 01:11:53,664 [INFO] IPUIPlugin:80 - create IPUIPlugin
2023-08-03 01:11:53,664 [INFO] IPUIPlugin:80 - create IPUIPlugin
2023-08-03 01:11:53,664 [INFO] IPUIPlugin:80 - create IPUIPlugin
2023-08-03 01:11:53,664 [INFO] IPUIPlugin:80 - create IPUIPlugin
2023-08-03 01:11:53,664 [INFO] IPUIPlugin:80 - create IPUIPlugin
2023-08-03 01:11:53,664 [INFO] IPUIPlugin:80 - create IPUIPlugin
2023-08-03 01:11:53,664 [INFO] IPUIPlugin:80 - create IPUIPlugin
2023-08-03 01:11:53,664 [INFO] IPUIPlugin:80 - create IPUIPlugin
2023-08-03 01:11:53,664 [INFO] IPUIPlugin:80 - create IPUIPlugin
2023-08-03 01:11:53,665 [INFO] IPUIPlugin:80 - create IPUIPlugin
2023-08-03 01:11:53,665 [INFO] IPUIPlugin:80 - create IPUIPlugin
2023-08-03 01:11:53,665 [INFO] IPUIPlugin:80 - create IPUIPlugin
2023-08-03 01:11:53,665 [INFO] IPUIPlugin:80 - create IPUIPlugin
2023-08-03 01:11:53,665 [INFO] IPUIPlugin:80 - create IPUIPlugin
2023-08-03 01:11:53,665 [INFO] IPUIPlugin:80 - create IPUIPlugin
2023-08-03 01:11:53,665 [INFO] IPUIPlugin:80 - create IPUIPlugin
2023-08-03 01:11:53,665 [INFO] IPUIPlugin:80 - create IPUIPlugin
2023-08-03 01:11:53,665 [INFO] IPUIPlugin:80 - create IPUIPlugin
2023-08-03 01:11:53,666 [INFO] IPUIPlugin:80 - create IPUIPlugin
2023-08-03 01:11:53,666 [INFO] IPUIPlugin:80 - create IPUIPlugin
2023-08-03 01:11:53,666 [INFO] IPUIPlugin:80 - create IPUIPlugin
2023-08-03 01:11:53,666 [INFO] IPUIPlugin:80 - create IPUIPlugin
2023-08-03 01:11:53,666 [INFO] IPUIPlugin:80 - create IPUIPlugin
2023-08-03 01:11:53,666 [INFO] IPUIPlugin:80 - create IPUIPlugin
2023-08-03 01:11:53,666 [INFO] IPUIPlugin:80 - create IPUIPlugin
2023-08-03 01:11:53,667 [INFO] IPUIPlugin:80 - create IPUIPlugin
2023-08-03 01:11:53,667 [INFO] IPUIPlugin:80 - create IPUIPlugin
2023-08-03 01:11:53,667 [INFO] IPUIPlugin:80 - create IPUIPlugin
2023-08-03 01:11:53,667 [INFO] IPUIPlugin:80 - create IPUIPlugin
2023-08-03 01:11:53,667 [INFO] IPUIPlugin:80 - create IPUIPlugin
2023-08-03 01:11:53,667 [INFO] IPUIPlugin:80 - create IPUIPlugin
2023-08-03 01:11:53,667 [INFO] IPUIPlugin:80 - create IPUIPlugin
2023-08-03 01:11:53,668 [INFO] IPUIPlugin:80 - create IPUIPlugin
2023-08-03 01:11:53,668 [INFO] IPUIPlugin:80 - create IPUIPlugin
2023-08-03 01:11:53,668 [INFO] IPUIPlugin:80 - create IPUIPlugin
2023-08-03 01:11:53,668 [INFO] IPUIPlugin:80 - create IPUIPlugin
2023-08-03 01:11:53,668 [INFO] IPUIPlugin:80 - create IPUIPlugin
2023-08-03 01:11:53,669 [INFO] IPUIPlugin:80 - create IPUIPlugin
2023-08-03 01:11:53,743 [INFO] ApiDbMcu:507 - Load IP Config File for PDM2PCM
2023-08-03 01:11:53,756 [INFO] Can:71 - Can Add PropertyChangeListener com.st.microxplorer.plugins.ip.can.Can@67848a6c
2023-08-03 01:11:53,757 [WARN] IP:2114 - I2C_Coeff_DF not found: check if there is a RefParameter without a condition.
2023-08-03 01:11:53,757 [WARN] IP:2114 - Analog_Filter not found: check if there is a RefParameter without a condition.
2023-08-03 01:11:53,892 [INFO] CADModel:165 - CPN selected for project levelSTM32F405RGT6
2023-08-03 01:11:53,892 [INFO] CADModel:114 - Register for checkConnection events
2023-08-03 01:11:53,940 [INFO] OpenFileManager:328 - Restore cursor
2023-08-03 01:11:54,031 [WARN] IP:2114 - I2C_Coeff_DF not found: check if there is a RefParameter without a condition.
2023-08-03 01:11:54,031 [WARN] IP:2114 - Analog_Filter not found: check if there is a RefParameter without a condition.
2023-08-03 01:11:54,032 [WARN] IP:2114 - I2C_Coeff_DF not found: check if there is a RefParameter without a condition.
2023-08-03 01:11:54,032 [WARN] IP:2114 - Analog_Filter not found: check if there is a RefParameter without a condition.
2023-08-03 01:12:07,934 [ERROR] LogOutputStream:75 - [STDERR_REDIRECT] SLF4J: Failed to load class "org.slf4j.impl.StaticLoggerBinder".
2023-08-03 01:12:07,935 [ERROR] LogOutputStream:75 - [STDERR_REDIRECT] SLF4J: Defaulting to no-operation (NOP) logger implementation
2023-08-03 01:12:07,936 [ERROR] LogOutputStream:75 - [STDERR_REDIRECT] SLF4J: See http://www.slf4j.org/codes.html#StaticLoggerBinder for further details.
2023-08-03 04:56:50,186 [WARN] IP:2114 - I2C_Coeff_DF not found: check if there is a RefParameter without a condition.
2023-08-03 04:56:50,186 [WARN] IP:2114 - Analog_Filter not found: check if there is a RefParameter without a condition.
2023-08-03 04:56:50,197 [WARN] IP:2114 - I2C_Coeff_DF not found: check if there is a RefParameter without a condition.
2023-08-03 04:56:50,197 [WARN] IP:2114 - Analog_Filter not found: check if there is a RefParameter without a condition.
2023-08-03 04:56:50,198 [WARN] IP:2114 - I2C_Coeff_DF not found: check if there is a RefParameter without a condition.
2023-08-03 04:56:50,198 [WARN] IP:2114 - Analog_Filter not found: check if there is a RefParameter without a condition.
2023-08-03 04:56:50,285 [WARN] IP:2114 - I2C_Coeff_DF not found: check if there is a RefParameter without a condition.
2023-08-03 04:56:50,285 [WARN] IP:2114 - Analog_Filter not found: check if there is a RefParameter without a condition.
2023-08-03 04:56:50,286 [WARN] IP:2114 - I2C_Coeff_DF not found: check if there is a RefParameter without a condition.
2023-08-03 04:56:50,286 [WARN] IP:2114 - Analog_Filter not found: check if there is a RefParameter without a condition.
2023-08-03 04:57:06,792 [WARN] IP:2114 - I2C_Coeff_DF not found: check if there is a RefParameter without a condition.
2023-08-03 04:57:06,792 [WARN] IP:2114 - Analog_Filter not found: check if there is a RefParameter without a condition.
2023-08-03 04:57:06,801 [WARN] IP:2114 - I2C_Coeff_DF not found: check if there is a RefParameter without a condition.
2023-08-03 04:57:06,801 [WARN] IP:2114 - Analog_Filter not found: check if there is a RefParameter without a condition.
2023-08-03 04:57:06,801 [WARN] IP:2114 - I2C_Coeff_DF not found: check if there is a RefParameter without a condition.
2023-08-03 04:57:06,801 [WARN] IP:2114 - Analog_Filter not found: check if there is a RefParameter without a condition.
2023-08-03 04:57:06,842 [WARN] IP:2114 - I2C_Coeff_DF not found: check if there is a RefParameter without a condition.
2023-08-03 04:57:06,842 [WARN] IP:2114 - Analog_Filter not found: check if there is a RefParameter without a condition.
2023-08-03 04:57:06,843 [WARN] IP:2114 - I2C_Coeff_DF not found: check if there is a RefParameter without a condition.
2023-08-03 04:57:06,843 [WARN] IP:2114 - Analog_Filter not found: check if there is a RefParameter without a condition.
2023-08-03 04:58:54,369 [WARN] IP:2114 - I2C_Coeff_DF not found: check if there is a RefParameter without a condition.
2023-08-03 04:58:54,369 [WARN] IP:2114 - Analog_Filter not found: check if there is a RefParameter without a condition.
2023-08-03 04:58:54,406 [WARN] IP:2114 - I2C_Coeff_DF not found: check if there is a RefParameter without a condition.
2023-08-03 04:58:54,406 [WARN] IP:2114 - Analog_Filter not found: check if there is a RefParameter without a condition.
2023-08-03 04:58:54,406 [WARN] IP:2114 - I2C_Coeff_DF not found: check if there is a RefParameter without a condition.
2023-08-03 04:58:54,406 [WARN] IP:2114 - Analog_Filter not found: check if there is a RefParameter without a condition.
2023-08-03 04:58:54,407 [WARN] IP:2114 - I2C_Coeff_DF not found: check if there is a RefParameter without a condition.
2023-08-03 04:58:54,407 [WARN] IP:2114 - Analog_Filter not found: check if there is a RefParameter without a condition.
2023-08-03 04:58:54,408 [WARN] IP:2114 - I2C_Coeff_DF not found: check if there is a RefParameter without a condition.
2023-08-03 04:58:54,408 [WARN] IP:2114 - Analog_Filter not found: check if there is a RefParameter without a condition.
2023-08-03 04:58:54,420 [WARN] IP:2114 - I2C_Coeff_DF not found: check if there is a RefParameter without a condition.
2023-08-03 04:58:54,420 [WARN] IP:2114 - Analog_Filter not found: check if there is a RefParameter without a condition.
2023-08-03 04:58:54,421 [WARN] IP:2114 - I2C_Coeff_DF not found: check if there is a RefParameter without a condition.
2023-08-03 04:58:54,421 [WARN] IP:2114 - Analog_Filter not found: check if there is a RefParameter without a condition.
2023-08-03 04:58:54,433 [WARN] IP:2114 - I2C_Coeff_DF not found: check if there is a RefParameter without a condition.
2023-08-03 04:58:54,433 [WARN] IP:2114 - Analog_Filter not found: check if there is a RefParameter without a condition.
2023-08-03 04:58:54,434 [WARN] IP:2114 - I2C_Coeff_DF not found: check if there is a RefParameter without a condition.
2023-08-03 04:58:54,434 [WARN] IP:2114 - Analog_Filter not found: check if there is a RefParameter without a condition.
2023-08-03 04:59:03,369 [WARN] IP:2114 - I2C_Coeff_DF not found: check if there is a RefParameter without a condition.
2023-08-03 04:59:03,369 [WARN] IP:2114 - Analog_Filter not found: check if there is a RefParameter without a condition.
2023-08-03 04:59:03,407 [WARN] IP:2114 - I2C_Coeff_DF not found: check if there is a RefParameter without a condition.
2023-08-03 04:59:03,407 [WARN] IP:2114 - Analog_Filter not found: check if there is a RefParameter without a condition.
2023-08-03 04:59:03,407 [WARN] IP:2114 - I2C_Coeff_DF not found: check if there is a RefParameter without a condition.
2023-08-03 04:59:03,407 [WARN] IP:2114 - Analog_Filter not found: check if there is a RefParameter without a condition.
2023-08-03 04:59:03,408 [WARN] IP:2114 - I2C_Coeff_DF not found: check if there is a RefParameter without a condition.
2023-08-03 04:59:03,408 [WARN] IP:2114 - Analog_Filter not found: check if there is a RefParameter without a condition.
2023-08-03 04:59:03,408 [WARN] IP:2114 - I2C_Coeff_DF not found: check if there is a RefParameter without a condition.
2023-08-03 04:59:03,408 [WARN] IP:2114 - Analog_Filter not found: check if there is a RefParameter without a condition.
2023-08-03 04:59:03,420 [WARN] IP:2114 - I2C_Coeff_DF not found: check if there is a RefParameter without a condition.
2023-08-03 04:59:03,421 [WARN] IP:2114 - Analog_Filter not found: check if there is a RefParameter without a condition.
2023-08-03 04:59:03,421 [WARN] IP:2114 - I2C_Coeff_DF not found: check if there is a RefParameter without a condition.
2023-08-03 04:59:03,421 [WARN] IP:2114 - Analog_Filter not found: check if there is a RefParameter without a condition.
2023-08-03 04:59:03,432 [WARN] IP:2114 - I2C_Coeff_DF not found: check if there is a RefParameter without a condition.
2023-08-03 04:59:03,432 [WARN] IP:2114 - Analog_Filter not found: check if there is a RefParameter without a condition.
2023-08-03 04:59:03,433 [WARN] IP:2114 - I2C_Coeff_DF not found: check if there is a RefParameter without a condition.
2023-08-03 04:59:03,433 [WARN] IP:2114 - Analog_Filter not found: check if there is a RefParameter without a condition.
2023-08-03 04:59:07,860 [WARN] IP:2114 - I2C_Coeff_DF not found: check if there is a RefParameter without a condition.
2023-08-03 04:59:07,860 [WARN] IP:2114 - Analog_Filter not found: check if there is a RefParameter without a condition.
2023-08-03 04:59:07,894 [WARN] IP:2114 - I2C_Coeff_DF not found: check if there is a RefParameter without a condition.
2023-08-03 04:59:07,894 [WARN] IP:2114 - Analog_Filter not found: check if there is a RefParameter without a condition.
2023-08-03 04:59:07,895 [WARN] IP:2114 - I2C_Coeff_DF not found: check if there is a RefParameter without a condition.
2023-08-03 04:59:07,895 [WARN] IP:2114 - Analog_Filter not found: check if there is a RefParameter without a condition.
2023-08-03 04:59:07,896 [WARN] IP:2114 - I2C_Coeff_DF not found: check if there is a RefParameter without a condition.
2023-08-03 04:59:07,896 [WARN] IP:2114 - Analog_Filter not found: check if there is a RefParameter without a condition.
2023-08-03 04:59:07,896 [WARN] IP:2114 - I2C_Coeff_DF not found: check if there is a RefParameter without a condition.
2023-08-03 04:59:07,896 [WARN] IP:2114 - Analog_Filter not found: check if there is a RefParameter without a condition.
2023-08-03 04:59:07,907 [WARN] IP:2114 - I2C_Coeff_DF not found: check if there is a RefParameter without a condition.
2023-08-03 04:59:07,907 [WARN] IP:2114 - Analog_Filter not found: check if there is a RefParameter without a condition.
2023-08-03 04:59:07,908 [WARN] IP:2114 - I2C_Coeff_DF not found: check if there is a RefParameter without a condition.
2023-08-03 04:59:07,908 [WARN] IP:2114 - Analog_Filter not found: check if there is a RefParameter without a condition.
2023-08-03 04:59:07,919 [WARN] IP:2114 - I2C_Coeff_DF not found: check if there is a RefParameter without a condition.
2023-08-03 04:59:07,919 [WARN] IP:2114 - Analog_Filter not found: check if there is a RefParameter without a condition.
2023-08-03 04:59:07,919 [WARN] IP:2114 - I2C_Coeff_DF not found: check if there is a RefParameter without a condition.
2023-08-03 04:59:07,919 [WARN] IP:2114 - Analog_Filter not found: check if there is a RefParameter without a condition.
2023-08-03 04:59:26,465 [WARN] IP:2114 - I2C_Coeff_DF not found: check if there is a RefParameter without a condition.
2023-08-03 04:59:26,465 [WARN] IP:2114 - Analog_Filter not found: check if there is a RefParameter without a condition.
2023-08-03 04:59:26,496 [WARN] IP:2114 - I2C_Coeff_DF not found: check if there is a RefParameter without a condition.
2023-08-03 04:59:26,497 [WARN] IP:2114 - Analog_Filter not found: check if there is a RefParameter without a condition.
2023-08-03 04:59:26,497 [WARN] IP:2114 - I2C_Coeff_DF not found: check if there is a RefParameter without a condition.
2023-08-03 04:59:26,497 [WARN] IP:2114 - Analog_Filter not found: check if there is a RefParameter without a condition.
2023-08-03 04:59:26,497 [WARN] IP:2114 - I2C_Coeff_DF not found: check if there is a RefParameter without a condition.
2023-08-03 04:59:26,498 [WARN] IP:2114 - Analog_Filter not found: check if there is a RefParameter without a condition.
2023-08-03 04:59:26,498 [WARN] IP:2114 - I2C_Coeff_DF not found: check if there is a RefParameter without a condition.
2023-08-03 04:59:26,498 [WARN] IP:2114 - Analog_Filter not found: check if there is a RefParameter without a condition.
2023-08-03 04:59:26,508 [WARN] IP:2114 - I2C_Coeff_DF not found: check if there is a RefParameter without a condition.
2023-08-03 04:59:26,508 [WARN] IP:2114 - Analog_Filter not found: check if there is a RefParameter without a condition.
2023-08-03 04:59:26,509 [WARN] IP:2114 - I2C_Coeff_DF not found: check if there is a RefParameter without a condition.
2023-08-03 04:59:26,509 [WARN] IP:2114 - Analog_Filter not found: check if there is a RefParameter without a condition.
2023-08-03 04:59:26,519 [WARN] IP:2114 - I2C_Coeff_DF not found: check if there is a RefParameter without a condition.
2023-08-03 04:59:26,519 [WARN] IP:2114 - Analog_Filter not found: check if there is a RefParameter without a condition.
2023-08-03 04:59:26,520 [WARN] IP:2114 - I2C_Coeff_DF not found: check if there is a RefParameter without a condition.
2023-08-03 04:59:26,520 [WARN] IP:2114 - Analog_Filter not found: check if there is a RefParameter without a condition.
2023-08-03 05:07:15,786 [WARN] IP:2114 - I2C_Coeff_DF not found: check if there is a RefParameter without a condition.
2023-08-03 05:07:15,786 [WARN] IP:2114 - Analog_Filter not found: check if there is a RefParameter without a condition.
2023-08-03 05:07:15,818 [WARN] IP:2114 - I2C_Coeff_DF not found: check if there is a RefParameter without a condition.
2023-08-03 05:07:15,818 [WARN] IP:2114 - Analog_Filter not found: check if there is a RefParameter without a condition.
2023-08-03 05:07:15,818 [WARN] IP:2114 - I2C_Coeff_DF not found: check if there is a RefParameter without a condition.
2023-08-03 05:07:15,818 [WARN] IP:2114 - Analog_Filter not found: check if there is a RefParameter without a condition.
2023-08-03 05:07:15,819 [WARN] IP:2114 - I2C_Coeff_DF not found: check if there is a RefParameter without a condition.
2023-08-03 05:07:15,819 [WARN] IP:2114 - Analog_Filter not found: check if there is a RefParameter without a condition.
2023-08-03 05:07:15,819 [WARN] IP:2114 - I2C_Coeff_DF not found: check if there is a RefParameter without a condition.
2023-08-03 05:07:15,819 [WARN] IP:2114 - Analog_Filter not found: check if there is a RefParameter without a condition.
2023-08-03 05:07:15,829 [WARN] IP:2114 - I2C_Coeff_DF not found: check if there is a RefParameter without a condition.
2023-08-03 05:07:15,830 [WARN] IP:2114 - Analog_Filter not found: check if there is a RefParameter without a condition.
2023-08-03 05:07:15,830 [WARN] IP:2114 - I2C_Coeff_DF not found: check if there is a RefParameter without a condition.
2023-08-03 05:07:15,830 [WARN] IP:2114 - Analog_Filter not found: check if there is a RefParameter without a condition.
2023-08-03 05:07:15,841 [WARN] IP:2114 - I2C_Coeff_DF not found: check if there is a RefParameter without a condition.
2023-08-03 05:07:15,841 [WARN] IP:2114 - Analog_Filter not found: check if there is a RefParameter without a condition.
2023-08-03 05:07:15,842 [WARN] IP:2114 - I2C_Coeff_DF not found: check if there is a RefParameter without a condition.
2023-08-03 05:07:15,842 [WARN] IP:2114 - Analog_Filter not found: check if there is a RefParameter without a condition.
2023-08-03 05:07:33,437 [WARN] IP:2114 - I2C_Coeff_DF not found: check if there is a RefParameter without a condition.
2023-08-03 05:07:33,438 [WARN] IP:2114 - Analog_Filter not found: check if there is a RefParameter without a condition.
2023-08-03 05:07:33,467 [WARN] IP:2114 - I2C_Coeff_DF not found: check if there is a RefParameter without a condition.
2023-08-03 05:07:33,467 [WARN] IP:2114 - Analog_Filter not found: check if there is a RefParameter without a condition.
2023-08-03 05:07:33,467 [WARN] IP:2114 - I2C_Coeff_DF not found: check if there is a RefParameter without a condition.
2023-08-03 05:07:33,467 [WARN] IP:2114 - Analog_Filter not found: check if there is a RefParameter without a condition.
2023-08-03 05:07:33,468 [WARN] IP:2114 - I2C_Coeff_DF not found: check if there is a RefParameter without a condition.
2023-08-03 05:07:33,468 [WARN] IP:2114 - Analog_Filter not found: check if there is a RefParameter without a condition.
2023-08-03 05:07:33,468 [WARN] IP:2114 - I2C_Coeff_DF not found: check if there is a RefParameter without a condition.
2023-08-03 05:07:33,468 [WARN] IP:2114 - Analog_Filter not found: check if there is a RefParameter without a condition.
2023-08-03 05:07:33,478 [WARN] IP:2114 - I2C_Coeff_DF not found: check if there is a RefParameter without a condition.
2023-08-03 05:07:33,478 [WARN] IP:2114 - Analog_Filter not found: check if there is a RefParameter without a condition.
2023-08-03 05:07:33,479 [WARN] IP:2114 - I2C_Coeff_DF not found: check if there is a RefParameter without a condition.
2023-08-03 05:07:33,479 [WARN] IP:2114 - Analog_Filter not found: check if there is a RefParameter without a condition.
2023-08-03 05:07:33,488 [WARN] IP:2114 - I2C_Coeff_DF not found: check if there is a RefParameter without a condition.
2023-08-03 05:07:33,488 [WARN] IP:2114 - Analog_Filter not found: check if there is a RefParameter without a condition.
2023-08-03 05:07:33,488 [WARN] IP:2114 - I2C_Coeff_DF not found: check if there is a RefParameter without a condition.
2023-08-03 05:07:33,488 [WARN] IP:2114 - Analog_Filter not found: check if there is a RefParameter without a condition.
2023-08-03 05:07:35,802 [WARN] IP:2114 - SMBusAnalogFilter not found: check if there is a RefParameter without a condition.
2023-08-03 05:07:35,802 [WARN] IP:2114 - SMBusOwnAddress not found: check if there is a RefParameter without a condition.
2023-08-03 05:07:35,825 [WARN] IP:2114 - SMBusAnalogFilter not found: check if there is a RefParameter without a condition.
2023-08-03 05:07:35,825 [WARN] IP:2114 - SMBusOwnAddress not found: check if there is a RefParameter without a condition.
2023-08-03 05:07:35,825 [WARN] IP:2114 - SMBusAnalogFilter not found: check if there is a RefParameter without a condition.
2023-08-03 05:07:35,826 [WARN] IP:2114 - SMBusOwnAddress not found: check if there is a RefParameter without a condition.
2023-08-03 05:07:35,871 [WARN] IP:2114 - SMBusAnalogFilter not found: check if there is a RefParameter without a condition.
2023-08-03 05:07:35,871 [WARN] IP:2114 - SMBusOwnAddress not found: check if there is a RefParameter without a condition.
2023-08-03 05:07:35,871 [WARN] IP:2114 - SMBusAnalogFilter not found: check if there is a RefParameter without a condition.
2023-08-03 05:07:35,871 [WARN] IP:2114 - SMBusOwnAddress not found: check if there is a RefParameter without a condition.
2023-08-03 05:07:35,903 [WARN] IP:2114 - SMBusAnalogFilter not found: check if there is a RefParameter without a condition.
2023-08-03 05:07:35,903 [WARN] IP:2114 - SMBusOwnAddress not found: check if there is a RefParameter without a condition.
2023-08-03 05:12:24,923 [WARN] IP:2114 - I2C_Coeff_DF not found: check if there is a RefParameter without a condition.
2023-08-03 05:12:24,923 [WARN] IP:2114 - Analog_Filter not found: check if there is a RefParameter without a condition.
2023-08-03 05:13:02,475 [WARN] IP:2114 - SMBusAnalogFilter not found: check if there is a RefParameter without a condition.
2023-08-03 05:13:02,476 [WARN] IP:2114 - SMBusOwnAddress not found: check if there is a RefParameter without a condition.
2023-08-03 05:13:02,476 [WARN] IP:2114 - SMBusAnalogFilter not found: check if there is a RefParameter without a condition.
2023-08-03 05:13:02,476 [WARN] IP:2114 - SMBusOwnAddress not found: check if there is a RefParameter without a condition.
2023-08-03 05:13:02,486 [WARN] IP:2114 - SMBusAnalogFilter not found: check if there is a RefParameter without a condition.
2023-08-03 05:13:02,486 [WARN] IP:2114 - SMBusOwnAddress not found: check if there is a RefParameter without a condition.
2023-08-03 05:13:02,495 [WARN] IP:2114 - SMBusAnalogFilter not found: check if there is a RefParameter without a condition.
2023-08-03 05:13:02,496 [WARN] IP:2114 - SMBusOwnAddress not found: check if there is a RefParameter without a condition.
2023-08-03 05:13:42,474 [WARN] IP:2114 - SMBusAnalogFilter not found: check if there is a RefParameter without a condition.
2023-08-03 05:13:42,474 [WARN] IP:2114 - SMBusOwnAddress not found: check if there is a RefParameter without a condition.
2023-08-03 05:13:42,474 [WARN] IP:2114 - SMBusAnalogFilter not found: check if there is a RefParameter without a condition.
2023-08-03 05:13:42,474 [WARN] IP:2114 - SMBusOwnAddress not found: check if there is a RefParameter without a condition.
2023-08-03 05:13:42,484 [WARN] IP:2114 - SMBusAnalogFilter not found: check if there is a RefParameter without a condition.
2023-08-03 05:13:42,484 [WARN] IP:2114 - SMBusOwnAddress not found: check if there is a RefParameter without a condition.
2023-08-03 05:13:42,494 [WARN] IP:2114 - SMBusAnalogFilter not found: check if there is a RefParameter without a condition.
2023-08-03 05:13:42,494 [WARN] IP:2114 - SMBusOwnAddress not found: check if there is a RefParameter without a condition.
2023-08-03 05:20:43,102 [INFO] UtilMem:75 - End SaveConfig() Used Memory: 263154752 Bytes (513802240)
2023-08-03 05:54:18,910 [WARN] IP:2114 - SMBusAnalogFilter not found: check if there is a RefParameter without a condition.
2023-08-03 05:54:18,910 [WARN] IP:2114 - SMBusOwnAddress not found: check if there is a RefParameter without a condition.
2023-08-03 05:54:18,910 [WARN] IP:2114 - SMBusAnalogFilter not found: check if there is a RefParameter without a condition.
2023-08-03 05:54:18,910 [WARN] IP:2114 - SMBusOwnAddress not found: check if there is a RefParameter without a condition.
2023-08-03 05:54:18,920 [WARN] IP:2114 - SMBusAnalogFilter not found: check if there is a RefParameter without a condition.
2023-08-03 05:54:18,920 [WARN] IP:2114 - SMBusOwnAddress not found: check if there is a RefParameter without a condition.
2023-08-03 05:54:18,929 [WARN] IP:2114 - SMBusAnalogFilter not found: check if there is a RefParameter without a condition.
2023-08-03 05:54:18,929 [WARN] IP:2114 - SMBusOwnAddress not found: check if there is a RefParameter without a condition.
2023-08-03 05:54:21,199 [WARN] IP:2114 - SMBusAnalogFilter not found: check if there is a RefParameter without a condition.
2023-08-03 05:54:21,199 [WARN] IP:2114 - SMBusOwnAddress not found: check if there is a RefParameter without a condition.
2023-08-03 05:54:21,199 [WARN] IP:2114 - SMBusAnalogFilter not found: check if there is a RefParameter without a condition.
2023-08-03 05:54:21,199 [WARN] IP:2114 - SMBusOwnAddress not found: check if there is a RefParameter without a condition.
2023-08-03 05:54:21,209 [WARN] IP:2114 - SMBusAnalogFilter not found: check if there is a RefParameter without a condition.
2023-08-03 05:54:21,209 [WARN] IP:2114 - SMBusOwnAddress not found: check if there is a RefParameter without a condition.
2023-08-03 05:54:21,218 [WARN] IP:2114 - SMBusAnalogFilter not found: check if there is a RefParameter without a condition.
2023-08-03 05:54:21,218 [WARN] IP:2114 - SMBusOwnAddress not found: check if there is a RefParameter without a condition.
2023-08-03 05:54:29,086 [INFO] UtilMem:75 - End SaveConfig() Used Memory: 333777464 Bytes (513802240)
2023-08-03 05:55:33,442 [WARN] IP:2114 - SMBusAnalogFilter not found: check if there is a RefParameter without a condition.
2023-08-03 05:55:33,442 [WARN] IP:2114 - SMBusOwnAddress not found: check if there is a RefParameter without a condition.
2023-08-03 05:55:33,442 [WARN] IP:2114 - SMBusAnalogFilter not found: check if there is a RefParameter without a condition.
2023-08-03 05:55:33,442 [WARN] IP:2114 - SMBusOwnAddress not found: check if there is a RefParameter without a condition.
2023-08-03 05:55:33,452 [WARN] IP:2114 - SMBusAnalogFilter not found: check if there is a RefParameter without a condition.
2023-08-03 05:55:33,452 [WARN] IP:2114 - SMBusOwnAddress not found: check if there is a RefParameter without a condition.
2023-08-03 05:55:33,461 [WARN] IP:2114 - SMBusAnalogFilter not found: check if there is a RefParameter without a condition.
2023-08-03 05:55:33,461 [WARN] IP:2114 - SMBusOwnAddress not found: check if there is a RefParameter without a condition.
2023-08-03 08:23:21,041 [WARN] IP:2114 - SMBusAnalogFilter not found: check if there is a RefParameter without a condition.
2023-08-03 08:23:21,041 [WARN] IP:2114 - SMBusOwnAddress not found: check if there is a RefParameter without a condition.
2023-08-03 08:23:25,967 [WARN] IP:2114 - SMBusAnalogFilter not found: check if there is a RefParameter without a condition.
2023-08-03 08:23:25,967 [WARN] IP:2114 - SMBusOwnAddress not found: check if there is a RefParameter without a condition.
2023-08-03 08:23:25,968 [WARN] IP:2114 - SMBusAnalogFilter not found: check if there is a RefParameter without a condition.
2023-08-03 08:23:25,968 [WARN] IP:2114 - SMBusOwnAddress not found: check if there is a RefParameter without a condition.
2023-08-03 08:23:25,987 [WARN] IP:2114 - SMBusAnalogFilter not found: check if there is a RefParameter without a condition.
2023-08-03 08:23:25,988 [WARN] IP:2114 - SMBusOwnAddress not found: check if there is a RefParameter without a condition.
2023-08-03 08:23:33,162 [WARN] IP:2114 - SMBusAnalogFilter not found: check if there is a RefParameter without a condition.
2023-08-03 08:23:33,162 [WARN] IP:2114 - SMBusOwnAddress not found: check if there is a RefParameter without a condition.
2023-08-03 08:23:33,182 [WARN] IP:2114 - SMBusAnalogFilter not found: check if there is a RefParameter without a condition.
2023-08-03 08:23:33,182 [WARN] IP:2114 - SMBusOwnAddress not found: check if there is a RefParameter without a condition.
2023-08-03 08:23:33,183 [WARN] IP:2114 - SMBusAnalogFilter not found: check if there is a RefParameter without a condition.
2023-08-03 08:23:33,183 [WARN] IP:2114 - SMBusOwnAddress not found: check if there is a RefParameter without a condition.
2023-08-03 08:23:33,223 [WARN] IP:2114 - SMBusAnalogFilter not found: check if there is a RefParameter without a condition.
2023-08-03 08:23:33,223 [WARN] IP:2114 - SMBusOwnAddress not found: check if there is a RefParameter without a condition.
2023-08-03 08:23:33,224 [WARN] IP:2114 - SMBusAnalogFilter not found: check if there is a RefParameter without a condition.
2023-08-03 08:23:33,224 [WARN] IP:2114 - SMBusOwnAddress not found: check if there is a RefParameter without a condition.
2023-08-03 08:23:33,245 [WARN] IP:2114 - SMBusAnalogFilter not found: check if there is a RefParameter without a condition.
2023-08-03 08:23:33,246 [WARN] IP:2114 - SMBusOwnAddress not found: check if there is a RefParameter without a condition.
2023-08-03 11:22:54,283 [INFO] Mcu:1605 - InternalPropertyChange: try BijectiveRequest:SMBus-Alert-mode
2023-08-03 11:22:54,420 [WARN] IP:2114 - SMBusAnalogFilter not found: check if there is a RefParameter without a condition.
2023-08-03 11:22:54,421 [WARN] IP:2114 - SMBusOwnAddress not found: check if there is a RefParameter without a condition.
2023-08-03 11:22:54,421 [WARN] IP:2114 - SMBusAnalogFilter not found: check if there is a RefParameter without a condition.
2023-08-03 11:22:54,421 [WARN] IP:2114 - SMBusOwnAddress not found: check if there is a RefParameter without a condition.
2023-08-03 11:22:54,450 [WARN] IP:2114 - SMBusAnalogFilter not found: check if there is a RefParameter without a condition.
2023-08-03 11:22:54,450 [WARN] IP:2114 - SMBusOwnAddress not found: check if there is a RefParameter without a condition.
2023-08-03 11:23:02,589 [WARN] IP:2114 - SMBusAnalogFilter not found: check if there is a RefParameter without a condition.
2023-08-03 11:23:02,589 [WARN] IP:2114 - SMBusOwnAddress not found: check if there is a RefParameter without a condition.
2023-08-03 11:23:02,589 [WARN] IP:2114 - SMBusAnalogFilter not found: check if there is a RefParameter without a condition.
2023-08-03 11:23:02,589 [WARN] IP:2114 - SMBusOwnAddress not found: check if there is a RefParameter without a condition.
2023-08-03 11:23:02,619 [WARN] IP:2114 - SMBusAnalogFilter not found: check if there is a RefParameter without a condition.
2023-08-03 11:23:02,619 [WARN] IP:2114 - SMBusOwnAddress not found: check if there is a RefParameter without a condition.
