2023-08-04 14:19:57,081 [INFO] Activator:176 - 


2023-08-04 14:19:57,085 [INFO] Activator:177 - !SESSION log4j initialized
2023-08-04 14:19:58,043 [INFO] ApplicationProperties:184 - Using Application install path: C:\ST\STM32CubeIDE_1.13.1\STM32CubeIDE\plugins\com.st.stm32cube.common.mx_6.9.1.202307191849
2023-08-04 14:19:58,055 [INFO] DbMcusXml:78 - Set database path to: C:\ST\STM32CubeIDE_1.13.1\STM32CubeIDE\plugins\com.st.stm32cube.common.mx_6.9.1.202307191849\\db\/mcu/
2023-08-04 14:19:58,055 [INFO] ApiDb:274 - Set plugin database path to: C:\ST\STM32CubeIDE_1.13.1\STM32CubeIDE\plugins\com.st.stm32cube.common.mx_6.9.1.202307191849\\db\/plugins/boardmanager/
2023-08-04 14:19:58,055 [WARN] ApiDb:259 - Overriding images path with different value:  => C:\ST\STM32CubeIDE_1.13.1\STM32CubeIDE\plugins\com.st.stm32cube.common.mx_6.9.1.202307191849\\db\/plugins/mcufinder/images/
2023-08-04 14:19:58,063 [INFO] ApiDb:250 - Set database path to: C:\Users\Smon\.stmcufinder\plugins\mcufinder//mcu/
2023-08-04 14:19:58,064 [INFO] DbMcusAds:125 - Set database path to: C:\Users\Smon\.stmcufinder\plugins\mcufinder//mcu/
2023-08-04 14:19:58,108 [INFO] CrossReferenceDbSqlite:203 - Set database path to: C:\Users\Smon\.stmcufinder\plugins\mcufinder//mcu/cs/
2023-08-04 14:19:58,181 [INFO] RulesReader:64 - Compatibility file has been processed (293 Rules)
2023-08-04 14:19:58,243 [INFO] DbMcusXml:78 - Set database path to: C:\ST\STM32CubeIDE_1.13.1\STM32CubeIDE\plugins\com.st.stm32cube.common.mx_6.9.1.202307191849\\db\/mcu/
2023-08-04 14:19:58,243 [INFO] ApiDb:274 - Set plugin database path to: C:\ST\STM32CubeIDE_1.13.1\STM32CubeIDE\plugins\com.st.stm32cube.common.mx_6.9.1.202307191849\\db\/plugins/boardmanager/
2023-08-04 14:19:58,243 [INFO] ApiDb:261 - Set plugin images path to: C:\ST\STM32CubeIDE_1.13.1\STM32CubeIDE\plugins\com.st.stm32cube.common.mx_6.9.1.202307191849\\db\/plugins/mcufinder/images/
2023-08-04 14:19:58,243 [WARN] DbFile:41 - Overriding database path with different value: C:\Users\Smon\.stmcufinder\plugins\mcufinder/ => C:\Users\Smon\.stmcufinder\plugins\mcufinder
2023-08-04 14:19:58,243 [INFO] ApiDb:250 - Set database path to: C:\Users\Smon\.stmcufinder\plugins\mcufinder//mcu/
2023-08-04 14:19:58,244 [WARN] DbFile:41 - Overriding database path with different value: C:\Users\Smon\.stmcufinder\plugins\mcufinder/ => C:\Users\Smon\.stmcufinder\plugins\mcufinder
2023-08-04 14:19:58,244 [INFO] DbMcusAds:125 - Set database path to: C:\Users\Smon\.stmcufinder\plugins\mcufinder//mcu/
2023-08-04 14:19:58,244 [WARN] DbFile:41 - Overriding database path with different value: C:\Users\Smon\.stmcufinder\plugins\mcufinder/ => C:\Users\Smon\.stmcufinder\plugins\mcufinder
2023-08-04 14:19:58,244 [WARN] DbFile:41 - Overriding database path with different value: C:\Users\Smon\.stmcufinder\plugins\mcufinder/ => C:\Users\Smon\.stmcufinder\plugins\mcufinder
2023-08-04 14:19:58,244 [INFO] CrossReferenceDbSqlite:203 - Set database path to: C:\Users\Smon\.stmcufinder\plugins\mcufinder//mcu/cs/
2023-08-04 14:19:58,296 [INFO] MainPanel:262 - HeapMemory: 268435456
2023-08-04 14:19:58,358 [INFO] DbMcusXml:78 - Set database path to: C:\ST\STM32CubeIDE_1.13.1\STM32CubeIDE\plugins\com.st.stm32cube.common.mx_6.9.1.202307191849\\db\/mcu/
2023-08-04 14:19:58,358 [INFO] ApiDb:274 - Set plugin database path to: C:\ST\STM32CubeIDE_1.13.1\STM32CubeIDE\plugins\com.st.stm32cube.common.mx_6.9.1.202307191849\\db\/plugins/boardmanager/
2023-08-04 14:19:58,359 [INFO] ApiDb:261 - Set plugin images path to: C:\ST\STM32CubeIDE_1.13.1\STM32CubeIDE\plugins\com.st.stm32cube.common.mx_6.9.1.202307191849\\db\/plugins/mcufinder/images/
2023-08-04 14:19:58,359 [WARN] DbFile:41 - Overriding database path with different value: C:\Users\Smon\.stmcufinder\plugins\mcufinder/ => C:\Users\Smon\.stmcufinder\plugins\mcufinder
2023-08-04 14:19:58,359 [INFO] ApiDb:250 - Set database path to: C:\Users\Smon\.stmcufinder\plugins\mcufinder//mcu/
2023-08-04 14:19:58,359 [WARN] DbFile:41 - Overriding database path with different value: C:\Users\Smon\.stmcufinder\plugins\mcufinder/ => C:\Users\Smon\.stmcufinder\plugins\mcufinder
2023-08-04 14:19:58,359 [INFO] DbMcusAds:125 - Set database path to: C:\Users\Smon\.stmcufinder\plugins\mcufinder//mcu/
2023-08-04 14:19:58,359 [WARN] DbFile:41 - Overriding database path with different value: C:\Users\Smon\.stmcufinder\plugins\mcufinder/ => C:\Users\Smon\.stmcufinder\plugins\mcufinder
2023-08-04 14:19:58,359 [WARN] DbFile:41 - Overriding database path with different value: C:\Users\Smon\.stmcufinder\plugins\mcufinder/ => C:\Users\Smon\.stmcufinder\plugins\mcufinder
2023-08-04 14:19:58,359 [INFO] CrossReferenceDbSqlite:203 - Set database path to: C:\Users\Smon\.stmcufinder\plugins\mcufinder//mcu/cs/
2023-08-04 14:19:58,372 [INFO] ApplicationProperties:184 - Using Application install path: C:\ST\STM32CubeIDE_1.13.1\STM32CubeIDE\plugins\com.st.stm32cube.common.mx_6.9.1.202307191849
2023-08-04 14:19:58,372 [INFO] PluginManage:196 - Search for loadable plugins [exclusion list=, ]
2023-08-04 14:19:58,374 [INFO] PluginManage:310 - Check plugin analytics
2023-08-04 14:20:03,568 [INFO] AnalyticsPlugin:253 - Accepted Software Licenses: 
2023-08-04 14:20:03,568 [INFO] AnalyticsPlugin:255 - Accepted CMSIS Pack Licenses: 
2023-08-04 14:20:03,568 [INFO] AnalyticsPlugin:257 - Accepted Firmware Licenses: 
2023-08-04 14:20:03,570 [INFO] PluginManage:359 - Loaded plugin analytics (category:tool,tabindex:-1)
2023-08-04 14:20:03,571 [INFO] PluginManage:310 - Check plugin cadmodel
2023-08-04 14:20:03,594 [INFO] CADModel:105 - Init CAD model plugin
2023-08-04 14:20:03,595 [INFO] PluginManage:359 - Loaded plugin cadmodel (category:power,tabindex:5)
2023-08-04 14:20:03,595 [INFO] PluginManage:310 - Check plugin clock
2023-08-04 14:20:03,605 [INFO] PluginManage:359 - Loaded plugin clock (category:base,tabindex:2)
2023-08-04 14:20:03,605 [INFO] PluginManage:310 - Check plugin ddr
2023-08-04 14:20:03,608 [INFO] PluginManage:359 - Loaded plugin ddr (category:tool,tabindex:6)
2023-08-04 14:20:03,608 [INFO] PluginManage:310 - Check plugin filemanager
2023-08-04 14:20:03,707 [INFO] PluginManage:359 - Loaded plugin filemanager (category:base,tabindex:10)
2023-08-04 14:20:03,707 [INFO] PluginManage:310 - Check plugin ipmanager
2023-08-04 14:20:03,712 [INFO] PluginManage:359 - Loaded plugin ipmanager (category:base,tabindex:5)
2023-08-04 14:20:03,712 [INFO] PluginManage:310 - Check plugin lpbam
2023-08-04 14:20:03,718 [INFO] PluginManage:359 - Loaded plugin lpbam (category:base,tabindex:0)
2023-08-04 14:20:03,718 [INFO] PluginManage:310 - Check plugin memorymap
2023-08-04 14:20:03,728 [INFO] PluginManage:359 - Loaded plugin memorymap (category:base,tabindex:4)
2023-08-04 14:20:03,728 [INFO] PluginManage:310 - Check plugin pinoutandconfiguration
2023-08-04 14:20:03,734 [INFO] PluginManage:359 - Loaded plugin pinoutandconfiguration (category:base,tabindex:1)
2023-08-04 14:20:03,735 [INFO] PluginManage:310 - Check plugin pinoutconfig
2023-08-04 14:20:03,807 [WARN] SupportedApi:132 - Cannot load RTOS API schema: s4s-elt-must-match.1: The content of 'definitions' must match (annotation?, (simpleType | complexType)?, (unique | key | keyref)*)). A problem was found starting at: attribute.
2023-08-04 14:20:03,923 [INFO] PluginManage:359 - Loaded plugin pinoutconfig (category:base,tabindex:0)
2023-08-04 14:20:03,923 [INFO] PluginManage:310 - Check plugin power
2023-08-04 14:20:03,937 [INFO] PluginManage:359 - Loaded plugin power (category:power,tabindex:4)
2023-08-04 14:20:03,937 [INFO] PluginManage:310 - Check plugin projectmanager
2023-08-04 14:20:03,951 [INFO] PluginManage:359 - Loaded plugin projectmanager (category:projectmanager,tabindex:3)
2023-08-04 14:20:03,952 [INFO] PluginManage:310 - Check plugin thirdparty
2023-08-04 14:20:04,069 [WARN] IntegrityCheckThread:84 - waiting for thirdparty lock release [integrity check]
2023-08-04 14:20:04,069 [INFO] PluginManage:359 - Loaded plugin thirdparty (category:base,tabindex:-1)
2023-08-04 14:20:04,069 [INFO] IntegrityCheckThread:86 - entering critical section [integrity check]
2023-08-04 14:20:04,069 [INFO] PluginManage:310 - Check plugin tools
2023-08-04 14:20:04,069 [INFO] ThirdPartyUpdaterWithRetryManager:70 - Updater plugin not ready yet. [1/15]
2023-08-04 14:20:04,072 [INFO] PluginManage:359 - Loaded plugin tools (category:base,tabindex:7)
2023-08-04 14:20:04,072 [INFO] PluginManage:310 - Check plugin tutovideos
2023-08-04 14:20:04,201 [INFO] PluginManage:359 - Loaded plugin tutovideos (category:base,tabindex:-1)
2023-08-04 14:20:04,202 [INFO] PluginManage:310 - Check plugin updater
2023-08-04 14:20:04,210 [INFO] PluginManage:359 - Loaded plugin updater (category:base,tabindex:12)
2023-08-04 14:20:04,211 [INFO] PluginManage:310 - Check plugin userauth
2023-08-04 14:20:04,215 [INFO] UserAuth:113 - Init User Auth plugin
2023-08-04 14:20:04,215 [INFO] PluginManage:359 - Loaded plugin userauth (category:base,tabindex:14)
2023-08-04 14:20:04,215 [INFO] PluginManage:283 - PluginManage : Loaded plugins [17]
2023-08-04 14:20:04,382 [INFO] PinOutPanel:1499 - setPackage(No Configuration,No Configuration)
2023-08-04 14:20:04,454 [INFO] CADModel:165 - CPN selected for project level
2023-08-04 14:20:04,454 [INFO] CADModel:114 - Register for checkConnection events
2023-08-04 14:20:04,466 [INFO] IPUIPlugin:80 - create IPUIPlugin
2023-08-04 14:20:04,466 [INFO] PluginManager:220 - loadIPPluginJar : add adc
2023-08-04 14:20:04,468 [INFO] IPUIPlugin:80 - create IPUIPlugin
2023-08-04 14:20:04,468 [INFO] PluginManager:220 - loadIPPluginJar : add aes
2023-08-04 14:20:04,470 [INFO] IPUIPlugin:80 - create IPUIPlugin
2023-08-04 14:20:04,470 [INFO] PluginManager:220 - loadIPPluginJar : add can
2023-08-04 14:20:04,471 [INFO] IPUIPlugin:80 - create IPUIPlugin
2023-08-04 14:20:04,471 [INFO] PluginManager:220 - loadIPPluginJar : add comp
2023-08-04 14:20:04,473 [INFO] IPUIPlugin:80 - create IPUIPlugin
2023-08-04 14:20:04,473 [INFO] PluginManager:220 - loadIPPluginJar : add cryp
2023-08-04 14:20:04,474 [INFO] IPUIPlugin:80 - create IPUIPlugin
2023-08-04 14:20:04,475 [INFO] PluginManager:220 - loadIPPluginJar : add dfsdm
2023-08-04 14:20:04,478 [INFO] IPUIPlugin:80 - create IPUIPlugin
2023-08-04 14:20:04,479 [INFO] PluginManager:220 - loadIPPluginJar : add dma
2023-08-04 14:20:04,480 [INFO] IPUIPlugin:80 - create IPUIPlugin
2023-08-04 14:20:04,481 [INFO] PluginManager:220 - loadIPPluginJar : add dma3
2023-08-04 14:20:04,482 [INFO] IPUIPlugin:80 - create IPUIPlugin
2023-08-04 14:20:04,482 [INFO] PluginManager:220 - loadIPPluginJar : add fatfs
2023-08-04 14:20:04,484 [INFO] IPUIPlugin:80 - create IPUIPlugin
2023-08-04 14:20:04,484 [INFO] PluginManager:220 - loadIPPluginJar : add fmc
2023-08-04 14:20:04,493 [INFO] IPUIPlugin:80 - create IPUIPlugin
2023-08-04 14:20:04,493 [INFO] PluginManager:220 - loadIPPluginJar : add freertos
2023-08-04 14:20:04,495 [INFO] IPUIPlugin:80 - create IPUIPlugin
2023-08-04 14:20:04,495 [INFO] PluginManager:220 - loadIPPluginJar : add genericplugin
2023-08-04 14:20:04,498 [INFO] IPUIPlugin:80 - create IPUIPlugin
2023-08-04 14:20:04,498 [INFO] PluginManager:220 - loadIPPluginJar : add gfxmmu
2023-08-04 14:20:04,501 [INFO] IPUIPlugin:80 - create IPUIPlugin
2023-08-04 14:20:04,501 [INFO] PluginManager:220 - loadIPPluginJar : add gic
2023-08-04 14:20:04,504 [INFO] IPUIPlugin:80 - create IPUIPlugin
2023-08-04 14:20:04,504 [INFO] PluginManager:220 - loadIPPluginJar : add gpio
2023-08-04 14:20:04,506 [INFO] IPUIPlugin:80 - create IPUIPlugin
2023-08-04 14:20:04,507 [INFO] PluginManager:220 - loadIPPluginJar : add gtzc
2023-08-04 14:20:04,508 [INFO] IPUIPlugin:80 - create IPUIPlugin
2023-08-04 14:20:04,508 [INFO] PluginManager:220 - loadIPPluginJar : add hash
2023-08-04 14:20:04,510 [INFO] IPUIPlugin:80 - create IPUIPlugin
2023-08-04 14:20:04,510 [INFO] PluginManager:220 - loadIPPluginJar : add i2c
2023-08-04 14:20:04,512 [INFO] IPUIPlugin:80 - create IPUIPlugin
2023-08-04 14:20:04,512 [INFO] PluginManager:220 - loadIPPluginJar : add i2s
2023-08-04 14:20:04,514 [INFO] IPUIPlugin:80 - create IPUIPlugin
2023-08-04 14:20:04,514 [INFO] PluginManager:220 - loadIPPluginJar : add i3c
2023-08-04 14:20:04,516 [INFO] IPUIPlugin:80 - create IPUIPlugin
2023-08-04 14:20:04,516 [INFO] PluginManager:220 - loadIPPluginJar : add ipddr
2023-08-04 14:20:04,522 [INFO] IPUIPlugin:80 - create IPUIPlugin
2023-08-04 14:20:04,522 [INFO] PluginManager:220 - loadIPPluginJar : add linkedlist
2023-08-04 14:20:04,524 [INFO] IPUIPlugin:80 - create IPUIPlugin
2023-08-04 14:20:04,524 [INFO] PluginManager:220 - loadIPPluginJar : add lorawan
2023-08-04 14:20:04,525 [INFO] IPUIPlugin:80 - create IPUIPlugin
2023-08-04 14:20:04,525 [INFO] PluginManager:220 - loadIPPluginJar : add ltdc
2023-08-04 14:20:04,529 [INFO] IPUIPlugin:80 - create IPUIPlugin
2023-08-04 14:20:04,529 [INFO] PluginManager:220 - loadIPPluginJar : add mdma
2023-08-04 14:20:04,531 [INFO] IPUIPlugin:80 - create IPUIPlugin
2023-08-04 14:20:04,532 [INFO] PluginManager:220 - loadIPPluginJar : add nvic
2023-08-04 14:20:04,534 [INFO] IPUIPlugin:80 - create IPUIPlugin
2023-08-04 14:20:04,534 [INFO] PluginManager:220 - loadIPPluginJar : add opamp
2023-08-04 14:20:04,537 [INFO] IPUIPlugin:80 - create IPUIPlugin
2023-08-04 14:20:04,537 [INFO] PluginManager:220 - loadIPPluginJar : add openamp
2023-08-04 14:20:04,539 [INFO] IPUIPlugin:80 - create IPUIPlugin
2023-08-04 14:20:04,539 [INFO] PluginManager:220 - loadIPPluginJar : add pdm2pcm
2023-08-04 14:20:04,543 [INFO] IPUIPlugin:80 - create IPUIPlugin
2023-08-04 14:20:04,545 [INFO] PluginManager:220 - loadIPPluginJar : add plateformsettings
2023-08-04 14:20:04,546 [INFO] IPUIPlugin:80 - create IPUIPlugin
2023-08-04 14:20:04,546 [INFO] PluginManager:220 - loadIPPluginJar : add quadspi
2023-08-04 14:20:04,549 [INFO] IPUIPlugin:80 - create IPUIPlugin
2023-08-04 14:20:04,549 [INFO] PluginManager:220 - loadIPPluginJar : add resmgrutility
2023-08-04 14:20:04,552 [INFO] IPUIPlugin:80 - create IPUIPlugin
2023-08-04 14:20:04,552 [INFO] PluginManager:220 - loadIPPluginJar : add sai
2023-08-04 14:20:04,554 [INFO] IPUIPlugin:80 - create IPUIPlugin
2023-08-04 14:20:04,554 [INFO] PluginManager:220 - loadIPPluginJar : add spi
2023-08-04 14:20:04,557 [INFO] IPUIPlugin:80 - create IPUIPlugin
2023-08-04 14:20:04,558 [INFO] PluginManager:220 - loadIPPluginJar : add stm32_wpan
2023-08-04 14:20:04,558 [INFO] IPUIPlugin:80 - create IPUIPlugin
2023-08-04 14:20:04,559 [INFO] PluginManager:220 - loadIPPluginJar : add tim
2023-08-04 14:20:04,562 [INFO] IPUIPlugin:80 - create IPUIPlugin
2023-08-04 14:20:04,562 [INFO] PluginManager:220 - loadIPPluginJar : add touchsensing
2023-08-04 14:20:04,563 [INFO] IPUIPlugin:80 - create IPUIPlugin
2023-08-04 14:20:04,563 [INFO] PluginManager:220 - loadIPPluginJar : add tracer_emb
2023-08-04 14:20:04,565 [INFO] IPUIPlugin:80 - create IPUIPlugin
2023-08-04 14:20:04,565 [INFO] PluginManager:220 - loadIPPluginJar : add ts
2023-08-04 14:20:04,566 [INFO] IPUIPlugin:80 - create IPUIPlugin
2023-08-04 14:20:04,566 [INFO] PluginManager:220 - loadIPPluginJar : add tsc
2023-08-04 14:20:04,568 [INFO] IPUIPlugin:80 - create IPUIPlugin
2023-08-04 14:20:04,568 [INFO] PluginManager:220 - loadIPPluginJar : add ucpd
2023-08-04 14:20:04,570 [INFO] IPUIPlugin:80 - create IPUIPlugin
2023-08-04 14:20:04,570 [INFO] PluginManager:220 - loadIPPluginJar : add usart
2023-08-04 14:20:04,572 [INFO] IPUIPlugin:80 - create IPUIPlugin
2023-08-04 14:20:04,572 [INFO] PluginManager:220 - loadIPPluginJar : add usbx
2023-08-04 14:20:04,684 [INFO] CADModel:165 - CPN selected for project level
2023-08-04 14:20:04,684 [INFO] CADModel:114 - Register for checkConnection events
2023-08-04 14:20:04,684 [FATAL] Updater:308 - Updater called before beeing initialized
2023-08-04 14:20:04,684 [ERROR] CADModel:125 - Updater not yet initialized, retry later 
2023-08-04 14:20:04,801 [INFO] CADModel:165 - CPN selected for project level
2023-08-04 14:20:04,801 [INFO] CADModel:114 - Register for checkConnection events
2023-08-04 14:20:04,801 [FATAL] Updater:308 - Updater called before beeing initialized
2023-08-04 14:20:04,801 [ERROR] CADModel:125 - Updater not yet initialized, retry later 
2023-08-04 14:20:04,804 [FATAL] Updater:308 - Updater called before beeing initialized
2023-08-04 14:20:04,901 [FATAL] Updater:308 - Updater called before beeing initialized
2023-08-04 14:20:04,905 [INFO] DbMcusAds:53 - JSON generation date=Tue Mar 07 09:50:55 CET 2023 (1678179055114)
2023-08-04 14:20:04,905 [FATAL] Updater:308 - Updater called before beeing initialized
2023-08-04 14:20:04,936 [WARN] DetailPanel:346 - Failed to get advertising image, set to default
2023-08-04 14:20:05,010 [FATAL] Updater:308 - Updater called before beeing initialized
2023-08-04 14:20:05,012 [FATAL] Updater:308 - Updater called before beeing initialized
2023-08-04 14:20:05,012 [FATAL] Updater:308 - Updater called before beeing initialized
2023-08-04 14:20:05,012 [WARN] DetailPanel:346 - Failed to get advertising image, set to default
2023-08-04 14:20:05,013 [FATAL] Updater:308 - Updater called before beeing initialized
2023-08-04 14:20:05,050 [ERROR] Updater:1120 - MainUpdater not yet initialized. External WinMGr cannot be set.
2023-08-04 14:20:05,051 [INFO] Updater:1056 - Updater Version found : 6.9.1
2023-08-04 14:20:05,067 [INFO] ApplicationProperties:184 - Using Application install path: C:\ST\STM32CubeIDE_1.13.1\STM32CubeIDE\plugins\com.st.stm32cube.common.mx_6.9.1.202307191849
2023-08-04 14:20:05,250 [INFO] MainUpdater:2868 - connection check result : 10
2023-08-04 14:20:05,250 [INFO] MainUpdater:285 - Updater Check For Update Now.
2023-08-04 14:20:05,250 [INFO] MicroXplorer:498 - Change Database Version : DB.6.0.91
2023-08-04 14:20:05,403 [INFO] CheckServerUpdateThread:120 - End of CheckServer Thread
2023-08-04 14:20:05,479 [INFO] MainUpdater:2868 - connection check result : 10
2023-08-04 14:20:05,480 [INFO] MainUpdater:2868 - connection check result : 10
2023-08-04 14:20:05,525 [INFO] MicroXplorer:468 - Change Database Path : 
2023-08-04 14:20:05,525 [INFO] MicroXplorer:498 - Change Database Version : DB.6.0.91
2023-08-04 14:20:05,529 [WARN] ThirdParty:871 - waiting for thirdparty lock release [close project]
2023-08-04 14:20:07,179 [WARN] PackLoader:240 - Cannot read IP mode file for STMicroelectronics.X-CUBE-SMBUS.2.1.0
2023-08-04 14:20:07,203 [WARN] PackLoader:240 - Cannot read IP mode file for STMicroelectronics.X-CUBE-AZRTOS-F7.1.1.0
2023-08-04 14:20:07,211 [WARN] PackLoader:240 - Cannot read IP mode file for STMicroelectronics.FP-SNS-MOTENV1.4.3.2
2023-08-04 14:20:07,217 [WARN] PackLoader:240 - Cannot read IP mode file for STMicroelectronics.X-CUBE-BLE1.6.2.4
2023-08-04 14:20:07,220 [WARN] PackLoader:240 - Cannot read IP mode file for STMicroelectronics.FP-SNS-FLIGHT1.5.0.2
2023-08-04 14:20:07,225 [WARN] PackLoader:240 - Cannot read IP mode file for STMicroelectronics.X-CUBE-DISPLAY.3.0.0
2023-08-04 14:20:07,232 [WARN] PackLoader:240 - Cannot read IP mode file for emotas.I-CUBE-CANOPEN.1.3.0
2023-08-04 14:20:07,235 [WARN] PackLoader:240 - Cannot read IP mode file for STMicroelectronics.X-CUBE-TOUCHGFX.4.22.0
2023-08-04 14:20:07,242 [INFO] LogOutputStream:77 - [STDOUT_REDIRECT] 1 : Invalid condition id : UX_CORESTACK_Condition cause : null
2023-08-04 14:20:07,242 [INFO] LogOutputStream:77 - [STDOUT_REDIRECT] 1 : Invalid condition id : UX_CORESTACK_Condition cause : null
2023-08-04 14:20:07,243 [INFO] LogOutputStream:77 - [STDOUT_REDIRECT] 1 : Invalid condition id : UX_CORESTACK_Condition cause : null
2023-08-04 14:20:07,243 [INFO] LogOutputStream:77 - [STDOUT_REDIRECT] 1 : Invalid condition id : UX_CORESTACK_Condition cause : null
2023-08-04 14:20:07,244 [INFO] LogOutputStream:77 - [STDOUT_REDIRECT] 1 : Invalid condition id : UX_CORESTACK_Condition cause : null
2023-08-04 14:20:07,246 [WARN] PackLoader:240 - Cannot read IP mode file for STMicroelectronics.X-CUBE-AZRTOS-WL.2.0.0
2023-08-04 14:20:07,253 [WARN] PackLoader:240 - Cannot read IP mode file for WES.I-CUBE-Cesium.1.3.0
2023-08-04 14:20:07,256 [WARN] PackLoader:240 - Cannot read IP mode file for STMicroelectronics.X-CUBE-BLE2.3.3.0
2023-08-04 14:20:07,260 [WARN] PackLoader:240 - Cannot read IP mode file for STMicroelectronics.X-CUBE-ALGOBUILD.1.3.0
2023-08-04 14:20:07,274 [WARN] PackLoader:240 - Cannot read IP mode file for STMicroelectronics.X-CUBE-AZRTOS-G0.1.1.0
2023-08-04 14:20:07,278 [WARN] PackLoader:240 - Cannot read IP mode file for STMicroelectronics.X-CUBE-NFC4.3.0.0
2023-08-04 14:20:07,281 [WARN] PackLoader:240 - Cannot read IP mode file for STMicroelectronics.FP-ATR-SIGFOX1.3.2.0
2023-08-04 14:20:07,309 [WARN] PackLoader:240 - Cannot read IP mode file for SEGGER.I-CUBE-embOS.1.3.1
2023-08-04 14:20:07,331 [WARN] PackLoader:240 - Cannot read IP mode file for STMicroelectronics.X-CUBE-GNSS1.6.0.0
2023-08-04 14:20:07,342 [WARN] PackLoader:240 - Cannot read IP mode file for STMicroelectronics.X-CUBE-AZRTOS-F4.1.1.0
2023-08-04 14:20:07,347 [WARN] PackLoader:240 - Cannot read IP mode file for wolfSSL.I-CUBE-wolfSSL.5.6.3
2023-08-04 14:20:07,380 [WARN] PackLoader:240 - Cannot read IP mode file for STMicroelectronics.X-CUBE-MEMS1.9.6.0
2023-08-04 14:20:07,476 [WARN] PackLoader:240 - Cannot read IP mode file for STMicroelectronics.X-CUBE-BLEMGR.2.0.0
2023-08-04 14:20:07,488 [WARN] ConditionMgr:438 - getConditionDescription Invalid condition id : UX DEVICE CLASS RTOS Condition cause : null
2023-08-04 14:20:07,488 [WARN] ConditionMgr:438 - getConditionDescription Invalid condition id : UX DEVICE CLASS RTOS Condition cause : null
2023-08-04 14:20:07,489 [WARN] PackLoader:240 - Cannot read IP mode file for STMicroelectronics.X-CUBE-AZRTOS-H7.3.1.0
2023-08-04 14:20:07,490 [WARN] ConditionMgr:1039 - genDependencies : Invalid condition id : UX DEVICE CLASS RTOS Condition cause : null
2023-08-04 14:20:07,490 [WARN] ConditionMgr:1039 - genDependencies : Invalid condition id : UX DEVICE CLASS RTOS Condition cause : null
2023-08-04 14:20:07,491 [WARN] ConditionMgr:1039 - genDependencies : Invalid condition id : UX DEVICE CLASS RTOS Condition cause : null
2023-08-04 14:20:07,491 [WARN] ConditionMgr:1039 - genDependencies : Invalid condition id : UX DEVICE CLASS RTOS Condition cause : null
2023-08-04 14:20:07,491 [WARN] ConditionMgr:1039 - genDependencies : Invalid condition id : UX DEVICE CLASS RTOS Condition cause : null
2023-08-04 14:20:07,495 [WARN] PackLoader:240 - Cannot read IP mode file for STMicroelectronics.X-CUBE-NFC7.1.0.1
2023-08-04 14:20:07,500 [WARN] PackLoader:240 - Cannot read IP mode file for STMicroelectronics.X-CUBE-EEPRMA1.4.1.0
2023-08-04 14:20:07,510 [WARN] ConditionMgr:438 - getConditionDescription Invalid condition id : LAN8742 Phy interface Condition cause : null
2023-08-04 14:20:07,510 [WARN] PackLoader:240 - Cannot read IP mode file for STMicroelectronics.X-CUBE-AZRTOS-L4.2.0.0
2023-08-04 14:20:07,511 [WARN] ConditionMgr:1039 - genDependencies : Invalid condition id : LAN8742 Phy interface Condition cause : null
2023-08-04 14:20:07,512 [WARN] ConditionMgr:1039 - genDependencies : Invalid condition id : LAN8742 Phy interface Condition cause : null
2023-08-04 14:20:07,512 [WARN] ConditionMgr:1039 - genDependencies : Invalid condition id : LAN8742 Phy interface Condition cause : null
2023-08-04 14:20:07,517 [WARN] PackLoader:240 - Cannot read IP mode file for STMicroelectronics.X-CUBE-SFXS2LP1.4.0.0
2023-08-04 14:20:07,521 [WARN] PackLoader:240 - Cannot read IP mode file for STMicroelectronics.X-CUBE-ISPU.1.1.0
2023-08-04 14:20:07,525 [WARN] PackLoader:240 - Cannot read IP mode file for STMicroelectronics.X-CUBE-FREERTOS.1.0.1
2023-08-04 14:20:07,533 [WARN] PackLoader:240 - Cannot read IP mode file for STMicroelectronics.X-CUBE-AZRTOS-L5.1.1.0
2023-08-04 14:20:07,537 [WARN] PackLoader:240 - Cannot read IP mode file for STMicroelectronics.X-CUBE-AI.8.0.1
2023-08-04 14:20:07,544 [WARN] PackLoader:240 - Cannot read IP mode file for STMicroelectronics.X-CUBE-SUBG2.5.0.0
2023-08-04 14:20:07,552 [WARN] PackLoader:240 - Cannot read IP mode file for STMicroelectronics.X-CUBE-TOF1.3.3.1
2023-08-04 14:20:07,571 [WARN] PackLoader:240 - Cannot read IP mode file for STMicroelectronics.X-CUBE-AZRTOS-G4.2.0.0
2023-08-04 14:20:07,576 [WARN] PackLoader:240 - Cannot read IP mode file for portGmbH.I-Cube-SoM-uGOAL.1.1.0
2023-08-04 14:20:07,578 [WARN] PackLoader:240 - Cannot read IP mode file for STMicroelectronics.X-CUBE-ALS.1.0.1
2023-08-04 14:20:07,584 [WARN] PackLoader:240 - Cannot read IP mode file for STMicroelectronics.X-CUBE-AZRTOS-WB.1.1.0
2023-08-04 14:20:07,587 [WARN] PackLoader:240 - Cannot read IP mode file for STMicroelectronics.FP-ATR-ASTRA1.2.0.0
2023-08-04 14:20:07,588 [INFO] ThirdParty:978 - Integrity check success = true
2023-08-04 14:20:07,588 [INFO] IntegrityCheckThread:100 - exiting critical section [integrity check]
2023-08-04 14:20:07,588 [INFO] IntegrityCheckThread:103 - End integrity checks thread
2023-08-04 14:20:07,588 [INFO] ThirdParty:873 - entering critical section [close project]
2023-08-04 14:20:07,588 [INFO] ThirdParty:883 - exiting critical section [close project]
2023-08-04 14:20:07,590 [INFO] PinOutPanel:1499 - setPackage(No Configuration,No Configuration)
2023-08-04 14:20:07,595 [INFO] UtilMem:75 - Begin LoadConfig() Used Memory: 124883120 Bytes (268435456)
2023-08-04 14:20:07,596 [INFO] MicroXplorer:468 - Change Database Path : 
2023-08-04 14:20:07,596 [INFO] MicroXplorer:498 - Change Database Version : DB.6.0.91
2023-08-04 14:20:07,596 [INFO] OpenFileManager:308 - Change cursor
2023-08-04 14:20:07,613 [INFO] Mcu:1946 - Initializing MCU STM32F405RGTx STM32F405RGTx STM32F405RGT6
2023-08-04 14:20:08,467 [INFO] Context:659 - Trying to add GPIOservice into a context  which must be forbidden
2023-08-04 14:20:08,861 [INFO] RtosManager:555 - Registered RTOS mode: class=CMSIS, group=RTOS, mode=CMSIS_V1, owner=FREERTOS
2023-08-04 14:20:08,861 [INFO] RtosManager:555 - Registered RTOS mode: class=CMSIS, group=RTOS2, mode=CMSIS_V2, owner=FREERTOS
2023-08-04 14:20:08,862 [INFO] RtosManager:555 - Registered RTOS mode: class=RTOS, group=Core, mode=CMSIS_V1, owner=FREERTOS
2023-08-04 14:20:08,862 [INFO] RtosManager:555 - Registered RTOS mode: class=RTOS, group=Core, mode=CMSIS_V2, owner=FREERTOS
2023-08-04 14:20:08,862 [WARN] ModelIntegratedComponent:184 - Missing modes for component STMicroelectronics:FreeRTOS:0.0.1:STMicroelectronics:RTOS:FreeRTOS:Core:::10.2.0:
2023-08-04 14:20:08,872 [WARN] ModelIntegratedComponent:63 - No mode defined for component null
2023-08-04 14:20:08,873 [WARN] ModelIntegratedComponent:63 - No mode defined for component null
2023-08-04 14:20:08,873 [WARN] ModelIntegratedComponent:63 - No mode defined for component null
2023-08-04 14:20:08,873 [WARN] ModelIntegratedComponent:63 - No mode defined for component null
2023-08-04 14:20:08,873 [WARN] ModelIntegratedComponent:63 - No mode defined for component null
2023-08-04 14:20:08,873 [WARN] ModelIntegratedComponent:63 - No mode defined for component null
2023-08-04 14:20:08,873 [WARN] ModelIntegratedComponent:63 - No mode defined for component null
2023-08-04 14:20:08,873 [WARN] ModelIntegratedComponent:63 - No mode defined for component null
2023-08-04 14:20:08,873 [WARN] ModelIntegratedComponent:63 - No mode defined for component null
2023-08-04 14:20:08,873 [WARN] ModelIntegratedComponent:63 - No mode defined for component null
2023-08-04 14:20:08,873 [WARN] ModelIntegratedComponent:63 - No mode defined for component null
2023-08-04 14:20:08,873 [WARN] ModelIntegratedComponent:63 - No mode defined for component null
2023-08-04 14:20:08,873 [WARN] ModelIntegratedComponent:63 - No mode defined for component null
2023-08-04 14:20:08,873 [WARN] ModelIntegratedComponent:63 - No mode defined for component null
2023-08-04 14:20:08,873 [WARN] ModelIntegratedComponent:63 - No mode defined for component null
2023-08-04 14:20:08,873 [WARN] ModelIntegratedComponent:63 - No mode defined for component null
2023-08-04 14:20:08,873 [WARN] ModelIntegratedComponent:63 - No mode defined for component null
2023-08-04 14:20:08,873 [WARN] ModelIntegratedComponent:63 - No mode defined for component null
2023-08-04 14:20:08,873 [WARN] ModelIntegratedComponent:63 - No mode defined for component null
2023-08-04 14:20:08,873 [WARN] ModelIntegratedComponent:63 - No mode defined for component null
2023-08-04 14:20:08,873 [WARN] ModelIntegratedComponent:63 - No mode defined for component null
2023-08-04 14:20:08,873 [WARN] ModelIntegratedComponent:63 - No mode defined for component null
2023-08-04 14:20:08,873 [WARN] ModelIntegratedComponent:63 - No mode defined for component null
2023-08-04 14:20:08,873 [WARN] ModelIntegratedComponent:63 - No mode defined for component null
2023-08-04 14:20:08,873 [WARN] ModelIntegratedComponent:63 - No mode defined for component null
2023-08-04 14:20:08,873 [WARN] ModelIntegratedComponent:63 - No mode defined for component null
2023-08-04 14:20:08,873 [WARN] ModelIntegratedComponent:63 - No mode defined for component null
2023-08-04 14:20:08,874 [WARN] ModelIntegratedComponent:63 - No mode defined for component null
2023-08-04 14:20:08,874 [WARN] ModelIntegratedComponent:63 - No mode defined for component null
2023-08-04 14:20:08,874 [WARN] ModelIntegratedComponent:63 - No mode defined for component null
2023-08-04 14:20:08,874 [WARN] ModelIntegratedComponent:63 - No mode defined for component null
2023-08-04 14:20:08,874 [WARN] ModelIntegratedComponent:63 - No mode defined for component null
2023-08-04 14:20:08,874 [WARN] ModelIntegratedComponent:63 - No mode defined for component null
2023-08-04 14:20:08,886 [INFO] ThirdPartyModel:298 - Start build external matchings
2023-08-04 14:20:09,025 [INFO] ThirdPartyModel:316 - End build external matchings
2023-08-04 14:20:09,033 [INFO] ImportTextPane:194 - (OptionalMessage_ERROR) IP (RCC) : Parameter (RTCHSEDivFreq_Value) has invalid value (12500000)
2023-08-04 14:20:09,232 [INFO] UtilMem:75 - End LoadConfig() Used Memory: 156868232 Bytes (268435456)
2023-08-04 14:20:09,297 [INFO] ApiDb:581 - Connected to CubeFinder SQLite database (C:\Users\Smon\.stmcufinder\plugins\mcufinder\mcu\cube-finder-db.db)
2023-08-04 14:20:09,351 [INFO] ApiDb:668 - CubeFinder database Data Model version=2.1
2023-08-04 14:20:09,351 [INFO] ApiDb:669 - CubeFinder database Configuration version=3.0.37
2023-08-04 14:20:09,351 [INFO] ApiDb:670 - CubeFinder database generation date=2023-06-26 (1687786131)
2023-08-04 14:20:09,351 [INFO] ApiDb:671 - CubeFinder database FW Pack versions=[FP-ATR-ASTRA1_V2.0.0, FP-SNS-FLIGHT1_V5.0.1, FP-SNS-MOTENV1_V4.3.1, STM32Cube_FW_C0_V1.1.0, STM32Cube_FW_F4_V1.27.1, STM32Cube_FW_F7_V1.17.0, STM32Cube_FW_G0_V1.6.1, STM32Cube_FW_G4_V1.5.1, STM32Cube_FW_H5_V0.5.1, STM32Cube_FW_H5_V1.1.0, STM32Cube_FW_H7_V1.11.0, STM32Cube_FW_L0_V1.12.2, STM32Cube_FW_L5_V1.5.0, STM32Cube_FW_U5_V1.3.0, STM32Cube_FW_U5_V1.3.0RC4, STM32Cube_FW_WBA_V1.0.0RC1, STM32Cube_FW_WBA_V1.1.0, STM32Cube_FW_WBA_V1.1.0RC1, STM32Cube_FW_WB_V1.15.0RC1, STM32Cube_FW_WB_V1.16.0, STM32Cube_FW_WB_V1.16.0RC2, STM32Cube_FW_WB_V1.17.0, STM32Cube_FW_WL_V1.3.0, X-CUBE-ALGOBUILD_V1.3.0, X-CUBE-ALS_V1.0.1, X-CUBE-AZRTOS-F4_V1.1.0, X-CUBE-AZRTOS-F7_V1.1.0, X-CUBE-AZRTOS-G0_V1.1.0, X-CUBE-AZRTOS-G4_V2.0.0, X-CUBE-AZRTOS-H7_V3.1.0, X-CUBE-AZRTOS-L4_V1.0.0, X-CUBE-AZRTOS-L4_V2.0.0, X-CUBE-AZRTOS-L5_V1.1.0, X-CUBE-AZRTOS-WB_V1.1.0, X-CUBE-AZRTOS-WL_V2.0.0, X-CUBE-BLE1_V6.2.4, X-CUBE-BLE2_V3.3.0, X-CUBE-BLEMGR_V2.0.0, X-CUBE-EEPRMA1_V4.1.0, X-CUBE-FREERTOS_V1.0.1, X-CUBE-GNSS1_V6.0.0, X-CUBE-MEMS1_V9.1.0, X-CUBE-MEMS1_V9.4.0, X-CUBE-MEMS1_V9.6.0, X-CUBE-NFC4_V3.0.0, X-CUBE-NFC7_V1.0.0, X-CUBE-SFXS2LP1_V4.0.0, X-CUBE-SUBG2_V5.0.0]
2023-08-04 14:20:10,954 [INFO] ApiDb:240 - Found 323 in-development CPN: [B-G473E-ZEST1S, B-WB1M-WPAN1, B-WL5M-SUBG1, NUCLEO-C031C6, NUCLEO-H503RB, NUCLEO-H563ZI, NUCLEO-U545RE-Q, NUCLEO-U5A5ZJ-Q, NUCLEO-WBA52CG, STEVAL-PROTEUS1, STEVAL-SMARTAG2, STEVAL-STWINBX1, STM320518-EVAL, STM32C0116-DK, STM32C011D6Y3TR, STM32C011D6Y6TR, STM32C011F4P3, STM32C011F4P6, STM32C011F4U3, STM32C011F4U6TR, STM32C011F6P3, STM32C011F6P6, STM32C011F6U3, STM32C011F6U6TR, STM32C011J4M3, STM32C011J4M6, STM32C011J6M3, STM32C011J6M6, STM32C0316-DK, STM32C031C4T3, STM32C031C4T6, STM32C031C4U3, STM32C031C4U6, STM32C031C6T3, STM32C031C6T6, STM32C031C6U3, STM32C031C6U6, STM32C031F4P3, STM32C031F4P6, STM32C031F6P3, STM32C031F6P6, STM32C031G4U3, STM32C031G4U6, STM32C031G6U3, STM32C031G6U6, STM32C031K4T3, STM32C031K4T6, STM32C031K4U3, STM32C031K4U6, STM32C031K6T3, STM32C031K6T6, STM32C031K6U3, STM32C031K6U6, STM32G071K8TXN, STM32G071K8UXN, STM32G081GBU6N, STM32G081KBT6N, STM32G081KBUXN, STM32G0B1CCT6N, STM32G0B1KCT6, STM32G0B1NEY6TR, STM32G0B1RCT6N, STM32G0C1CCT6, STM32G0C1CCT6N, STM32G0C1CCU6N, STM32G0C1CET6N, STM32G0C1CEU6N, STM32G0C1KCT6, STM32G0C1NEY6TR, STM32G0C1RCI6N, STM32G0C1RCT6N, STM32G0C1REI6N, STM32G0C1RET6N, STM32G0C1VCI6, STM32G0C1VEI6, STM32G471CCT6, STM32G471CCU6, STM32G471CET3, STM32G471CET6, STM32G471CEU3, STM32G471CEU6, STM32G471MCT6, STM32G471MET3, STM32G471MET6, STM32G471MEY6TR, STM32G471QCT6, STM32G471QET3, STM32G471RCT6, STM32G471RET3, STM32G471RET6, STM32G471VCH6, STM32G471VCI6, STM32G471VCT6, STM32G471VEH3, STM32G471VEH6, STM32G471VEI3, STM32G471VEI6, STM32G471VET3, STM32G471VET6, STM32G474CCT6, STM32H503CBT6, STM32H503CBU6, STM32H503EBY6TR, STM32H503KBU6, STM32H503RBT6, STM32H562AGI6, STM32H562AII6, STM32H562IGK6, STM32H562IGT6, STM32H562IIK6, STM32H562IIT6, STM32H562RGT6, STM32H562RGV6, STM32H562RIT6, STM32H562RIV6, STM32H562VGT6, STM32H562VIT6, STM32H562ZGT6, STM32H562ZIT6, STM32H563AGI6, STM32H563AII3Q, STM32H563AII6, STM32H563IGK6, STM32H563IGT6, STM32H563IIK3Q, STM32H563IIK6, STM32H563IIT3Q, STM32H563IIT6, STM32H563MIY3QTR, STM32H563RGT6, STM32H563RGV6, STM32H563RIT6, STM32H563RIV6, STM32H563VGT6, STM32H563VIT3Q, STM32H563VIT6, STM32H563ZGT6, STM32H563ZIT3Q, STM32H563ZIT6, STM32H573AII3Q, STM32H573AII6, STM32H573I-DK, STM32H573IIK3Q, STM32H573IIK6, STM32H573IIT3Q, STM32H573IIT6, STM32H573MIY3QTR, STM32H573RIT6, STM32H573RIV6, STM32H573VIT3Q, STM32H573VIT6, STM32H573ZIT3Q, STM32H573ZIT6, STM32L4R5QGI6STR, STM32MP131AAE3, STM32MP131AAF3, STM32MP131AAG3, STM32MP131CAE3, STM32MP131CAF3, STM32MP131CAG3, STM32MP131DAE7, STM32MP131DAF7, STM32MP131DAG7, STM32MP131FAE7, STM32MP131FAF7, STM32MP131FAG7, STM32MP133AAE3, STM32MP133AAF3, STM32MP133AAG3, STM32MP133CAE3, STM32MP133CAF3, STM32MP133CAG3, STM32MP133DAE7, STM32MP133DAF7, STM32MP133DAG7, STM32MP133FAE7, STM32MP133FAF7, STM32MP133FAG7, STM32MP135AAE3, STM32MP135AAF3, STM32MP135AAG3, STM32MP135CAE3, STM32MP135CAF3, STM32MP135CAG3, STM32MP135DAE7, STM32MP135DAF7, STM32MP135DAG7, STM32MP135F-DK, STM32MP135FAE7, STM32MP135FAF7, STM32MP135FAF7T, STM32MP135FAF7U, STM32MP135FAG7, STM32U535CBT6, STM32U535CBT6Q, STM32U535CBU6, STM32U535CBU6Q, STM32U535CCT6, STM32U535CCT6Q, STM32U535CCU6, STM32U535CCU6Q, STM32U535CET6, STM32U535CET6Q, STM32U535CEU6, STM32U535CEU6Q, STM32U535JEY6QTR, STM32U535NCY6QTR, STM32U535NEY6QTR, STM32U535RBI6, STM32U535RBI6Q, STM32U535RBT6, STM32U535RBT6Q, STM32U535RCI6, STM32U535RCI6Q, STM32U535RCT6, STM32U535RCT6Q, STM32U535REI6, STM32U535REI6Q, STM32U535RET6, STM32U535RET6Q, STM32U535VCI6, STM32U535VCI6Q, STM32U535VCT6, STM32U535VCT6Q, STM32U535VEI6, STM32U535VEI6Q, STM32U535VET6, STM32U535VET6Q, STM32U545CET6, STM32U545CET6Q, STM32U545CEU6, STM32U545CEU6Q, STM32U545JEY6QTR, STM32U545NEY6QTR, STM32U545REI6, STM32U545REI6Q, STM32U545RET6, STM32U545RET6Q, STM32U545VEI6, STM32U545VEI6Q, STM32U545VET6, STM32U545VET6Q, STM32U595AIH6, STM32U595AIH6Q, STM32U595AJH6, STM32U595AJH6Q, STM32U595QII6, STM32U595QII6Q, STM32U595QJI6, STM32U595QJI6Q, STM32U595RIT6, STM32U595RIT6Q, STM32U595RJT6, STM32U595RJT6Q, STM32U595VIT6, STM32U595VIT6Q, STM32U595VJT6, STM32U595VJT6Q, STM32U595ZIT6, STM32U595ZIT6Q, STM32U595ZIY6QTR, STM32U595ZJT6, STM32U595ZJT6Q, STM32U595ZJY6QTR, STM32U599BJY6QTR, STM32U599NIH6Q, STM32U599NJH6Q, STM32U599VIT6Q, STM32U599VJT6, STM32U599VJT6Q, STM32U599ZIT6Q, STM32U599ZIY6QTR, STM32U599ZJT6Q, STM32U599ZJY6QTR, STM32U5A5AJH6, STM32U5A5AJH6Q, STM32U5A5QJI6, STM32U5A5QJI6Q, STM32U5A5RJT6, STM32U5A5RJT6Q, STM32U5A5VJT6, STM32U5A5VJT6Q, STM32U5A5ZJT6, STM32U5A5ZJT6Q, STM32U5A5ZJY6QTR, STM32U5A9BJY6QTR, STM32U5A9J-DK, STM32U5A9NJH6Q, STM32U5A9VJT6Q, STM32U5A9ZJT6Q, STM32U5A9ZJY6QTR, STM32U5F7VIT6, STM32U5F7VIT6Q, STM32U5F7VJT6, STM32U5F7VJT6Q, STM32U5F9BJY6QTR, STM32U5F9NJH6Q, STM32U5F9VIT6Q, STM32U5F9VJT6Q, STM32U5F9ZIJ6QTR, STM32U5F9ZIT6Q, STM32U5F9ZJJ6QTR, STM32U5F9ZJT6Q, STM32U5G7VJT6, STM32U5G7VJT6Q, STM32U5G9BJY6QTR, STM32U5G9J-DK1, STM32U5G9J-DK2, STM32U5G9NJH6Q, STM32U5G9VJT6Q, STM32U5G9ZJJ6QTR, STM32U5G9ZJT6Q, STM32WB1MMCH6, STM32WBA52CEU6, STM32WBA52CEU6T, STM32WBA52CGU6, STM32WBA52CGU6T, STM32WBA52KEU6, STM32WBA52KEU6T, STM32WBA52KGU6, STM32WBA52KGU6T, STM32WL5MOCH6, STM32WL5MOCH6TR]
2023-08-04 14:20:10,957 [INFO] DbMcus:217 - Found 3848 MCUs, 3848 are supported
2023-08-04 14:20:10,957 [INFO] ApiDb:423 - Load user favorites file C:\Users\Smon/.stm32cubeide/favorites.mcus.txt: 0 item(s)
2023-08-04 14:20:10,957 [INFO] ApiDb:427 - User favorites MCUs=[]
2023-08-04 14:20:10,957 [INFO] DbMcus:223 - Set 0 / 0 favorites MCUs
2023-08-04 14:20:11,225 [WARN] ThirdParty:833 - waiting for thirdparty lock release [change project]
2023-08-04 14:20:11,225 [INFO] ThirdParty:835 - entering critical section [change project]
2023-08-04 14:20:11,225 [INFO] ThirdParty:1030 - CMSIS Pack Vendor :STMicroelectronics X-CUBE-ISPU 1.1.0
2023-08-04 14:20:11,225 [INFO] ThirdParty:1030 - CMSIS Pack Vendor :STMicroelectronics USBPD 4.1
2023-08-04 14:20:11,225 [INFO] ThirdParty:1030 - CMSIS Pack Vendor :STMicroelectronics X-CUBE-GNSS1 6.0.0
2023-08-04 14:20:11,225 [INFO] ThirdParty:1030 - CMSIS Pack Vendor :STMicroelectronics USB_HOST 2.0.0
2023-08-04 14:20:11,225 [INFO] ThirdParty:1030 - CMSIS Pack Vendor :STMicroelectronics X-CUBE-AZRTOS-F4 1.1.0
2023-08-04 14:20:11,225 [INFO] ThirdParty:1030 - CMSIS Pack Vendor :STMicroelectronics LIBJPEG 8.0.0
2023-08-04 14:20:11,225 [INFO] ThirdParty:1030 - CMSIS Pack Vendor :wolfSSL I-CUBE-wolfSSL 5.6.3
2023-08-04 14:20:11,225 [INFO] ThirdParty:1030 - CMSIS Pack Vendor :STMicroelectronics X-CUBE-SMBUS 2.1.0
2023-08-04 14:20:11,226 [INFO] ThirdParty:1030 - CMSIS Pack Vendor :STMicroelectronics USB_DEVICE 3.0.0
2023-08-04 14:20:11,226 [INFO] ThirdParty:1030 - CMSIS Pack Vendor :STMicroelectronics X-CUBE-FREERTOS 1.0.1
2023-08-04 14:20:11,226 [INFO] ThirdParty:1030 - CMSIS Pack Vendor :STMicroelectronics X-CUBE-AZRTOS-F7 1.1.0
2023-08-04 14:20:11,226 [INFO] ThirdParty:1030 - CMSIS Pack Vendor :STMicroelectronics USB_DEVICE 2.0.0
2023-08-04 14:20:11,226 [INFO] ThirdParty:1030 - CMSIS Pack Vendor :STMicroelectronics X-CUBE-MEMS1 9.6.0
2023-08-04 14:20:11,226 [INFO] ThirdParty:1030 - CMSIS Pack Vendor :STMicroelectronics FP-SNS-MOTENV1 4.3.2
2023-08-04 14:20:11,226 [INFO] ThirdParty:1030 - CMSIS Pack Vendor :STMicroelectronics X-CUBE-ALGOBUILD 1.3.0
2023-08-04 14:20:11,226 [INFO] ThirdParty:1030 - CMSIS Pack Vendor :STMicroelectronics X-CUBE-BLE1 6.2.4
2023-08-04 14:20:11,226 [INFO] ThirdParty:1030 - CMSIS Pack Vendor :STMicroelectronics X-CUBE-AZRTOS-L5 1.1.0
2023-08-04 14:20:11,226 [INFO] ThirdParty:1030 - CMSIS Pack Vendor :STMicroelectronics FreeRTOS 0.0.1
2023-08-04 14:20:11,226 [INFO] ThirdParty:1030 - CMSIS Pack Vendor :STMicroelectronics X-CUBE-AZRTOS-G0 1.1.0
2023-08-04 14:20:11,226 [INFO] ThirdParty:1030 - CMSIS Pack Vendor :STMicroelectronics X-CUBE-BLEMGR 2.0.0
2023-08-04 14:20:11,226 [INFO] ThirdParty:1030 - CMSIS Pack Vendor :STMicroelectronics X-CUBE-AI 8.0.1
2023-08-04 14:20:11,226 [INFO] ThirdParty:1030 - CMSIS Pack Vendor :STMicroelectronics X-CUBE-NFC4 3.0.0
2023-08-04 14:20:11,226 [INFO] ThirdParty:1030 - CMSIS Pack Vendor :STMicroelectronics X-CUBE-SUBG2 5.0.0
2023-08-04 14:20:11,226 [INFO] ThirdParty:1030 - CMSIS Pack Vendor :STMicroelectronics STM32_WPAN 1.0.0
2023-08-04 14:20:11,226 [INFO] ThirdParty:1030 - CMSIS Pack Vendor :STMicroelectronics lwIP 2.0.3
2023-08-04 14:20:11,226 [INFO] ThirdParty:1030 - CMSIS Pack Vendor :STMicroelectronics FP-SNS-FLIGHT1 5.0.2
2023-08-04 14:20:11,226 [INFO] ThirdParty:1030 - CMSIS Pack Vendor :STMicroelectronics USB_HOST 1.0.0
2023-08-04 14:20:11,226 [INFO] ThirdParty:1030 - CMSIS Pack Vendor :STMicroelectronics X-CUBE-TOF1 3.3.1
2023-08-04 14:20:11,226 [INFO] ThirdParty:1030 - CMSIS Pack Vendor :STMicroelectronics X-CUBE-AZRTOS-G4 2.0.0
2023-08-04 14:20:11,226 [INFO] ThirdParty:1030 - CMSIS Pack Vendor :STMicroelectronics PDM2PCM 3.1.0
2023-08-04 14:20:11,226 [INFO] ThirdParty:1030 - CMSIS Pack Vendor :STMicroelectronics X-CUBE-AZRTOS-H7 3.1.0
2023-08-04 14:20:11,226 [INFO] ThirdParty:1030 - CMSIS Pack Vendor :STMicroelectronics PDM2PCM 3.3.0
2023-08-04 14:20:11,226 [INFO] ThirdParty:1030 - CMSIS Pack Vendor :STMicroelectronics X-CUBE-DISPLAY 3.0.0
2023-08-04 14:20:11,226 [INFO] ThirdParty:1030 - CMSIS Pack Vendor :STMicroelectronics FP-ATR-SIGFOX1 3.2.0
2023-08-04 14:20:11,226 [INFO] ThirdParty:1030 - CMSIS Pack Vendor :STMicroelectronics HAL Drivers 0.0.0
2023-08-04 14:20:11,226 [INFO] ThirdParty:1030 - CMSIS Pack Vendor :STMicroelectronics MBEDTLS 2.16.2
2023-08-04 14:20:11,226 [INFO] ThirdParty:1030 - CMSIS Pack Vendor :emotas I-CUBE-CANOPEN 1.3.0
2023-08-04 14:20:11,226 [INFO] ThirdParty:1030 - CMSIS Pack Vendor :STMicroelectronics X-CUBE-TOUCHGFX 4.22.0
2023-08-04 14:20:11,227 [INFO] ThirdParty:1030 - CMSIS Pack Vendor :STMicroelectronics X-CUBE-NFC7 1.0.1
2023-08-04 14:20:11,227 [INFO] ThirdParty:1030 - CMSIS Pack Vendor :STMicroelectronics MBEDTLS 2.14.1
2023-08-04 14:20:11,227 [INFO] ThirdParty:1030 - CMSIS Pack Vendor :STMicroelectronics X-CUBE-EEPRMA1 4.1.0
2023-08-04 14:20:11,227 [INFO] ThirdParty:1030 - CMSIS Pack Vendor :portGmbH I-Cube-SoM-uGOAL 1.1.0
2023-08-04 14:20:11,227 [INFO] ThirdParty:1030 - CMSIS Pack Vendor :STMicroelectronics X-CUBE-ALS 1.0.1
2023-08-04 14:20:11,227 [INFO] ThirdParty:1030 - CMSIS Pack Vendor :STMicroelectronics ThreadX 1.0.0
2023-08-04 14:20:11,227 [INFO] ThirdParty:1030 - CMSIS Pack Vendor :STMicroelectronics X-CUBE-AZRTOS-WB 1.1.0
2023-08-04 14:20:11,227 [INFO] ThirdParty:1030 - CMSIS Pack Vendor :STMicroelectronics X-CUBE-AZRTOS-WL 2.0.0
2023-08-04 14:20:11,227 [INFO] ThirdParty:1030 - CMSIS Pack Vendor :SEGGER I-CUBE-embOS 1.3.1
2023-08-04 14:20:11,227 [INFO] ThirdParty:1030 - CMSIS Pack Vendor :STMicroelectronics USB_DEVICE 1.0.0
2023-08-04 14:20:11,227 [INFO] ThirdParty:1030 - CMSIS Pack Vendor :STMicroelectronics X-CUBE-AZRTOS-L4 2.0.0
2023-08-04 14:20:11,227 [INFO] ThirdParty:1030 - CMSIS Pack Vendor :STMicroelectronics ThreadX 0.0.2
2023-08-04 14:20:11,227 [INFO] ThirdParty:1030 - CMSIS Pack Vendor :WES I-CUBE-Cesium 1.3.0
2023-08-04 14:20:11,227 [INFO] ThirdParty:1030 - CMSIS Pack Vendor :STMicroelectronics FP-ATR-ASTRA1 2.0.0
2023-08-04 14:20:11,227 [INFO] ThirdParty:1030 - CMSIS Pack Vendor :STMicroelectronics lwIP 2.1.2
2023-08-04 14:20:11,227 [INFO] ThirdParty:1030 - CMSIS Pack Vendor :STMicroelectronics X-CUBE-SFXS2LP1 4.0.0
2023-08-04 14:20:11,227 [INFO] ThirdParty:1030 - CMSIS Pack Vendor :STMicroelectronics X-CUBE-BLE2 3.3.0
2023-08-04 14:20:11,227 [INFO] ThirdParty:1030 - CMSIS Pack Vendor :STMicroelectronics PDM2PCM 3.2.0
2023-08-04 14:20:11,227 [INFO] ThirdParty:841 - exiting critical section [change project]
2023-08-04 14:20:11,551 [INFO] PinOutPanel:1499 - setPackage(No Configuration,No Configuration)
2023-08-04 14:20:11,564 [INFO] PinOutPanel:1499 - setPackage(STM32F405RGTx,LQFP64)
2023-08-04 14:20:11,808 [INFO] UtilMem:75 - Before build in PCC Used Memory: 150911680 Bytes (268435456)
2023-08-04 14:20:12,365 [INFO] UtilMem:75 - After build in PCC Used Memory: 219405776 Bytes (268435456)
2023-08-04 14:20:12,397 [INFO] IPUIPlugin:80 - create IPUIPlugin
2023-08-04 14:20:12,397 [INFO] IPUIPlugin:80 - create IPUIPlugin
2023-08-04 14:20:12,397 [INFO] IPUIPlugin:80 - create IPUIPlugin
2023-08-04 14:20:12,397 [INFO] IPUIPlugin:80 - create IPUIPlugin
2023-08-04 14:20:12,397 [INFO] IPUIPlugin:80 - create IPUIPlugin
2023-08-04 14:20:12,398 [INFO] IPUIPlugin:80 - create IPUIPlugin
2023-08-04 14:20:12,398 [INFO] IPUIPlugin:80 - create IPUIPlugin
2023-08-04 14:20:12,398 [INFO] IPUIPlugin:80 - create IPUIPlugin
2023-08-04 14:20:12,398 [INFO] IPUIPlugin:80 - create IPUIPlugin
2023-08-04 14:20:12,398 [INFO] IPUIPlugin:80 - create IPUIPlugin
2023-08-04 14:20:12,398 [INFO] IPUIPlugin:80 - create IPUIPlugin
2023-08-04 14:20:12,398 [INFO] IPUIPlugin:80 - create IPUIPlugin
2023-08-04 14:20:12,398 [INFO] IPUIPlugin:80 - create IPUIPlugin
2023-08-04 14:20:12,399 [INFO] IPUIPlugin:80 - create IPUIPlugin
2023-08-04 14:20:12,399 [INFO] IPUIPlugin:80 - create IPUIPlugin
2023-08-04 14:20:12,399 [INFO] IPUIPlugin:80 - create IPUIPlugin
2023-08-04 14:20:12,399 [INFO] IPUIPlugin:80 - create IPUIPlugin
2023-08-04 14:20:12,399 [INFO] IPUIPlugin:80 - create IPUIPlugin
2023-08-04 14:20:12,399 [INFO] IPUIPlugin:80 - create IPUIPlugin
2023-08-04 14:20:12,399 [INFO] IPUIPlugin:80 - create IPUIPlugin
2023-08-04 14:20:12,399 [INFO] IPUIPlugin:80 - create IPUIPlugin
2023-08-04 14:20:12,400 [INFO] IPUIPlugin:80 - create IPUIPlugin
2023-08-04 14:20:12,400 [INFO] IPUIPlugin:80 - create IPUIPlugin
2023-08-04 14:20:12,401 [INFO] IPUIPlugin:80 - create IPUIPlugin
2023-08-04 14:20:12,401 [INFO] IPUIPlugin:80 - create IPUIPlugin
2023-08-04 14:20:12,401 [INFO] IPUIPlugin:80 - create IPUIPlugin
2023-08-04 14:20:12,401 [INFO] IPUIPlugin:80 - create IPUIPlugin
2023-08-04 14:20:12,401 [INFO] IPUIPlugin:80 - create IPUIPlugin
2023-08-04 14:20:12,401 [INFO] IPUIPlugin:80 - create IPUIPlugin
2023-08-04 14:20:12,402 [INFO] IPUIPlugin:80 - create IPUIPlugin
2023-08-04 14:20:12,402 [INFO] IPUIPlugin:80 - create IPUIPlugin
2023-08-04 14:20:12,402 [INFO] IPUIPlugin:80 - create IPUIPlugin
2023-08-04 14:20:12,402 [INFO] IPUIPlugin:80 - create IPUIPlugin
2023-08-04 14:20:12,402 [INFO] IPUIPlugin:80 - create IPUIPlugin
2023-08-04 14:20:12,402 [INFO] IPUIPlugin:80 - create IPUIPlugin
2023-08-04 14:20:12,402 [INFO] IPUIPlugin:80 - create IPUIPlugin
2023-08-04 14:20:12,402 [INFO] IPUIPlugin:80 - create IPUIPlugin
2023-08-04 14:20:12,403 [INFO] IPUIPlugin:80 - create IPUIPlugin
2023-08-04 14:20:12,403 [INFO] IPUIPlugin:80 - create IPUIPlugin
2023-08-04 14:20:12,403 [INFO] IPUIPlugin:80 - create IPUIPlugin
2023-08-04 14:20:12,403 [INFO] IPUIPlugin:80 - create IPUIPlugin
2023-08-04 14:20:12,403 [INFO] IPUIPlugin:80 - create IPUIPlugin
2023-08-04 14:20:12,403 [INFO] IPUIPlugin:80 - create IPUIPlugin
2023-08-04 14:20:12,403 [INFO] IPUIPlugin:80 - create IPUIPlugin
2023-08-04 14:20:12,404 [INFO] IPUIPlugin:80 - create IPUIPlugin
2023-08-04 14:20:12,404 [INFO] IPUIPlugin:80 - create IPUIPlugin
2023-08-04 14:20:12,404 [INFO] IPUIPlugin:80 - create IPUIPlugin
2023-08-04 14:20:12,404 [INFO] IPUIPlugin:80 - create IPUIPlugin
2023-08-04 14:20:12,404 [INFO] IPUIPlugin:80 - create IPUIPlugin
2023-08-04 14:20:12,404 [INFO] IPUIPlugin:80 - create IPUIPlugin
2023-08-04 14:20:12,405 [INFO] IPUIPlugin:80 - create IPUIPlugin
2023-08-04 14:20:12,405 [INFO] IPUIPlugin:80 - create IPUIPlugin
2023-08-04 14:20:12,405 [INFO] IPUIPlugin:80 - create IPUIPlugin
2023-08-04 14:20:12,405 [INFO] IPUIPlugin:80 - create IPUIPlugin
2023-08-04 14:20:12,487 [INFO] ApiDbMcu:507 - Load IP Config File for PDM2PCM
2023-08-04 14:20:12,496 [INFO] Can:71 - Can Add PropertyChangeListener com.st.microxplorer.plugins.ip.can.Can@1626d2ac
2023-08-04 14:20:12,497 [WARN] IP:2114 - SMBusAnalogFilter not found: check if there is a RefParameter without a condition.
2023-08-04 14:20:12,497 [WARN] IP:2114 - SMBusOwnAddress not found: check if there is a RefParameter without a condition.
2023-08-04 14:20:12,626 [INFO] CADModel:165 - CPN selected for project levelSTM32F405RGT6
2023-08-04 14:20:12,627 [INFO] CADModel:114 - Register for checkConnection events
2023-08-04 14:20:12,672 [INFO] OpenFileManager:328 - Restore cursor
2023-08-04 14:20:12,776 [WARN] IP:2114 - SMBusAnalogFilter not found: check if there is a RefParameter without a condition.
2023-08-04 14:20:12,776 [WARN] IP:2114 - SMBusOwnAddress not found: check if there is a RefParameter without a condition.
2023-08-04 14:20:12,776 [WARN] IP:2114 - SMBusAnalogFilter not found: check if there is a RefParameter without a condition.
2023-08-04 14:20:12,776 [WARN] IP:2114 - SMBusOwnAddress not found: check if there is a RefParameter without a condition.
2023-08-04 14:20:14,200 [INFO] LogOutputStream:77 - [STDOUT_REDIRECT] 
2023-08-04 14:20:19,318 [INFO] McuFinderGlobals:63 - Set McuFinder mode to 2 (CubeIDE integrated)
2023-08-04 14:20:19,318 [INFO] UserAuth:179 - activating auth plugin
2023-08-04 14:20:19,321 [INFO] UserAuth:393 - Internet connection configuration mode: 1
2023-08-04 14:20:19,331 [INFO] JxBrowserEngine:151 - Initiate JxBrowser Engine with user profile folder
2023-08-04 14:20:19,864 [INFO] WebApp:157 - Instantiating new browser for Auth
2023-08-04 14:20:20,289 [INFO] WebApp:753 - Register for checkConnection events
2023-08-04 14:20:20,289 [INFO] WebApp:390 - Apply proxy settings
2023-08-04 14:20:20,289 [INFO] WebApp:475 - Chromium requires no authentication
2023-08-04 14:20:20,295 [INFO] WebApp:418 - Direct internet connection detected
2023-08-04 14:20:20,406 [INFO] WebApp:188 - Starting web application
2023-08-04 14:20:20,406 [INFO] WebApp:520 - Web application path used C:\ST\STM32CubeIDE_1.13.1\STM32CubeIDE\plugins\com.st.stm32cube.common.mx_6.9.1.202307191849\db\plugins\mcufinder\reactClient1\index.html
2023-08-04 14:20:22,297 [INFO] McuFinderGlobals:63 - Set McuFinder mode to 2 (CubeIDE integrated)
2023-08-04 14:20:22,297 [INFO] UserAuth:179 - activating auth plugin
2023-08-04 14:20:22,298 [INFO] UserAuth:393 - Internet connection configuration mode: 1
2023-08-04 14:20:41,213 [ERROR] LogOutputStream:75 - [STDERR_REDIRECT] SLF4J: Failed to load class "org.slf4j.impl.StaticLoggerBinder".
2023-08-04 14:20:41,214 [ERROR] LogOutputStream:75 - [STDERR_REDIRECT] SLF4J: Defaulting to no-operation (NOP) logger implementation
2023-08-04 14:20:41,214 [ERROR] LogOutputStream:75 - [STDERR_REDIRECT] SLF4J: See http://www.slf4j.org/codes.html#StaticLoggerBinder for further details.
2023-08-04 14:20:41,902 [INFO] WebApp:588 - userauth.ini deleted or not created
2023-08-04 14:21:12,403 [INFO] MainUpdater:2868 - connection check result : 10
2023-08-04 14:21:12,525 [INFO] ApiDb:668 - CubeFinder database Data Model version=2.1
2023-08-04 14:21:12,525 [INFO] ApiDb:669 - CubeFinder database Configuration version=3.0.37
2023-08-04 14:21:12,525 [INFO] ApiDb:670 - CubeFinder database generation date=2023-06-26 (1687786131)
2023-08-04 14:21:12,525 [INFO] ApiDb:671 - CubeFinder database FW Pack versions=[FP-ATR-ASTRA1_V2.0.0, FP-SNS-FLIGHT1_V5.0.1, FP-SNS-MOTENV1_V4.3.1, STM32Cube_FW_C0_V1.1.0, STM32Cube_FW_F4_V1.27.1, STM32Cube_FW_F7_V1.17.0, STM32Cube_FW_G0_V1.6.1, STM32Cube_FW_G4_V1.5.1, STM32Cube_FW_H5_V0.5.1, STM32Cube_FW_H5_V1.1.0, STM32Cube_FW_H7_V1.11.0, STM32Cube_FW_L0_V1.12.2, STM32Cube_FW_L5_V1.5.0, STM32Cube_FW_U5_V1.3.0, STM32Cube_FW_U5_V1.3.0RC4, STM32Cube_FW_WBA_V1.0.0RC1, STM32Cube_FW_WBA_V1.1.0, STM32Cube_FW_WBA_V1.1.0RC1, STM32Cube_FW_WB_V1.15.0RC1, STM32Cube_FW_WB_V1.16.0, STM32Cube_FW_WB_V1.16.0RC2, STM32Cube_FW_WB_V1.17.0, STM32Cube_FW_WL_V1.3.0, X-CUBE-ALGOBUILD_V1.3.0, X-CUBE-ALS_V1.0.1, X-CUBE-AZRTOS-F4_V1.1.0, X-CUBE-AZRTOS-F7_V1.1.0, X-CUBE-AZRTOS-G0_V1.1.0, X-CUBE-AZRTOS-G4_V2.0.0, X-CUBE-AZRTOS-H7_V3.1.0, X-CUBE-AZRTOS-L4_V1.0.0, X-CUBE-AZRTOS-L4_V2.0.0, X-CUBE-AZRTOS-L5_V1.1.0, X-CUBE-AZRTOS-WB_V1.1.0, X-CUBE-AZRTOS-WL_V2.0.0, X-CUBE-BLE1_V6.2.4, X-CUBE-BLE2_V3.3.0, X-CUBE-BLEMGR_V2.0.0, X-CUBE-EEPRMA1_V4.1.0, X-CUBE-FREERTOS_V1.0.1, X-CUBE-GNSS1_V6.0.0, X-CUBE-MEMS1_V9.1.0, X-CUBE-MEMS1_V9.4.0, X-CUBE-MEMS1_V9.6.0, X-CUBE-NFC4_V3.0.0, X-CUBE-NFC7_V1.0.0, X-CUBE-SFXS2LP1_V4.0.0, X-CUBE-SUBG2_V5.0.0]
2023-08-04 14:21:12,574 [INFO] DbBoardsSqlite:226 - include board P-NUCLEO-WB55-NUCLEO as a kit item of type 'Nucleo-64'
2023-08-04 14:21:12,574 [INFO] DbBoardsSqlite:226 - include board P-NUCLEO-WB55-USBDONGLE as a kit item of type 'Nucleo USB Dongle'
2023-08-04 14:21:12,574 [INFO] DbBoardsSqlite:226 - include board STEVAL-IDP005V1 as a kit item of type 'Evaluation Board'
2023-08-04 14:21:12,574 [INFO] DbBoardsSqlite:226 - include board STEVAL-IDP005V2 as a kit item of type 'Evaluation Board'
2023-08-04 14:21:12,612 [INFO] ApiDb:240 - Found 323 in-development CPN: [B-G473E-ZEST1S, B-WB1M-WPAN1, B-WL5M-SUBG1, NUCLEO-C031C6, NUCLEO-H503RB, NUCLEO-H563ZI, NUCLEO-U545RE-Q, NUCLEO-U5A5ZJ-Q, NUCLEO-WBA52CG, STEVAL-PROTEUS1, STEVAL-SMARTAG2, STEVAL-STWINBX1, STM320518-EVAL, STM32C0116-DK, STM32C011D6Y3TR, STM32C011D6Y6TR, STM32C011F4P3, STM32C011F4P6, STM32C011F4U3, STM32C011F4U6TR, STM32C011F6P3, STM32C011F6P6, STM32C011F6U3, STM32C011F6U6TR, STM32C011J4M3, STM32C011J4M6, STM32C011J6M3, STM32C011J6M6, STM32C0316-DK, STM32C031C4T3, STM32C031C4T6, STM32C031C4U3, STM32C031C4U6, STM32C031C6T3, STM32C031C6T6, STM32C031C6U3, STM32C031C6U6, STM32C031F4P3, STM32C031F4P6, STM32C031F6P3, STM32C031F6P6, STM32C031G4U3, STM32C031G4U6, STM32C031G6U3, STM32C031G6U6, STM32C031K4T3, STM32C031K4T6, STM32C031K4U3, STM32C031K4U6, STM32C031K6T3, STM32C031K6T6, STM32C031K6U3, STM32C031K6U6, STM32G071K8TXN, STM32G071K8UXN, STM32G081GBU6N, STM32G081KBT6N, STM32G081KBUXN, STM32G0B1CCT6N, STM32G0B1KCT6, STM32G0B1NEY6TR, STM32G0B1RCT6N, STM32G0C1CCT6, STM32G0C1CCT6N, STM32G0C1CCU6N, STM32G0C1CET6N, STM32G0C1CEU6N, STM32G0C1KCT6, STM32G0C1NEY6TR, STM32G0C1RCI6N, STM32G0C1RCT6N, STM32G0C1REI6N, STM32G0C1RET6N, STM32G0C1VCI6, STM32G0C1VEI6, STM32G471CCT6, STM32G471CCU6, STM32G471CET3, STM32G471CET6, STM32G471CEU3, STM32G471CEU6, STM32G471MCT6, STM32G471MET3, STM32G471MET6, STM32G471MEY6TR, STM32G471QCT6, STM32G471QET3, STM32G471RCT6, STM32G471RET3, STM32G471RET6, STM32G471VCH6, STM32G471VCI6, STM32G471VCT6, STM32G471VEH3, STM32G471VEH6, STM32G471VEI3, STM32G471VEI6, STM32G471VET3, STM32G471VET6, STM32G474CCT6, STM32H503CBT6, STM32H503CBU6, STM32H503EBY6TR, STM32H503KBU6, STM32H503RBT6, STM32H562AGI6, STM32H562AII6, STM32H562IGK6, STM32H562IGT6, STM32H562IIK6, STM32H562IIT6, STM32H562RGT6, STM32H562RGV6, STM32H562RIT6, STM32H562RIV6, STM32H562VGT6, STM32H562VIT6, STM32H562ZGT6, STM32H562ZIT6, STM32H563AGI6, STM32H563AII3Q, STM32H563AII6, STM32H563IGK6, STM32H563IGT6, STM32H563IIK3Q, STM32H563IIK6, STM32H563IIT3Q, STM32H563IIT6, STM32H563MIY3QTR, STM32H563RGT6, STM32H563RGV6, STM32H563RIT6, STM32H563RIV6, STM32H563VGT6, STM32H563VIT3Q, STM32H563VIT6, STM32H563ZGT6, STM32H563ZIT3Q, STM32H563ZIT6, STM32H573AII3Q, STM32H573AII6, STM32H573I-DK, STM32H573IIK3Q, STM32H573IIK6, STM32H573IIT3Q, STM32H573IIT6, STM32H573MIY3QTR, STM32H573RIT6, STM32H573RIV6, STM32H573VIT3Q, STM32H573VIT6, STM32H573ZIT3Q, STM32H573ZIT6, STM32L4R5QGI6STR, STM32MP131AAE3, STM32MP131AAF3, STM32MP131AAG3, STM32MP131CAE3, STM32MP131CAF3, STM32MP131CAG3, STM32MP131DAE7, STM32MP131DAF7, STM32MP131DAG7, STM32MP131FAE7, STM32MP131FAF7, STM32MP131FAG7, STM32MP133AAE3, STM32MP133AAF3, STM32MP133AAG3, STM32MP133CAE3, STM32MP133CAF3, STM32MP133CAG3, STM32MP133DAE7, STM32MP133DAF7, STM32MP133DAG7, STM32MP133FAE7, STM32MP133FAF7, STM32MP133FAG7, STM32MP135AAE3, STM32MP135AAF3, STM32MP135AAG3, STM32MP135CAE3, STM32MP135CAF3, STM32MP135CAG3, STM32MP135DAE7, STM32MP135DAF7, STM32MP135DAG7, STM32MP135F-DK, STM32MP135FAE7, STM32MP135FAF7, STM32MP135FAF7T, STM32MP135FAF7U, STM32MP135FAG7, STM32U535CBT6, STM32U535CBT6Q, STM32U535CBU6, STM32U535CBU6Q, STM32U535CCT6, STM32U535CCT6Q, STM32U535CCU6, STM32U535CCU6Q, STM32U535CET6, STM32U535CET6Q, STM32U535CEU6, STM32U535CEU6Q, STM32U535JEY6QTR, STM32U535NCY6QTR, STM32U535NEY6QTR, STM32U535RBI6, STM32U535RBI6Q, STM32U535RBT6, STM32U535RBT6Q, STM32U535RCI6, STM32U535RCI6Q, STM32U535RCT6, STM32U535RCT6Q, STM32U535REI6, STM32U535REI6Q, STM32U535RET6, STM32U535RET6Q, STM32U535VCI6, STM32U535VCI6Q, STM32U535VCT6, STM32U535VCT6Q, STM32U535VEI6, STM32U535VEI6Q, STM32U535VET6, STM32U535VET6Q, STM32U545CET6, STM32U545CET6Q, STM32U545CEU6, STM32U545CEU6Q, STM32U545JEY6QTR, STM32U545NEY6QTR, STM32U545REI6, STM32U545REI6Q, STM32U545RET6, STM32U545RET6Q, STM32U545VEI6, STM32U545VEI6Q, STM32U545VET6, STM32U545VET6Q, STM32U595AIH6, STM32U595AIH6Q, STM32U595AJH6, STM32U595AJH6Q, STM32U595QII6, STM32U595QII6Q, STM32U595QJI6, STM32U595QJI6Q, STM32U595RIT6, STM32U595RIT6Q, STM32U595RJT6, STM32U595RJT6Q, STM32U595VIT6, STM32U595VIT6Q, STM32U595VJT6, STM32U595VJT6Q, STM32U595ZIT6, STM32U595ZIT6Q, STM32U595ZIY6QTR, STM32U595ZJT6, STM32U595ZJT6Q, STM32U595ZJY6QTR, STM32U599BJY6QTR, STM32U599NIH6Q, STM32U599NJH6Q, STM32U599VIT6Q, STM32U599VJT6, STM32U599VJT6Q, STM32U599ZIT6Q, STM32U599ZIY6QTR, STM32U599ZJT6Q, STM32U599ZJY6QTR, STM32U5A5AJH6, STM32U5A5AJH6Q, STM32U5A5QJI6, STM32U5A5QJI6Q, STM32U5A5RJT6, STM32U5A5RJT6Q, STM32U5A5VJT6, STM32U5A5VJT6Q, STM32U5A5ZJT6, STM32U5A5ZJT6Q, STM32U5A5ZJY6QTR, STM32U5A9BJY6QTR, STM32U5A9J-DK, STM32U5A9NJH6Q, STM32U5A9VJT6Q, STM32U5A9ZJT6Q, STM32U5A9ZJY6QTR, STM32U5F7VIT6, STM32U5F7VIT6Q, STM32U5F7VJT6, STM32U5F7VJT6Q, STM32U5F9BJY6QTR, STM32U5F9NJH6Q, STM32U5F9VIT6Q, STM32U5F9VJT6Q, STM32U5F9ZIJ6QTR, STM32U5F9ZIT6Q, STM32U5F9ZJJ6QTR, STM32U5F9ZJT6Q, STM32U5G7VJT6, STM32U5G7VJT6Q, STM32U5G9BJY6QTR, STM32U5G9J-DK1, STM32U5G9J-DK2, STM32U5G9NJH6Q, STM32U5G9VJT6Q, STM32U5G9ZJJ6QTR, STM32U5G9ZJT6Q, STM32WB1MMCH6, STM32WBA52CEU6, STM32WBA52CEU6T, STM32WBA52CGU6, STM32WBA52CGU6T, STM32WBA52KEU6, STM32WBA52KEU6T, STM32WBA52KGU6, STM32WBA52KGU6T, STM32WL5MOCH6, STM32WL5MOCH6TR]
2023-08-04 14:21:12,694 [INFO] BoardInfo:880 - No configuration file found for board P-NUCLEO-WB55
2023-08-04 14:21:12,694 [INFO] DbBoards:157 - Kit is not supported: P-NUCLEO-WB55
2023-08-04 14:21:12,697 [INFO] BoardInfo:880 - No configuration file found for board STEVAL-BFA001V1B
2023-08-04 14:21:12,697 [INFO] DbBoards:157 - Kit is not supported: STEVAL-BFA001V1B
2023-08-04 14:21:12,697 [INFO] BoardInfo:880 - No configuration file found for board STEVAL-BFA001V2B
2023-08-04 14:21:12,697 [INFO] DbBoards:157 - Kit is not supported: STEVAL-BFA001V2B
2023-08-04 14:21:12,771 [INFO] DbBoards:161 - Found 190 boards, 187 are supported
2023-08-04 14:21:12,772 [INFO] ApiDb:414 - User favorites file not found: C:\Users\Smon/.stm32cubeide/favorites.boards.txt
2023-08-04 14:21:12,773 [INFO] DbBoards:190 - Set 0 / 0 favorites Boards
2023-08-04 14:21:12,773 [INFO] McuFinderGlobals:76 - Set McuFinderConnectedMode to true
2023-08-04 14:21:12,778 [INFO] MultiScanPanel:200 - Auto-refresh data requested => check proxy status ongoing
2023-08-04 14:21:12,779 [INFO] FinderPluginLoader:95 - Searching for filters in installed packs
2023-08-04 14:21:13,523 [INFO] LoadUrlFilesThread:185 - End of LoadServerUrlFiles without Thread
2023-08-04 14:21:13,539 [INFO] DetailPanel:341 - Set advertising image to C:/Users/Smon/STM32Cube/Repository/\en.prom-stm32h5-mcu-finder.jpg
2023-08-04 14:21:20,771 [INFO] McuFinderGlobals:76 - Set McuFinderConnectedMode to true
2023-08-04 14:21:20,978 [INFO] ApiDb:448 - Save user favorites file C:\Users\Smon/.stm32cubeide/favorites.mcus.txt: 0 item(s)
2023-08-04 14:21:20,978 [INFO] ApiDb:452 - User favorites MCUs=[]
2023-08-04 14:21:42,506 [INFO] MainUpdater:2868 - connection check result : 10
2023-08-04 14:21:42,603 [INFO] McuFinderGlobals:76 - Set McuFinderConnectedMode to true
2023-08-04 14:21:42,604 [INFO] MultiScanPanel:200 - Auto-refresh data requested => check proxy status ongoing
2023-08-04 14:21:42,605 [INFO] FinderPluginLoader:95 - Searching for filters in installed packs
2023-08-04 14:21:43,095 [INFO] LoadUrlFilesThread:185 - End of LoadServerUrlFiles without Thread
2023-08-04 14:21:43,095 [INFO] DetailPanel:341 - Set advertising image to C:/Users/Smon/STM32Cube/Repository/\en.prom-stm32h5-mcu-finder.jpg
2023-08-04 14:22:03,188 [INFO] McuFinderGlobals:76 - Set McuFinderConnectedMode to true
2023-08-04 14:22:03,390 [INFO] ApiDb:448 - Save user favorites file C:\Users\Smon/.stm32cubeide/favorites.mcus.txt: 0 item(s)
2023-08-04 14:22:03,391 [INFO] ApiDb:452 - User favorites MCUs=[]
2023-08-04 14:24:20,607 [INFO] MainUpdater:2868 - connection check result : 10
2023-08-04 14:24:20,690 [INFO] McuFinderGlobals:76 - Set McuFinderConnectedMode to true
2023-08-04 14:24:20,691 [INFO] MultiScanPanel:200 - Auto-refresh data requested => check proxy status ongoing
2023-08-04 14:24:20,692 [INFO] FinderPluginLoader:95 - Searching for filters in installed packs
2023-08-04 14:24:21,044 [INFO] LoadUrlFilesThread:185 - End of LoadServerUrlFiles without Thread
2023-08-04 14:24:21,044 [INFO] DetailPanel:341 - Set advertising image to C:/Users/Smon/STM32Cube/Repository/\en.prom-stm32h5-mcu-finder.jpg
2023-08-04 14:33:14,607 [INFO] MainUpdater:2868 - connection check result : 10
2023-08-04 14:33:14,607 [INFO] MainUpdater:2868 - connection check result : 10
2023-08-04 14:33:14,617 [ERROR] IocParser:57 - IOException caught: C:\Users\Smon\source\CarTelemetryNetwork\source\STM_HexGaugeV3\STM32_HexGauge_V3\STM32_HexGauge_V3.ioc (The system cannot find the path specified)
2023-08-04 14:33:14,622 [ERROR] RegexParser:59 - Issue caught when parsing regex: C:\Users\Smon\source\CarTelemetryNetwork\source\STM_HexGaugeV3\STM32_HexGauge_V3\STM32_HexGauge_V3.ioc (The system cannot find the path specified)
2023-08-04 14:33:14,890 [INFO] MicroXplorer:468 - Change Database Path : 
2023-08-04 14:33:14,890 [INFO] MicroXplorer:498 - Change Database Version : DB.6.0.91
2023-08-04 14:33:14,900 [WARN] ThirdParty:871 - waiting for thirdparty lock release [close project]
2023-08-04 14:33:14,900 [INFO] ThirdParty:873 - entering critical section [close project]
2023-08-04 14:33:14,901 [INFO] ThirdParty:883 - exiting critical section [close project]
2023-08-04 14:33:14,901 [INFO] PinOutPanel:1499 - setPackage(No Configuration,No Configuration)
2023-08-04 14:33:14,914 [WARN] IpParametersView:151 - Warning: This peripheral hasn't parameters
2023-08-04 14:33:14,924 [WARN] MainPanel:272 - <html><b><center>Warning: This peripheral has no parameters to be configured<br></b></html>
2023-08-04 14:33:14,929 [INFO] UtilMem:75 - Begin LoadConfig() Used Memory: 720716944 Bytes (1073741824)
2023-08-04 14:33:14,929 [INFO] MicroXplorer:468 - Change Database Path : 
2023-08-04 14:33:14,929 [INFO] MicroXplorer:498 - Change Database Version : DB.6.0.91
2023-08-04 14:33:14,929 [INFO] OpenFileManager:308 - Change cursor
2023-08-04 14:33:14,933 [INFO] Mcu:1946 - Initializing MCU STM32F405RGTx STM32F405RGTx STM32F405RGT6
2023-08-04 14:33:15,607 [INFO] Context:659 - Trying to add GPIOservice into a context  which must be forbidden
2023-08-04 14:33:15,890 [INFO] ImportTextPane:194 - (OptionalMessage_ERROR) Unable to find key (Mcu.ThirdPartyNb) in loaded IOC file
2023-08-04 14:33:15,890 [INFO] ImportTextPane:194 - (OptionalMessage_ERROR) Unable to find key (Mcu.PinsNb) in loaded IOC file
2023-08-04 14:33:15,890 [INFO] ImportTextPane:194 - (OptionalMessage_ERROR) Unable to find key (Mcu.IPNb) in loaded IOC file
2023-08-04 14:33:15,942 [INFO] RtosManager:555 - Registered RTOS mode: class=CMSIS, group=RTOS, mode=CMSIS_V1, owner=FREERTOS
2023-08-04 14:33:15,942 [INFO] RtosManager:555 - Registered RTOS mode: class=CMSIS, group=RTOS2, mode=CMSIS_V2, owner=FREERTOS
2023-08-04 14:33:15,942 [INFO] RtosManager:555 - Registered RTOS mode: class=RTOS, group=Core, mode=CMSIS_V1, owner=FREERTOS
2023-08-04 14:33:15,942 [INFO] RtosManager:555 - Registered RTOS mode: class=RTOS, group=Core, mode=CMSIS_V2, owner=FREERTOS
2023-08-04 14:33:15,942 [WARN] ModelIntegratedComponent:184 - Missing modes for component STMicroelectronics:FreeRTOS:0.0.1:STMicroelectronics:RTOS:FreeRTOS:Core:::10.2.0:
2023-08-04 14:33:15,947 [WARN] ModelIntegratedComponent:63 - No mode defined for component null
2023-08-04 14:33:15,947 [WARN] ModelIntegratedComponent:63 - No mode defined for component null
2023-08-04 14:33:15,947 [WARN] ModelIntegratedComponent:63 - No mode defined for component null
2023-08-04 14:33:15,947 [WARN] ModelIntegratedComponent:63 - No mode defined for component null
2023-08-04 14:33:15,947 [WARN] ModelIntegratedComponent:63 - No mode defined for component null
2023-08-04 14:33:15,947 [WARN] ModelIntegratedComponent:63 - No mode defined for component null
2023-08-04 14:33:15,947 [WARN] ModelIntegratedComponent:63 - No mode defined for component null
2023-08-04 14:33:15,947 [WARN] ModelIntegratedComponent:63 - No mode defined for component null
2023-08-04 14:33:15,947 [WARN] ModelIntegratedComponent:63 - No mode defined for component null
2023-08-04 14:33:15,947 [WARN] ModelIntegratedComponent:63 - No mode defined for component null
2023-08-04 14:33:15,947 [WARN] ModelIntegratedComponent:63 - No mode defined for component null
2023-08-04 14:33:15,947 [WARN] ModelIntegratedComponent:63 - No mode defined for component null
2023-08-04 14:33:15,947 [WARN] ModelIntegratedComponent:63 - No mode defined for component null
2023-08-04 14:33:15,947 [WARN] ModelIntegratedComponent:63 - No mode defined for component null
2023-08-04 14:33:15,947 [WARN] ModelIntegratedComponent:63 - No mode defined for component null
2023-08-04 14:33:15,947 [WARN] ModelIntegratedComponent:63 - No mode defined for component null
2023-08-04 14:33:15,947 [WARN] ModelIntegratedComponent:63 - No mode defined for component null
2023-08-04 14:33:15,947 [WARN] ModelIntegratedComponent:63 - No mode defined for component null
2023-08-04 14:33:15,947 [WARN] ModelIntegratedComponent:63 - No mode defined for component null
2023-08-04 14:33:15,947 [WARN] ModelIntegratedComponent:63 - No mode defined for component null
2023-08-04 14:33:15,948 [WARN] ModelIntegratedComponent:63 - No mode defined for component null
2023-08-04 14:33:15,948 [WARN] ModelIntegratedComponent:63 - No mode defined for component null
2023-08-04 14:33:15,948 [WARN] ModelIntegratedComponent:63 - No mode defined for component null
2023-08-04 14:33:15,948 [WARN] ModelIntegratedComponent:63 - No mode defined for component null
2023-08-04 14:33:15,948 [WARN] ModelIntegratedComponent:63 - No mode defined for component null
2023-08-04 14:33:15,948 [WARN] ModelIntegratedComponent:63 - No mode defined for component null
2023-08-04 14:33:15,948 [WARN] ModelIntegratedComponent:63 - No mode defined for component null
2023-08-04 14:33:15,948 [WARN] ModelIntegratedComponent:63 - No mode defined for component null
2023-08-04 14:33:15,948 [WARN] ModelIntegratedComponent:63 - No mode defined for component null
2023-08-04 14:33:15,948 [WARN] ModelIntegratedComponent:63 - No mode defined for component null
2023-08-04 14:33:15,948 [WARN] ModelIntegratedComponent:63 - No mode defined for component null
2023-08-04 14:33:15,948 [WARN] ModelIntegratedComponent:63 - No mode defined for component null
2023-08-04 14:33:15,948 [WARN] ModelIntegratedComponent:63 - No mode defined for component null
2023-08-04 14:33:15,953 [INFO] ThirdPartyModel:298 - Start build external matchings
2023-08-04 14:33:16,092 [INFO] ThirdPartyModel:316 - End build external matchings
2023-08-04 14:33:16,266 [INFO] UtilMem:75 - End LoadConfig() Used Memory: 415603464 Bytes (1073741824)
2023-08-04 14:33:16,289 [WARN] ThirdParty:833 - waiting for thirdparty lock release [change project]
2023-08-04 14:33:16,290 [INFO] ThirdParty:835 - entering critical section [change project]
2023-08-04 14:33:16,290 [INFO] ThirdParty:1030 - CMSIS Pack Vendor :STMicroelectronics X-CUBE-ISPU 1.1.0
2023-08-04 14:33:16,290 [INFO] ThirdParty:1030 - CMSIS Pack Vendor :STMicroelectronics USBPD 4.1
2023-08-04 14:33:16,290 [INFO] ThirdParty:1030 - CMSIS Pack Vendor :STMicroelectronics X-CUBE-GNSS1 6.0.0
2023-08-04 14:33:16,290 [INFO] ThirdParty:1030 - CMSIS Pack Vendor :STMicroelectronics USB_HOST 2.0.0
2023-08-04 14:33:16,290 [INFO] ThirdParty:1030 - CMSIS Pack Vendor :STMicroelectronics X-CUBE-AZRTOS-F4 1.1.0
2023-08-04 14:33:16,290 [INFO] ThirdParty:1030 - CMSIS Pack Vendor :STMicroelectronics LIBJPEG 8.0.0
2023-08-04 14:33:16,290 [INFO] ThirdParty:1030 - CMSIS Pack Vendor :wolfSSL I-CUBE-wolfSSL 5.6.3
2023-08-04 14:33:16,290 [INFO] ThirdParty:1030 - CMSIS Pack Vendor :STMicroelectronics X-CUBE-SMBUS 2.1.0
2023-08-04 14:33:16,290 [INFO] ThirdParty:1030 - CMSIS Pack Vendor :STMicroelectronics USB_DEVICE 3.0.0
2023-08-04 14:33:16,290 [INFO] ThirdParty:1030 - CMSIS Pack Vendor :STMicroelectronics X-CUBE-FREERTOS 1.0.1
2023-08-04 14:33:16,290 [INFO] ThirdParty:1030 - CMSIS Pack Vendor :STMicroelectronics X-CUBE-AZRTOS-F7 1.1.0
2023-08-04 14:33:16,290 [INFO] ThirdParty:1030 - CMSIS Pack Vendor :STMicroelectronics USB_DEVICE 2.0.0
2023-08-04 14:33:16,290 [INFO] ThirdParty:1030 - CMSIS Pack Vendor :STMicroelectronics X-CUBE-MEMS1 9.6.0
2023-08-04 14:33:16,290 [INFO] ThirdParty:1030 - CMSIS Pack Vendor :STMicroelectronics FP-SNS-MOTENV1 4.3.2
2023-08-04 14:33:16,290 [INFO] ThirdParty:1030 - CMSIS Pack Vendor :STMicroelectronics X-CUBE-ALGOBUILD 1.3.0
2023-08-04 14:33:16,290 [INFO] ThirdParty:1030 - CMSIS Pack Vendor :STMicroelectronics X-CUBE-BLE1 6.2.4
2023-08-04 14:33:16,290 [INFO] ThirdParty:1030 - CMSIS Pack Vendor :STMicroelectronics X-CUBE-AZRTOS-L5 1.1.0
2023-08-04 14:33:16,290 [INFO] ThirdParty:1030 - CMSIS Pack Vendor :STMicroelectronics FreeRTOS 0.0.1
2023-08-04 14:33:16,290 [INFO] ThirdParty:1030 - CMSIS Pack Vendor :STMicroelectronics X-CUBE-AZRTOS-G0 1.1.0
2023-08-04 14:33:16,290 [INFO] ThirdParty:1030 - CMSIS Pack Vendor :STMicroelectronics X-CUBE-BLEMGR 2.0.0
2023-08-04 14:33:16,290 [INFO] ThirdParty:1030 - CMSIS Pack Vendor :STMicroelectronics X-CUBE-AI 8.0.1
2023-08-04 14:33:16,290 [INFO] ThirdParty:1030 - CMSIS Pack Vendor :STMicroelectronics X-CUBE-NFC4 3.0.0
2023-08-04 14:33:16,290 [INFO] ThirdParty:1030 - CMSIS Pack Vendor :STMicroelectronics X-CUBE-SUBG2 5.0.0
2023-08-04 14:33:16,290 [INFO] ThirdParty:1030 - CMSIS Pack Vendor :STMicroelectronics STM32_WPAN 1.0.0
2023-08-04 14:33:16,290 [INFO] ThirdParty:1030 - CMSIS Pack Vendor :STMicroelectronics lwIP 2.0.3
2023-08-04 14:33:16,290 [INFO] ThirdParty:1030 - CMSIS Pack Vendor :STMicroelectronics FP-SNS-FLIGHT1 5.0.2
2023-08-04 14:33:16,291 [INFO] ThirdParty:1030 - CMSIS Pack Vendor :STMicroelectronics USB_HOST 1.0.0
2023-08-04 14:33:16,291 [INFO] ThirdParty:1030 - CMSIS Pack Vendor :STMicroelectronics X-CUBE-TOF1 3.3.1
2023-08-04 14:33:16,291 [INFO] ThirdParty:1030 - CMSIS Pack Vendor :STMicroelectronics X-CUBE-AZRTOS-G4 2.0.0
2023-08-04 14:33:16,291 [INFO] ThirdParty:1030 - CMSIS Pack Vendor :STMicroelectronics PDM2PCM 3.1.0
2023-08-04 14:33:16,291 [INFO] ThirdParty:1030 - CMSIS Pack Vendor :STMicroelectronics X-CUBE-AZRTOS-H7 3.1.0
2023-08-04 14:33:16,291 [INFO] ThirdParty:1030 - CMSIS Pack Vendor :STMicroelectronics PDM2PCM 3.3.0
2023-08-04 14:33:16,291 [INFO] ThirdParty:1030 - CMSIS Pack Vendor :STMicroelectronics X-CUBE-DISPLAY 3.0.0
2023-08-04 14:33:16,291 [INFO] ThirdParty:1030 - CMSIS Pack Vendor :STMicroelectronics FP-ATR-SIGFOX1 3.2.0
2023-08-04 14:33:16,291 [INFO] ThirdParty:1030 - CMSIS Pack Vendor :STMicroelectronics HAL Drivers 0.0.0
2023-08-04 14:33:16,291 [INFO] ThirdParty:1030 - CMSIS Pack Vendor :STMicroelectronics MBEDTLS 2.16.2
2023-08-04 14:33:16,291 [INFO] ThirdParty:1030 - CMSIS Pack Vendor :emotas I-CUBE-CANOPEN 1.3.0
2023-08-04 14:33:16,291 [INFO] ThirdParty:1030 - CMSIS Pack Vendor :STMicroelectronics X-CUBE-TOUCHGFX 4.22.0
2023-08-04 14:33:16,291 [INFO] ThirdParty:1030 - CMSIS Pack Vendor :STMicroelectronics X-CUBE-NFC7 1.0.1
2023-08-04 14:33:16,291 [INFO] ThirdParty:1030 - CMSIS Pack Vendor :STMicroelectronics MBEDTLS 2.14.1
2023-08-04 14:33:16,291 [INFO] ThirdParty:1030 - CMSIS Pack Vendor :STMicroelectronics X-CUBE-EEPRMA1 4.1.0
2023-08-04 14:33:16,291 [INFO] ThirdParty:1030 - CMSIS Pack Vendor :portGmbH I-Cube-SoM-uGOAL 1.1.0
2023-08-04 14:33:16,291 [INFO] ThirdParty:1030 - CMSIS Pack Vendor :STMicroelectronics X-CUBE-ALS 1.0.1
2023-08-04 14:33:16,291 [INFO] ThirdParty:1030 - CMSIS Pack Vendor :STMicroelectronics ThreadX 1.0.0
2023-08-04 14:33:16,291 [INFO] ThirdParty:1030 - CMSIS Pack Vendor :STMicroelectronics X-CUBE-AZRTOS-WB 1.1.0
2023-08-04 14:33:16,291 [INFO] ThirdParty:1030 - CMSIS Pack Vendor :STMicroelectronics X-CUBE-AZRTOS-WL 2.0.0
2023-08-04 14:33:16,291 [INFO] ThirdParty:1030 - CMSIS Pack Vendor :SEGGER I-CUBE-embOS 1.3.1
2023-08-04 14:33:16,291 [INFO] ThirdParty:1030 - CMSIS Pack Vendor :STMicroelectronics USB_DEVICE 1.0.0
2023-08-04 14:33:16,291 [INFO] ThirdParty:1030 - CMSIS Pack Vendor :STMicroelectronics X-CUBE-AZRTOS-L4 2.0.0
2023-08-04 14:33:16,291 [INFO] ThirdParty:1030 - CMSIS Pack Vendor :STMicroelectronics ThreadX 0.0.2
2023-08-04 14:33:16,291 [INFO] ThirdParty:1030 - CMSIS Pack Vendor :WES I-CUBE-Cesium 1.3.0
2023-08-04 14:33:16,291 [INFO] ThirdParty:1030 - CMSIS Pack Vendor :STMicroelectronics FP-ATR-ASTRA1 2.0.0
2023-08-04 14:33:16,292 [INFO] ThirdParty:1030 - CMSIS Pack Vendor :STMicroelectronics lwIP 2.1.2
2023-08-04 14:33:16,292 [INFO] ThirdParty:1030 - CMSIS Pack Vendor :STMicroelectronics X-CUBE-SFXS2LP1 4.0.0
2023-08-04 14:33:16,292 [INFO] ThirdParty:1030 - CMSIS Pack Vendor :STMicroelectronics X-CUBE-BLE2 3.3.0
2023-08-04 14:33:16,292 [INFO] ThirdParty:1030 - CMSIS Pack Vendor :STMicroelectronics PDM2PCM 3.2.0
2023-08-04 14:33:16,292 [INFO] ThirdParty:841 - exiting critical section [change project]
2023-08-04 14:33:16,399 [INFO] PinOutPanel:1499 - setPackage(No Configuration,No Configuration)
2023-08-04 14:33:16,399 [INFO] PinOutPanel:1499 - setPackage(STM32F405RGTx,LQFP64)
2023-08-04 14:33:16,530 [INFO] UtilMem:75 - Before build in PCC Used Memory: 252443728 Bytes (1073741824)
2023-08-04 14:33:16,682 [INFO] UtilMem:75 - After build in PCC Used Memory: 298581088 Bytes (867172352)
2023-08-04 14:33:16,695 [INFO] IPUIPlugin:80 - create IPUIPlugin
2023-08-04 14:33:16,695 [INFO] IPUIPlugin:80 - create IPUIPlugin
2023-08-04 14:33:16,695 [INFO] IPUIPlugin:80 - create IPUIPlugin
2023-08-04 14:33:16,695 [INFO] IPUIPlugin:80 - create IPUIPlugin
2023-08-04 14:33:16,695 [INFO] IPUIPlugin:80 - create IPUIPlugin
2023-08-04 14:33:16,696 [INFO] IPUIPlugin:80 - create IPUIPlugin
2023-08-04 14:33:16,696 [INFO] IPUIPlugin:80 - create IPUIPlugin
2023-08-04 14:33:16,696 [INFO] IPUIPlugin:80 - create IPUIPlugin
2023-08-04 14:33:16,696 [INFO] IPUIPlugin:80 - create IPUIPlugin
2023-08-04 14:33:16,696 [INFO] IPUIPlugin:80 - create IPUIPlugin
2023-08-04 14:33:16,696 [INFO] IPUIPlugin:80 - create IPUIPlugin
2023-08-04 14:33:16,696 [INFO] IPUIPlugin:80 - create IPUIPlugin
2023-08-04 14:33:16,696 [INFO] IPUIPlugin:80 - create IPUIPlugin
2023-08-04 14:33:16,696 [INFO] IPUIPlugin:80 - create IPUIPlugin
2023-08-04 14:33:16,696 [INFO] IPUIPlugin:80 - create IPUIPlugin
2023-08-04 14:33:16,696 [INFO] IPUIPlugin:80 - create IPUIPlugin
2023-08-04 14:33:16,696 [INFO] IPUIPlugin:80 - create IPUIPlugin
2023-08-04 14:33:16,696 [INFO] IPUIPlugin:80 - create IPUIPlugin
2023-08-04 14:33:16,696 [INFO] IPUIPlugin:80 - create IPUIPlugin
2023-08-04 14:33:16,696 [INFO] IPUIPlugin:80 - create IPUIPlugin
2023-08-04 14:33:16,697 [INFO] IPUIPlugin:80 - create IPUIPlugin
2023-08-04 14:33:16,697 [INFO] IPUIPlugin:80 - create IPUIPlugin
2023-08-04 14:33:16,697 [INFO] IPUIPlugin:80 - create IPUIPlugin
2023-08-04 14:33:16,697 [INFO] IPUIPlugin:80 - create IPUIPlugin
2023-08-04 14:33:16,697 [INFO] IPUIPlugin:80 - create IPUIPlugin
2023-08-04 14:33:16,697 [INFO] IPUIPlugin:80 - create IPUIPlugin
2023-08-04 14:33:16,697 [INFO] IPUIPlugin:80 - create IPUIPlugin
2023-08-04 14:33:16,698 [INFO] IPUIPlugin:80 - create IPUIPlugin
2023-08-04 14:33:16,698 [INFO] IPUIPlugin:80 - create IPUIPlugin
2023-08-04 14:33:16,698 [INFO] IPUIPlugin:80 - create IPUIPlugin
2023-08-04 14:33:16,698 [INFO] IPUIPlugin:80 - create IPUIPlugin
2023-08-04 14:33:16,698 [INFO] IPUIPlugin:80 - create IPUIPlugin
2023-08-04 14:33:16,698 [INFO] IPUIPlugin:80 - create IPUIPlugin
2023-08-04 14:33:16,698 [INFO] IPUIPlugin:80 - create IPUIPlugin
2023-08-04 14:33:16,698 [INFO] IPUIPlugin:80 - create IPUIPlugin
2023-08-04 14:33:16,699 [INFO] IPUIPlugin:80 - create IPUIPlugin
2023-08-04 14:33:16,699 [INFO] IPUIPlugin:80 - create IPUIPlugin
2023-08-04 14:33:16,699 [INFO] IPUIPlugin:80 - create IPUIPlugin
2023-08-04 14:33:16,699 [INFO] IPUIPlugin:80 - create IPUIPlugin
2023-08-04 14:33:16,699 [INFO] IPUIPlugin:80 - create IPUIPlugin
2023-08-04 14:33:16,699 [INFO] IPUIPlugin:80 - create IPUIPlugin
2023-08-04 14:33:16,699 [INFO] IPUIPlugin:80 - create IPUIPlugin
2023-08-04 14:33:16,699 [INFO] IPUIPlugin:80 - create IPUIPlugin
2023-08-04 14:33:16,700 [INFO] IPUIPlugin:80 - create IPUIPlugin
2023-08-04 14:33:16,700 [INFO] IPUIPlugin:80 - create IPUIPlugin
2023-08-04 14:33:16,700 [INFO] IPUIPlugin:80 - create IPUIPlugin
2023-08-04 14:33:16,700 [INFO] IPUIPlugin:80 - create IPUIPlugin
2023-08-04 14:33:16,700 [INFO] IPUIPlugin:80 - create IPUIPlugin
2023-08-04 14:33:16,700 [INFO] IPUIPlugin:80 - create IPUIPlugin
2023-08-04 14:33:16,701 [INFO] IPUIPlugin:80 - create IPUIPlugin
2023-08-04 14:33:16,701 [INFO] IPUIPlugin:80 - create IPUIPlugin
2023-08-04 14:33:16,701 [INFO] IPUIPlugin:80 - create IPUIPlugin
2023-08-04 14:33:16,701 [INFO] IPUIPlugin:80 - create IPUIPlugin
2023-08-04 14:33:16,701 [INFO] IPUIPlugin:80 - create IPUIPlugin
2023-08-04 14:33:16,703 [INFO] ApiDbMcu:507 - Load IP Config File for PDM2PCM
2023-08-04 14:33:16,714 [INFO] CADModel:165 - CPN selected for project levelSTM32F405RGT6
2023-08-04 14:33:16,714 [INFO] CADModel:114 - Register for checkConnection events
2023-08-04 14:33:16,759 [INFO] OpenFileManager:328 - Restore cursor
2023-08-04 14:33:17,007 [INFO] UtilMem:75 - End SaveConfig() Used Memory: 388758608 Bytes (867172352)
2023-08-04 14:33:17,824 [INFO] ServerAccessManage:473 - Download File stm32cube_fw_f4_v1270.zip
2023-08-04 14:34:22,865 [INFO] AnalyticsPlugin:368 - Accepted License(s): [FW.F4.1.27.0]
2023-08-04 14:34:22,866 [INFO] FileExtend:240 - Unzip File : stm32cube_fw_f4_v1270.zip
2023-08-04 14:34:22,866 [INFO] FileExtend:255 - Standard Zip Deflate
2023-08-04 14:34:42,949 [INFO] ServerAccessManage:473 - Download File stm32cube_fw_f4_v1271.zip
2023-08-04 14:34:53,806 [INFO] FileExtend:240 - Unzip File : stm32cube_fw_f4_v1271.zip
2023-08-04 14:34:53,807 [INFO] FileExtend:255 - Standard Zip Deflate
2023-08-04 14:34:54,330 [INFO] LoadServerPackagesThread:196 - End of LoadServerPackages Thread
2023-08-04 14:34:54,456 [INFO] ThirdPartyModel:298 - Start build external matchings
2023-08-04 14:34:54,459 [INFO] UtilMem:75 - End SaveConfig() Used Memory: 182170456 Bytes (829423616)
2023-08-04 14:34:54,641 [INFO] ThirdPartyModel:316 - End build external matchings
2023-08-04 14:34:54,645 [INFO] CheckServerUpdateThread:120 - End of CheckServer Thread
2023-08-04 14:34:54,765 [INFO] BlockDiagram:2759 - set Specific Code input for plugin: RCC
2023-08-04 14:34:54,765 [INFO] BlockDiagram:2759 - set Specific Code input for plugin: NVIC
2023-08-04 14:34:54,766 [INFO] CodeGenerator:799 - code generatio: config db path: C:\ST\STM32CubeIDE_1.13.1\STM32CubeIDE\plugins\com.st.stm32cube.common.mx_6.9.1.202307191849\\db\
2023-08-04 14:34:54,893 [INFO] CodeEngine:255 - oldGeneratedFile, C:\Users\Smon\source\CarTelemetryNetwork\source\STM_HexGaugeV3\STM_HexGauge\MXTmpFiles\license.tmp_save
2023-08-04 14:34:55,138 [INFO] CodeEngine:279 - Generated code: C:\Users\Smon\source\CarTelemetryNetwork\source\STM_HexGaugeV3\STM_HexGauge\MXTmpFiles\license.tmp
2023-08-04 14:34:55,148 [INFO] CodeEngine:255 - oldGeneratedFile, C:\Users\Smon\source\CarTelemetryNetwork\source\STM_HexGaugeV3\STM_HexGauge\Core\Src\stm32f4xx_it.c_save
2023-08-04 14:34:55,254 [INFO] CodeEngine:279 - Generated code: C:\Users\Smon\source\CarTelemetryNetwork\source\STM_HexGaugeV3\STM_HexGauge\Core\Src\stm32f4xx_it.c
2023-08-04 14:34:55,257 [INFO] CodeEngine:255 - oldGeneratedFile, C:\Users\Smon\source\CarTelemetryNetwork\source\STM_HexGaugeV3\STM_HexGauge\Core\Inc\stm32f4xx_it.h_save
2023-08-04 14:34:55,315 [INFO] CodeEngine:279 - Generated code: C:\Users\Smon\source\CarTelemetryNetwork\source\STM_HexGaugeV3\STM_HexGauge\Core\Inc\stm32f4xx_it.h
2023-08-04 14:34:55,359 [INFO] CodeEngine:255 - oldGeneratedFile, C:\Users\Smon\source\CarTelemetryNetwork\source\STM_HexGaugeV3\STM_HexGauge\Core\Src\stm32f4xx_hal_msp.c_save
2023-08-04 14:34:55,464 [INFO] CodeEngine:279 - Generated code: C:\Users\Smon\source\CarTelemetryNetwork\source\STM_HexGaugeV3\STM_HexGauge\Core\Src\stm32f4xx_hal_msp.c
2023-08-04 14:34:55,467 [INFO] CodeEngine:255 - oldGeneratedFile, C:\Users\Smon\source\CarTelemetryNetwork\source\STM_HexGaugeV3\STM_HexGauge\MXTmpFiles\system.tmp_save
2023-08-04 14:34:55,518 [INFO] CodeEngine:279 - Generated code: C:\Users\Smon\source\CarTelemetryNetwork\source\STM_HexGaugeV3\STM_HexGauge\MXTmpFiles\system.tmp
2023-08-04 14:34:55,525 [INFO] CodeEngine:311 - oldGeneratedFile, C:\Users\Smon\source\CarTelemetryNetwork\source\STM_HexGaugeV3\STM_HexGauge\Core\Inc\stm32f4xx_hal_conf.h_save
2023-08-04 14:34:55,583 [INFO] CodeEngine:335 - Generated code: C:\Users\Smon\source\CarTelemetryNetwork\source\STM_HexGaugeV3\STM_HexGauge\Core\Inc\stm32f4xx_hal_conf.h
2023-08-04 14:34:55,616 [INFO] CodeEngine:255 - oldGeneratedFile, C:\Users\Smon\source\CarTelemetryNetwork\source\STM_HexGaugeV3\STM_HexGauge\Core\Inc\main.h_save
2023-08-04 14:34:55,678 [INFO] CodeEngine:279 - Generated code: C:\Users\Smon\source\CarTelemetryNetwork\source\STM_HexGaugeV3\STM_HexGauge\Core\Inc\main.h
2023-08-04 14:34:55,681 [INFO] CodeEngine:255 - oldGeneratedFile, C:\Users\Smon\source\CarTelemetryNetwork\source\STM_HexGaugeV3\STM_HexGauge\Core\Src\main.c_save
2023-08-04 14:34:55,763 [INFO] CodeEngine:279 - Generated code: C:\Users\Smon\source\CarTelemetryNetwork\source\STM_HexGaugeV3\STM_HexGauge\Core\Src\main.c
2023-08-04 14:34:56,094 [INFO] ProjectBuilder:3064 - Time for Copy HAL[1] : 89mS.
2023-08-04 14:34:56,098 [INFO] ProjectBuilder:4404 - Project Generator version: 4.1.0
2023-08-04 14:34:56,217 [INFO] ConfigFileManager:1457 - The Die is : DIE413
2023-08-04 14:34:56,226 [INFO] ApiDbMcu:507 - Load IP Config File for FATFS
2023-08-04 14:34:56,239 [INFO] ApiDbMcu:507 - Load IP Config File for FREERTOS
2023-08-04 14:34:56,241 [INFO] ApiDbMcu:507 - Load IP Config File for LIBJPEG
2023-08-04 14:34:56,247 [INFO] ApiDbMcu:507 - Load IP Config File for MBEDTLS
2023-08-04 14:34:56,253 [INFO] ApiDbMcu:507 - Load IP Config File for USB_DEVICE
2023-08-04 14:34:56,257 [INFO] ApiDbMcu:507 - Load IP Config File for USB_HOST
2023-08-04 14:34:56,739 [INFO] LogOutputStream:77 - [STDOUT_REDIRECT] 
2023-08-04 14:34:58,025 [INFO] ProjectBuilder:4626 - Time for Generating toolchain IDE Files: 1926mS.
2023-08-04 14:34:58,026 [INFO] ProjectBuilder:2935 - Time for Copy CMSIS : 1mS.
2023-08-04 14:34:58,028 [INFO] ProjectBuilder:2935 - Time for Copy CMSIS : 0mS.
2023-08-04 14:34:58,394 [INFO] McuFinderGlobals:76 - Set McuFinderConnectedMode to true
2023-08-04 14:34:58,396 [INFO] ApiDb:448 - Save user favorites file C:\Users\Smon/.stm32cubeide/favorites.mcus.txt: 0 item(s)
2023-08-04 14:34:58,396 [INFO] ApiDb:452 - User favorites MCUs=[]
2023-08-04 14:37:42,778 [INFO] Can:71 - Can Add PropertyChangeListener com.st.microxplorer.plugins.ip.can.Can@44f5fc75
2023-08-04 14:37:47,416 [INFO] Can:71 - Can Add PropertyChangeListener com.st.microxplorer.plugins.ip.can.Can@30adc637
2023-08-04 14:37:57,142 [WARN] IP:2114 - I2C_Coeff_DF not found: check if there is a RefParameter without a condition.
2023-08-04 14:37:57,142 [WARN] IP:2114 - Analog_Filter not found: check if there is a RefParameter without a condition.
2023-08-04 14:37:57,153 [WARN] IP:2114 - I2C_Coeff_DF not found: check if there is a RefParameter without a condition.
2023-08-04 14:37:57,153 [WARN] IP:2114 - Analog_Filter not found: check if there is a RefParameter without a condition.
2023-08-04 14:37:57,153 [WARN] IP:2114 - I2C_Coeff_DF not found: check if there is a RefParameter without a condition.
2023-08-04 14:37:57,153 [WARN] IP:2114 - Analog_Filter not found: check if there is a RefParameter without a condition.
2023-08-04 14:37:57,185 [WARN] IP:2114 - I2C_Coeff_DF not found: check if there is a RefParameter without a condition.
2023-08-04 14:37:57,185 [WARN] IP:2114 - Analog_Filter not found: check if there is a RefParameter without a condition.
2023-08-04 14:37:57,186 [WARN] IP:2114 - I2C_Coeff_DF not found: check if there is a RefParameter without a condition.
2023-08-04 14:37:57,186 [WARN] IP:2114 - Analog_Filter not found: check if there is a RefParameter without a condition.
2023-08-04 14:39:02,486 [WARN] IP:2114 - SMBusAnalogFilter not found: check if there is a RefParameter without a condition.
2023-08-04 14:39:02,486 [WARN] IP:2114 - SMBusOwnAddress not found: check if there is a RefParameter without a condition.
2023-08-04 14:39:02,495 [WARN] IP:2114 - SMBusAnalogFilter not found: check if there is a RefParameter without a condition.
2023-08-04 14:39:02,495 [WARN] IP:2114 - SMBusOwnAddress not found: check if there is a RefParameter without a condition.
2023-08-04 14:39:02,495 [WARN] IP:2114 - SMBusAnalogFilter not found: check if there is a RefParameter without a condition.
2023-08-04 14:39:02,495 [WARN] IP:2114 - SMBusOwnAddress not found: check if there is a RefParameter without a condition.
2023-08-04 14:39:02,515 [WARN] IP:2114 - SMBusAnalogFilter not found: check if there is a RefParameter without a condition.
2023-08-04 14:39:02,515 [WARN] IP:2114 - SMBusOwnAddress not found: check if there is a RefParameter without a condition.
2023-08-04 14:39:02,516 [WARN] IP:2114 - SMBusAnalogFilter not found: check if there is a RefParameter without a condition.
2023-08-04 14:39:02,516 [WARN] IP:2114 - SMBusOwnAddress not found: check if there is a RefParameter without a condition.
2023-08-04 14:41:25,243 [WARN] IP:2114 - SMBusAnalogFilter not found: check if there is a RefParameter without a condition.
2023-08-04 14:41:25,243 [WARN] IP:2114 - SMBusOwnAddress not found: check if there is a RefParameter without a condition.
2023-08-04 14:41:25,243 [WARN] IP:2114 - SMBusAnalogFilter not found: check if there is a RefParameter without a condition.
2023-08-04 14:41:25,243 [WARN] IP:2114 - SMBusOwnAddress not found: check if there is a RefParameter without a condition.
2023-08-04 14:41:25,253 [WARN] IP:2114 - SMBusAnalogFilter not found: check if there is a RefParameter without a condition.
2023-08-04 14:41:25,253 [WARN] IP:2114 - SMBusOwnAddress not found: check if there is a RefParameter without a condition.
2023-08-04 14:41:25,262 [WARN] IP:2114 - SMBusAnalogFilter not found: check if there is a RefParameter without a condition.
2023-08-04 14:41:25,262 [WARN] IP:2114 - SMBusOwnAddress not found: check if there is a RefParameter without a condition.
2023-08-04 14:52:03,480 [WARN] IP:2114 - SMBusAnalogFilter not found: check if there is a RefParameter without a condition.
2023-08-04 14:52:03,480 [WARN] IP:2114 - SMBusOwnAddress not found: check if there is a RefParameter without a condition.
2023-08-04 14:52:03,480 [WARN] IP:2114 - SMBusAnalogFilter not found: check if there is a RefParameter without a condition.
2023-08-04 14:52:03,480 [WARN] IP:2114 - SMBusOwnAddress not found: check if there is a RefParameter without a condition.
2023-08-04 14:52:03,490 [WARN] IP:2114 - SMBusAnalogFilter not found: check if there is a RefParameter without a condition.
2023-08-04 14:52:03,491 [WARN] IP:2114 - SMBusOwnAddress not found: check if there is a RefParameter without a condition.
2023-08-04 14:52:03,500 [WARN] IP:2114 - SMBusAnalogFilter not found: check if there is a RefParameter without a condition.
2023-08-04 14:52:03,501 [WARN] IP:2114 - SMBusOwnAddress not found: check if there is a RefParameter without a condition.
2023-08-04 14:52:47,416 [WARN] IP:2114 - SMBusAnalogFilter not found: check if there is a RefParameter without a condition.
2023-08-04 14:52:47,416 [WARN] IP:2114 - SMBusOwnAddress not found: check if there is a RefParameter without a condition.
2023-08-04 14:52:47,416 [WARN] IP:2114 - SMBusAnalogFilter not found: check if there is a RefParameter without a condition.
2023-08-04 14:52:47,416 [WARN] IP:2114 - SMBusOwnAddress not found: check if there is a RefParameter without a condition.
2023-08-04 14:52:47,426 [WARN] IP:2114 - SMBusAnalogFilter not found: check if there is a RefParameter without a condition.
2023-08-04 14:52:47,427 [WARN] IP:2114 - SMBusOwnAddress not found: check if there is a RefParameter without a condition.
2023-08-04 14:52:47,437 [WARN] IP:2114 - SMBusAnalogFilter not found: check if there is a RefParameter without a condition.
2023-08-04 14:52:47,437 [WARN] IP:2114 - SMBusOwnAddress not found: check if there is a RefParameter without a condition.
2023-08-04 14:55:34,350 [WARN] IP:2114 - SMBusAnalogFilter not found: check if there is a RefParameter without a condition.
2023-08-04 14:55:34,350 [WARN] IP:2114 - SMBusOwnAddress not found: check if there is a RefParameter without a condition.
2023-08-04 14:55:34,350 [WARN] IP:2114 - SMBusAnalogFilter not found: check if there is a RefParameter without a condition.
2023-08-04 14:55:34,350 [WARN] IP:2114 - SMBusOwnAddress not found: check if there is a RefParameter without a condition.
2023-08-04 14:55:34,361 [WARN] IP:2114 - SMBusAnalogFilter not found: check if there is a RefParameter without a condition.
2023-08-04 14:55:34,361 [WARN] IP:2114 - SMBusOwnAddress not found: check if there is a RefParameter without a condition.
2023-08-04 14:55:34,371 [WARN] IP:2114 - SMBusAnalogFilter not found: check if there is a RefParameter without a condition.
2023-08-04 14:55:34,371 [WARN] IP:2114 - SMBusOwnAddress not found: check if there is a RefParameter without a condition.
2023-08-04 15:36:45,710 [INFO] UtilMem:75 - End SaveConfig() Used Memory: 353627328 Bytes (688914432)
